[ 2017-04-21T19:40:28+08:00 ] ::1 /stocktradingsystem/index.php/Home/Index/showTodayDeal
INFO: [ app_init ] --START--
INFO: Run Behavior\BuildLiteBehavior [ RunTime:0.001313s ]
INFO: [ app_init ] --END-- [ RunTime:0.025000s ]
INFO: [ app_begin ] --START--
INFO: Run Behavior\ReadHtmlCacheBehavior [ RunTime:0.007548s ]
INFO: [ app_begin ] --END-- [ RunTime:0.013938s ]
SQL: SHOW COLUMNS FROM `stock_stockholder` [ RunTime:0.0560s ]
SQL: SELECT * FROM `stock_stockholder` WHERE `userid` = 2 LIMIT 1   [ RunTime:0.0014s ]
SQL: SHOW COLUMNS FROM `stock_deal` [ RunTime:0.0143s ]
SQL: SELECT * FROM `stock_deal` INNER JOIN stock_commission on (stock_commission.commissionid = stock_deal.in_commission) or (stock_commission.commissionid = stock_deal.out_commission) INNER JOIN stock_stock  WHERE `stockholderid` = '2' AND `deal_time` >= 1492732800  [ RunTime:0.0019s ]
INFO: [ view_parse ] --START--
INFO: [ template_filter ] --START--
INFO: Run Behavior\ContentReplaceBehavior [ RunTime:0.001337s ]
INFO: [ template_filter ] --END-- [ RunTime:0.004197s ]
INFO: Run Behavior\ParseTemplateBehavior [ RunTime:0.109616s ]
INFO: [ view_parse ] --END-- [ RunTime:0.113009s ]
INFO: [ view_filter ] --START--
INFO: Run Behavior\WriteHtmlCacheBehavior [ RunTime:0.003552s ]
INFO: [ view_filter ] --END-- [ RunTime:0.006334s ]
INFO: [ app_end ] --START--
INFO: Run Behavior\ShowPageTraceBehavior [ RunTime:0.004072s ]
INFO: [ app_end ] --END-- [ RunTime:0.006579s ]

[ 2017-04-21T19:40:41+08:00 ] ::1 /stocktradingsystem/index.php/Home/Index/showHoldInfo
INFO: [ app_init ] --START--
INFO: Run Behavior\BuildLiteBehavior [ RunTime:0.000492s ]
INFO: [ app_init ] --END-- [ RunTime:0.005933s ]
INFO: [ app_begin ] --START--
INFO: Run Behavior\ReadHtmlCacheBehavior [ RunTime:0.003760s ]
INFO: [ app_begin ] --END-- [ RunTime:0.006823s ]
SQL: SHOW COLUMNS FROM `stock_stockholder` [ RunTime:0.0142s ]
SQL: SELECT * FROM `stock_stockholder` WHERE `userid` = 2 LIMIT 1   [ RunTime:0.0015s ]
SQL: SHOW COLUMNS FROM `stock_hold_stock_info` [ RunTime:0.0121s ]
SQL: SELECT * FROM `stock_hold_stock_info` INNER JOIN stock_stock  WHERE `stockholderid` = '2'  [ RunTime:0.0016s ]
INFO: [ view_parse ] --START--
INFO: [ template_filter ] --START--
INFO: Run Behavior\ContentReplaceBehavior [ RunTime:0.001887s ]
INFO: [ template_filter ] --END-- [ RunTime:0.004945s ]
INFO: Run Behavior\ParseTemplateBehavior [ RunTime:0.095067s ]
INFO: [ view_parse ] --END-- [ RunTime:0.097617s ]
INFO: [ view_filter ] --START--
INFO: Run Behavior\WriteHtmlCacheBehavior [ RunTime:0.002728s ]
INFO: [ view_filter ] --END-- [ RunTime:0.006088s ]
INFO: [ app_end ] --START--
INFO: Run Behavior\ShowPageTraceBehavior [ RunTime:0.003419s ]
INFO: [ app_end ] --END-- [ RunTime:0.006065s ]

[ 2017-04-21T19:40:44+08:00 ] ::1 /stocktradingsystem/index.php/Home/Index/showTodayCommission
INFO: [ app_init ] --START--
INFO: Run Behavior\BuildLiteBehavior [ RunTime:0.000483s ]
INFO: [ app_init ] --END-- [ RunTime:0.004947s ]
INFO: [ app_begin ] --START--
INFO: Run Behavior\ReadHtmlCacheBehavior [ RunTime:0.004878s ]
INFO: [ app_begin ] --END-- [ RunTime:0.008114s ]
SQL: SHOW COLUMNS FROM `stock_stockholder` [ RunTime:0.0119s ]
SQL: SELECT * FROM `stock_stockholder` WHERE `userid` = 2 LIMIT 1   [ RunTime:0.0015s ]
SQL: SHOW COLUMNS FROM `stock_commission` [ RunTime:0.0121s ]
SQL: SELECT * FROM `stock_commission` INNER JOIN stock_stock on stock_stock.stockid = stock_commission.stockid  WHERE `stockholderid` = '2' AND `commission_time` >= 1492732800  [ RunTime:0.0017s ]
INFO: [ view_parse ] --START--
INFO: [ template_filter ] --START--
INFO: Run Behavior\ContentReplaceBehavior [ RunTime:0.001182s ]
INFO: [ template_filter ] --END-- [ RunTime:0.003615s ]
INFO: Run Behavior\ParseTemplateBehavior [ RunTime:0.105305s ]
INFO: [ view_parse ] --END-- [ RunTime:0.108143s ]
INFO: [ view_filter ] --START--
INFO: Run Behavior\WriteHtmlCacheBehavior [ RunTime:0.003046s ]
INFO: [ view_filter ] --END-- [ RunTime:0.005507s ]
INFO: [ app_end ] --START--
INFO: Run Behavior\ShowPageTraceBehavior [ RunTime:0.003358s ]
INFO: [ app_end ] --END-- [ RunTime:0.006107s ]

[ 2017-04-21T19:40:47+08:00 ] ::1 /stocktradingsystem/index.php/Home/Index/showTodayDeal
INFO: [ app_init ] --START--
INFO: Run Behavior\BuildLiteBehavior [ RunTime:0.000912s ]
INFO: [ app_init ] --END-- [ RunTime:0.010770s ]
INFO: [ app_begin ] --START--
INFO: Run Behavior\ReadHtmlCacheBehavior [ RunTime:0.005293s ]
INFO: [ app_begin ] --END-- [ RunTime:0.012148s ]
SQL: SHOW COLUMNS FROM `stock_stockholder` [ RunTime:0.0306s ]
SQL: SELECT * FROM `stock_stockholder` WHERE `userid` = 2 LIMIT 1   [ RunTime:0.0016s ]
SQL: SHOW COLUMNS FROM `stock_deal` [ RunTime:0.0152s ]
SQL: SELECT * FROM `stock_deal` INNER JOIN stock_commission on (stock_commission.commissionid = stock_deal.in_commission) or (stock_commission.commissionid = stock_deal.out_commission) INNER JOIN stock_stock  WHERE `stockholderid` = '2' AND `deal_time` >= 1492732800  [ RunTime:0.0023s ]
INFO: [ view_parse ] --START--
INFO: [ template_filter ] --START--
INFO: Run Behavior\ContentReplaceBehavior [ RunTime:0.001251s ]
INFO: [ template_filter ] --END-- [ RunTime:0.003905s ]
INFO: Run Behavior\ParseTemplateBehavior [ RunTime:0.098941s ]
INFO: [ view_parse ] --END-- [ RunTime:0.101672s ]
INFO: [ view_filter ] --START--
INFO: Run Behavior\WriteHtmlCacheBehavior [ RunTime:0.002805s ]
INFO: [ view_filter ] --END-- [ RunTime:0.005486s ]
INFO: [ app_end ] --START--
INFO: Run Behavior\ShowPageTraceBehavior [ RunTime:0.003508s ]
INFO: [ app_end ] --END-- [ RunTime:0.006047s ]

[ 2017-04-21T19:43:31+08:00 ] ::1 /stocktradingsystem/index.php/Home/Index/showTodayDeal
INFO: [ app_init ] --START--
INFO: Run Behavior\BuildLiteBehavior [ RunTime:0.000945s ]
INFO: [ app_init ] --END-- [ RunTime:0.016070s ]
INFO: [ app_begin ] --START--
INFO: Run Behavior\ReadHtmlCacheBehavior [ RunTime:0.006109s ]
INFO: [ app_begin ] --END-- [ RunTime:0.023460s ]
SQL: SHOW COLUMNS FROM `stock_stockholder` [ RunTime:0.0959s ]
SQL: SELECT * FROM `stock_stockholder` WHERE `userid` = 2 LIMIT 1   [ RunTime:0.0015s ]
SQL: SHOW COLUMNS FROM `stock_deal` [ RunTime:0.0339s ]
SQL: SELECT * FROM `stock_deal` INNER JOIN stock_commission on (stock_commission.commissionid = stock_deal.in_commission) or (stock_commission.commissionid = stock_deal.out_commission) INNER JOIN stock_stock  WHERE `stockholderid` = '2' AND `deal_time` >= 1492732800  [ RunTime:0.0023s ]
INFO: [ view_parse ] --START--
INFO: [ template_filter ] --START--
INFO: Run Behavior\ContentReplaceBehavior [ RunTime:0.001381s ]
INFO: [ template_filter ] --END-- [ RunTime:0.004042s ]
INFO: Run Behavior\ParseTemplateBehavior [ RunTime:0.105857s ]
INFO: [ view_parse ] --END-- [ RunTime:0.108483s ]
INFO: [ view_filter ] --START--
INFO: Run Behavior\WriteHtmlCacheBehavior [ RunTime:0.003153s ]
INFO: [ view_filter ] --END-- [ RunTime:0.005808s ]
INFO: [ app_end ] --START--
INFO: Run Behavior\ShowPageTraceBehavior [ RunTime:0.004657s ]
INFO: [ app_end ] --END-- [ RunTime:0.007654s ]

[ 2017-04-21T19:43:35+08:00 ] ::1 /stocktradingsystem/index.php/Home/Index/showDeal
INFO: [ app_init ] --START--
INFO: Run Behavior\BuildLiteBehavior [ RunTime:0.000477s ]
INFO: [ app_init ] --END-- [ RunTime:0.005685s ]
INFO: [ app_begin ] --START--
INFO: Run Behavior\ReadHtmlCacheBehavior [ RunTime:0.007101s ]
INFO: [ app_begin ] --END-- [ RunTime:0.022157s ]
SQL: SHOW COLUMNS FROM `stock_stockholder` [ RunTime:0.1105s ]
SQL: SELECT * FROM `stock_stockholder` WHERE `userid` = 2 LIMIT 1   [ RunTime:0.0018s ]
SQL: SHOW COLUMNS FROM `stock_deal` [ RunTime:0.0173s ]
SQL: SELECT * FROM `stock_deal` INNER JOIN stock_commission on (stock_commission.commissionid = stock_deal.in_commission) or (stock_commission.commissionid = stock_deal.out_commission) INNER JOIN stock_stock  WHERE `stockholderid` = '2'  [ RunTime:0.0027s ]
INFO: [ view_parse ] --START--
INFO: [ template_filter ] --START--
INFO: Run Behavior\ContentReplaceBehavior [ RunTime:0.001428s ]
INFO: [ template_filter ] --END-- [ RunTime:0.006082s ]
INFO: Run Behavior\ParseTemplateBehavior [ RunTime:0.206164s ]
INFO: [ view_parse ] --END-- [ RunTime:0.211195s ]
INFO: [ view_filter ] --START--
INFO: Run Behavior\WriteHtmlCacheBehavior [ RunTime:0.004811s ]
INFO: [ view_filter ] --END-- [ RunTime:0.010511s ]
INFO: [ app_end ] --START--
INFO: Run Behavior\ShowPageTraceBehavior [ RunTime:0.005295s ]
INFO: [ app_end ] --END-- [ RunTime:0.008626s ]

[ 2017-04-21T19:45:17+08:00 ] ::1 /stocktradingsystem/index.php/Home/Index/sellStock
INFO: [ app_init ] --START--
INFO: Run Behavior\BuildLiteBehavior [ RunTime:0.000565s ]
INFO: [ app_init ] --END-- [ RunTime:0.005219s ]
INFO: [ app_begin ] --START--
INFO: Run Behavior\ReadHtmlCacheBehavior [ RunTime:0.004136s ]
INFO: [ app_begin ] --END-- [ RunTime:0.007701s ]
INFO: [ view_parse ] --START--
INFO: [ template_filter ] --START--
INFO: Run Behavior\ContentReplaceBehavior [ RunTime:0.001274s ]
INFO: [ template_filter ] --END-- [ RunTime:0.004381s ]
INFO: Run Behavior\ParseTemplateBehavior [ RunTime:0.069839s ]
INFO: [ view_parse ] --END-- [ RunTime:0.073757s ]
INFO: [ view_filter ] --START--
INFO: Run Behavior\WriteHtmlCacheBehavior [ RunTime:0.002836s ]
INFO: [ view_filter ] --END-- [ RunTime:0.005478s ]
INFO: [ app_end ] --START--
INFO: Run Behavior\ShowPageTraceBehavior [ RunTime:0.003423s ]
INFO: [ app_end ] --END-- [ RunTime:0.006355s ]

[ 2017-04-21T19:45:18+08:00 ] ::1 /stocktradingsystem/index.php/Home/Index/buyStock
INFO: [ app_init ] --START--
INFO: Run Behavior\BuildLiteBehavior [ RunTime:0.003802s ]
INFO: [ app_init ] --END-- [ RunTime:0.014438s ]
INFO: [ app_begin ] --START--
INFO: Run Behavior\ReadHtmlCacheBehavior [ RunTime:0.004631s ]
INFO: [ app_begin ] --END-- [ RunTime:0.010108s ]
INFO: [ view_parse ] --START--
INFO: [ template_filter ] --START--
INFO: Run Behavior\ContentReplaceBehavior [ RunTime:0.003564s ]
INFO: [ template_filter ] --END-- [ RunTime:0.008599s ]
INFO: Run Behavior\ParseTemplateBehavior [ RunTime:0.073935s ]
INFO: [ view_parse ] --END-- [ RunTime:0.077876s ]
INFO: [ view_filter ] --START--
INFO: Run Behavior\WriteHtmlCacheBehavior [ RunTime:0.003849s ]
INFO: [ view_filter ] --END-- [ RunTime:0.007661s ]
INFO: [ app_end ] --START--
INFO: Run Behavior\ShowPageTraceBehavior [ RunTime:0.005218s ]
INFO: [ app_end ] --END-- [ RunTime:0.008614s ]

