[ 2017-04-25T14:16:44+08:00 ] ::1 /stocktradingsystem-3/
INFO: [ app_init ] --START--
INFO: Run Behavior\BuildLiteBehavior [ RunTime:0.000889s ]
INFO: [ app_init ] --END-- [ RunTime:0.047314s ]
INFO: [ app_begin ] --START--
INFO: Run Behavior\ReadHtmlCacheBehavior [ RunTime:0.004306s ]
INFO: [ app_begin ] --END-- [ RunTime:0.007128s ]

[ 2017-04-25T14:16:45+08:00 ] ::1 /stocktradingsystem-3/index.php/Home/Login/login.html
INFO: [ app_init ] --START--
INFO: Run Behavior\BuildLiteBehavior [ RunTime:0.000487s ]
INFO: [ app_init ] --END-- [ RunTime:0.004722s ]
INFO: [ app_begin ] --START--
INFO: Run Behavior\ReadHtmlCacheBehavior [ RunTime:0.003405s ]
INFO: [ app_begin ] --END-- [ RunTime:0.006183s ]
INFO: [ view_parse ] --START--
INFO: [ template_filter ] --START--
INFO: Run Behavior\ContentReplaceBehavior [ RunTime:0.024369s ]
INFO: [ template_filter ] --END-- [ RunTime:0.027155s ]
INFO: Run Behavior\ParseTemplateBehavior [ RunTime:0.104720s ]
INFO: [ view_parse ] --END-- [ RunTime:0.109630s ]
INFO: [ view_filter ] --START--
INFO: Run Behavior\WriteHtmlCacheBehavior [ RunTime:0.031559s ]
INFO: [ view_filter ] --END-- [ RunTime:0.034549s ]
INFO: [ app_end ] --START--
INFO: Run Behavior\ShowPageTraceBehavior [ RunTime:0.005052s ]
INFO: [ app_end ] --END-- [ RunTime:0.007780s ]

[ 2017-04-25T18:44:32+08:00 ] ::1 /stocktradingsystem-3/
INFO: [ app_init ] --START--
INFO: Run Behavior\BuildLiteBehavior [ RunTime:0.000671s ]
INFO: [ app_init ] --END-- [ RunTime:0.013727s ]
INFO: [ app_begin ] --START--
INFO: Run Behavior\ReadHtmlCacheBehavior [ RunTime:0.040950s ]
INFO: [ app_begin ] --END-- [ RunTime:0.050016s ]

[ 2017-04-25T18:44:32+08:00 ] ::1 /stocktradingsystem-3/index.php/Home/Login/login.html
INFO: [ app_init ] --START--
INFO: Run Behavior\BuildLiteBehavior [ RunTime:0.000675s ]
INFO: [ app_init ] --END-- [ RunTime:0.022196s ]
INFO: [ app_begin ] --START--
INFO: Run Behavior\ReadHtmlCacheBehavior [ RunTime:0.018752s ]
INFO: [ app_begin ] --END-- [ RunTime:0.024368s ]
INFO: [ view_parse ] --START--
INFO: [ template_filter ] --START--
INFO: Run Behavior\ContentReplaceBehavior [ RunTime:0.001553s ]
INFO: [ template_filter ] --END-- [ RunTime:0.012447s ]
INFO: Run Behavior\ParseTemplateBehavior [ RunTime:0.136316s ]
INFO: [ view_parse ] --END-- [ RunTime:0.139790s ]
INFO: [ view_filter ] --START--
INFO: Run Behavior\WriteHtmlCacheBehavior [ RunTime:0.035222s ]
INFO: [ view_filter ] --END-- [ RunTime:0.041161s ]
INFO: [ app_end ] --START--
INFO: Run Behavior\ShowPageTraceBehavior [ RunTime:0.009141s ]
INFO: [ app_end ] --END-- [ RunTime:0.012131s ]

[ 2017-04-25T18:44:37+08:00 ] ::1 /stocktradingsystem-3/index.php/Home/Login/check_login
INFO: [ app_init ] --START--
INFO: Run Behavior\BuildLiteBehavior [ RunTime:0.000487s ]
INFO: [ app_init ] --END-- [ RunTime:0.005346s ]
INFO: [ app_begin ] --START--
INFO: Run Behavior\ReadHtmlCacheBehavior [ RunTime:0.003194s ]
INFO: [ app_begin ] --END-- [ RunTime:0.006492s ]
NOTIC: [8] A session had already been started - ignoring session_start() C:\xampp\htdocs\StockTradingSystem-3\Application\Home\Controller\LoginController.class.php 第 11 行.
SQL: SHOW COLUMNS FROM `stock_user` [ RunTime:0.4470s ]
SQL: SELECT * FROM `stock_user` WHERE `username` = 'trainsn' LIMIT 1   [ RunTime:0.0356s ]
INFO: [ view_parse ] --START--
INFO: [ template_filter ] --START--
INFO: Run Behavior\ContentReplaceBehavior [ RunTime:0.001280s ]
INFO: [ template_filter ] --END-- [ RunTime:0.003962s ]
INFO: Run Behavior\ParseTemplateBehavior [ RunTime:0.065655s ]
INFO: [ view_parse ] --END-- [ RunTime:0.070114s ]
INFO: [ view_filter ] --START--
INFO: Run Behavior\WriteHtmlCacheBehavior [ RunTime:0.004206s ]
INFO: [ view_filter ] --END-- [ RunTime:0.007923s ]

[ 2017-04-25T18:44:42+08:00 ] ::1 /stocktradingsystem-3/index.php/Home/Login/check_login
INFO: [ app_init ] --START--
INFO: Run Behavior\BuildLiteBehavior [ RunTime:0.001492s ]
INFO: [ app_init ] --END-- [ RunTime:0.007874s ]
INFO: [ app_begin ] --START--
INFO: Run Behavior\ReadHtmlCacheBehavior [ RunTime:0.005727s ]
INFO: [ app_begin ] --END-- [ RunTime:0.008922s ]
NOTIC: [8] A session had already been started - ignoring session_start() C:\xampp\htdocs\StockTradingSystem-3\Application\Home\Controller\LoginController.class.php 第 11 行.
SQL: SHOW COLUMNS FROM `stock_user` [ RunTime:0.0351s ]
SQL: SELECT * FROM `stock_user` WHERE `username` = 'trainsn' LIMIT 1   [ RunTime:0.0019s ]
INFO: [ view_parse ] --START--
INFO: [ template_filter ] --START--
INFO: Run Behavior\ContentReplaceBehavior [ RunTime:0.001317s ]
INFO: [ template_filter ] --END-- [ RunTime:0.004180s ]
INFO: Run Behavior\ParseTemplateBehavior [ RunTime:0.068302s ]
INFO: [ view_parse ] --END-- [ RunTime:0.071667s ]
INFO: [ view_filter ] --START--
INFO: Run Behavior\WriteHtmlCacheBehavior [ RunTime:0.003383s ]
INFO: [ view_filter ] --END-- [ RunTime:0.007372s ]
INFO: [ app_end ] --START--
INFO: Run Behavior\ShowPageTraceBehavior [ RunTime:0.006205s ]
INFO: [ app_end ] --END-- [ RunTime:0.015234s ]

[ 2017-04-25T18:44:43+08:00 ] ::1 /stocktradingsystem-3/index.php/Home/Index/index.html
INFO: [ app_init ] --START--
INFO: Run Behavior\BuildLiteBehavior [ RunTime:0.001128s ]
INFO: [ app_init ] --END-- [ RunTime:0.007044s ]
INFO: [ app_begin ] --START--
INFO: Run Behavior\ReadHtmlCacheBehavior [ RunTime:0.003482s ]
INFO: [ app_begin ] --END-- [ RunTime:0.006321s ]

[ 2017-04-25T18:44:43+08:00 ] ::1 /stocktradingsystem-3/index.php/Home/Index/buyStock.html
INFO: [ app_init ] --START--
INFO: Run Behavior\BuildLiteBehavior [ RunTime:0.000758s ]
INFO: [ app_init ] --END-- [ RunTime:0.005744s ]
INFO: [ app_begin ] --START--
INFO: Run Behavior\ReadHtmlCacheBehavior [ RunTime:0.005614s ]
INFO: [ app_begin ] --END-- [ RunTime:0.008683s ]
SQL: SHOW COLUMNS FROM `stock_personal_stock_account` [ RunTime:0.0588s ]
SQL: SELECT * FROM `stock_personal_stock_account` WHERE `userid` = 1 LIMIT 1   [ RunTime:0.0450s ]
INFO: [ view_parse ] --START--
INFO: [ template_filter ] --START--
INFO: Run Behavior\ContentReplaceBehavior [ RunTime:0.001842s ]
INFO: [ template_filter ] --END-- [ RunTime:0.005441s ]
INFO: Run Behavior\ParseTemplateBehavior [ RunTime:0.225985s ]
INFO: [ view_parse ] --END-- [ RunTime:0.229740s ]
INFO: [ view_filter ] --START--
INFO: Run Behavior\WriteHtmlCacheBehavior [ RunTime:0.003574s ]
INFO: [ view_filter ] --END-- [ RunTime:0.009031s ]
INFO: [ app_end ] --START--
INFO: Run Behavior\ShowPageTraceBehavior [ RunTime:0.003473s ]
INFO: [ app_end ] --END-- [ RunTime:0.008011s ]

[ 2017-04-25T18:47:38+08:00 ] ::1 /stocktradingsystem-3/index.php/Home/Index/sellStock
INFO: [ app_init ] --START--
INFO: Run Behavior\BuildLiteBehavior [ RunTime:0.000522s ]
INFO: [ app_init ] --END-- [ RunTime:0.007493s ]
INFO: [ app_begin ] --START--
INFO: Run Behavior\ReadHtmlCacheBehavior [ RunTime:0.004334s ]
INFO: [ app_begin ] --END-- [ RunTime:0.007907s ]
SQL: SHOW COLUMNS FROM `stock_personal_stock_account` [ RunTime:0.0163s ]
SQL: SELECT * FROM `stock_personal_stock_account` WHERE `userid` = 1 LIMIT 1   [ RunTime:0.0026s ]
INFO: [ view_parse ] --START--
INFO: [ template_filter ] --START--
INFO: Run Behavior\ContentReplaceBehavior [ RunTime:0.002437s ]
INFO: [ template_filter ] --END-- [ RunTime:0.009614s ]
INFO: Run Behavior\ParseTemplateBehavior [ RunTime:0.113589s ]
INFO: [ view_parse ] --END-- [ RunTime:0.118225s ]
INFO: [ view_filter ] --START--
INFO: Run Behavior\WriteHtmlCacheBehavior [ RunTime:0.006325s ]
INFO: [ view_filter ] --END-- [ RunTime:0.011746s ]
INFO: [ app_end ] --START--
INFO: Run Behavior\ShowPageTraceBehavior [ RunTime:0.005619s ]
INFO: [ app_end ] --END-- [ RunTime:0.009259s ]

[ 2017-04-25T18:47:40+08:00 ] ::1 /stocktradingsystem-3/index.php/Home/Index/buyStock
INFO: [ app_init ] --START--
INFO: Run Behavior\BuildLiteBehavior [ RunTime:0.000665s ]
INFO: [ app_init ] --END-- [ RunTime:0.006041s ]
INFO: [ app_begin ] --START--
INFO: Run Behavior\ReadHtmlCacheBehavior [ RunTime:0.006114s ]
INFO: [ app_begin ] --END-- [ RunTime:0.009677s ]
SQL: SHOW COLUMNS FROM `stock_personal_stock_account` [ RunTime:0.0137s ]
SQL: SELECT * FROM `stock_personal_stock_account` WHERE `userid` = 1 LIMIT 1   [ RunTime:0.0016s ]
INFO: [ view_parse ] --START--
INFO: [ template_filter ] --START--
INFO: Run Behavior\ContentReplaceBehavior [ RunTime:0.001900s ]
INFO: [ template_filter ] --END-- [ RunTime:0.005918s ]
INFO: Run Behavior\ParseTemplateBehavior [ RunTime:0.073310s ]
INFO: [ view_parse ] --END-- [ RunTime:0.076734s ]
INFO: [ view_filter ] --START--
INFO: Run Behavior\WriteHtmlCacheBehavior [ RunTime:0.002885s ]
INFO: [ view_filter ] --END-- [ RunTime:0.005827s ]
INFO: [ app_end ] --START--
INFO: Run Behavior\ShowPageTraceBehavior [ RunTime:0.004996s ]
INFO: [ app_end ] --END-- [ RunTime:0.008624s ]

[ 2017-04-25T18:47:42+08:00 ] ::1 /stocktradingsystem-3/index.php/Home/Index/sellStock
INFO: [ app_init ] --START--
INFO: Run Behavior\BuildLiteBehavior [ RunTime:0.001048s ]
INFO: [ app_init ] --END-- [ RunTime:0.007964s ]
INFO: [ app_begin ] --START--
INFO: Run Behavior\ReadHtmlCacheBehavior [ RunTime:0.003632s ]
INFO: [ app_begin ] --END-- [ RunTime:0.007311s ]
SQL: SHOW COLUMNS FROM `stock_personal_stock_account` [ RunTime:0.0251s ]
SQL: SELECT * FROM `stock_personal_stock_account` WHERE `userid` = 1 LIMIT 1   [ RunTime:0.0023s ]
INFO: [ view_parse ] --START--
INFO: [ template_filter ] --START--
INFO: Run Behavior\ContentReplaceBehavior [ RunTime:0.001542s ]
INFO: [ template_filter ] --END-- [ RunTime:0.006555s ]
INFO: Run Behavior\ParseTemplateBehavior [ RunTime:0.070897s ]
INFO: [ view_parse ] --END-- [ RunTime:0.073740s ]
INFO: [ view_filter ] --START--
INFO: Run Behavior\WriteHtmlCacheBehavior [ RunTime:0.002753s ]
INFO: [ view_filter ] --END-- [ RunTime:0.005573s ]
INFO: [ app_end ] --START--
INFO: Run Behavior\ShowPageTraceBehavior [ RunTime:0.004031s ]
INFO: [ app_end ] --END-- [ RunTime:0.007235s ]

[ 2017-04-25T18:47:43+08:00 ] ::1 /stocktradingsystem-3/index.php/Home/Index/buyStock
INFO: [ app_init ] --START--
INFO: Run Behavior\BuildLiteBehavior [ RunTime:0.000486s ]
INFO: [ app_init ] --END-- [ RunTime:0.006647s ]
INFO: [ app_begin ] --START--
INFO: Run Behavior\ReadHtmlCacheBehavior [ RunTime:0.003453s ]
INFO: [ app_begin ] --END-- [ RunTime:0.006052s ]
SQL: SHOW COLUMNS FROM `stock_personal_stock_account` [ RunTime:0.0174s ]
SQL: SELECT * FROM `stock_personal_stock_account` WHERE `userid` = 1 LIMIT 1   [ RunTime:0.0015s ]
INFO: [ view_parse ] --START--
INFO: [ template_filter ] --START--
INFO: Run Behavior\ContentReplaceBehavior [ RunTime:0.001409s ]
INFO: [ template_filter ] --END-- [ RunTime:0.004276s ]
INFO: Run Behavior\ParseTemplateBehavior [ RunTime:0.062398s ]
INFO: [ view_parse ] --END-- [ RunTime:0.065797s ]
INFO: [ view_filter ] --START--
INFO: Run Behavior\WriteHtmlCacheBehavior [ RunTime:0.003008s ]
INFO: [ view_filter ] --END-- [ RunTime:0.005919s ]
INFO: [ app_end ] --START--
INFO: Run Behavior\ShowPageTraceBehavior [ RunTime:0.003796s ]
INFO: [ app_end ] --END-- [ RunTime:0.007379s ]

[ 2017-04-25T18:47:45+08:00 ] ::1 /stocktradingsystem-3/index.php/Home/Index/buyStock
INFO: [ app_init ] --START--
INFO: Run Behavior\BuildLiteBehavior [ RunTime:0.000896s ]
INFO: [ app_init ] --END-- [ RunTime:0.015742s ]
INFO: [ app_begin ] --START--
INFO: Run Behavior\ReadHtmlCacheBehavior [ RunTime:0.009797s ]
INFO: [ app_begin ] --END-- [ RunTime:0.014578s ]
SQL: SHOW COLUMNS FROM `stock_personal_stock_account` [ RunTime:0.0263s ]
SQL: SELECT * FROM `stock_personal_stock_account` WHERE `userid` = 1 LIMIT 1   [ RunTime:0.0022s ]
INFO: [ view_parse ] --START--
INFO: [ template_filter ] --START--
INFO: Run Behavior\ContentReplaceBehavior [ RunTime:0.001470s ]
INFO: [ template_filter ] --END-- [ RunTime:0.005835s ]
INFO: Run Behavior\ParseTemplateBehavior [ RunTime:0.076400s ]
INFO: [ view_parse ] --END-- [ RunTime:0.080274s ]
INFO: [ view_filter ] --START--
INFO: Run Behavior\WriteHtmlCacheBehavior [ RunTime:0.005453s ]
INFO: [ view_filter ] --END-- [ RunTime:0.008892s ]
INFO: [ app_end ] --START--
INFO: Run Behavior\ShowPageTraceBehavior [ RunTime:0.008789s ]
INFO: [ app_end ] --END-- [ RunTime:0.016404s ]

[ 2017-04-25T18:47:49+08:00 ] ::1 /stocktradingsystem-3/index.php/Home/Index/sellStock
INFO: [ app_init ] --START--
INFO: Run Behavior\BuildLiteBehavior [ RunTime:0.000483s ]
INFO: [ app_init ] --END-- [ RunTime:0.004993s ]
INFO: [ app_begin ] --START--
INFO: Run Behavior\ReadHtmlCacheBehavior [ RunTime:0.004914s ]
INFO: [ app_begin ] --END-- [ RunTime:0.007873s ]
SQL: SHOW COLUMNS FROM `stock_personal_stock_account` [ RunTime:0.1330s ]
SQL: SELECT * FROM `stock_personal_stock_account` WHERE `userid` = 1 LIMIT 1   [ RunTime:0.0018s ]
INFO: [ view_parse ] --START--
INFO: [ template_filter ] --START--
INFO: Run Behavior\ContentReplaceBehavior [ RunTime:0.002253s ]
INFO: [ template_filter ] --END-- [ RunTime:0.006873s ]
INFO: Run Behavior\ParseTemplateBehavior [ RunTime:0.069354s ]
INFO: [ view_parse ] --END-- [ RunTime:0.073046s ]
INFO: [ view_filter ] --START--
INFO: Run Behavior\WriteHtmlCacheBehavior [ RunTime:0.005323s ]
INFO: [ view_filter ] --END-- [ RunTime:0.010153s ]
INFO: [ app_end ] --START--
INFO: Run Behavior\ShowPageTraceBehavior [ RunTime:0.006746s ]
INFO: [ app_end ] --END-- [ RunTime:0.009546s ]

[ 2017-04-25T18:47:51+08:00 ] ::1 /stocktradingsystem-3/index.php/Home/Index/buyStock
INFO: [ app_init ] --START--
INFO: Run Behavior\BuildLiteBehavior [ RunTime:0.000613s ]
INFO: [ app_init ] --END-- [ RunTime:0.004824s ]
INFO: [ app_begin ] --START--
INFO: Run Behavior\ReadHtmlCacheBehavior [ RunTime:0.003589s ]
INFO: [ app_begin ] --END-- [ RunTime:0.008186s ]
SQL: SHOW COLUMNS FROM `stock_personal_stock_account` [ RunTime:0.0977s ]
SQL: SELECT * FROM `stock_personal_stock_account` WHERE `userid` = 1 LIMIT 1   [ RunTime:0.0015s ]
INFO: [ view_parse ] --START--
INFO: [ template_filter ] --START--
INFO: Run Behavior\ContentReplaceBehavior [ RunTime:0.001841s ]
INFO: [ template_filter ] --END-- [ RunTime:0.006650s ]
INFO: Run Behavior\ParseTemplateBehavior [ RunTime:0.065101s ]
INFO: [ view_parse ] --END-- [ RunTime:0.067736s ]
INFO: [ view_filter ] --START--
INFO: Run Behavior\WriteHtmlCacheBehavior [ RunTime:0.002826s ]
INFO: [ view_filter ] --END-- [ RunTime:0.007810s ]
INFO: [ app_end ] --START--
INFO: Run Behavior\ShowPageTraceBehavior [ RunTime:0.004005s ]
INFO: [ app_end ] --END-- [ RunTime:0.008017s ]

[ 2017-04-25T18:47:52+08:00 ] ::1 /stocktradingsystem-3/index.php/Home/Index/sellStock
INFO: [ app_init ] --START--
INFO: Run Behavior\BuildLiteBehavior [ RunTime:0.000515s ]
INFO: [ app_init ] --END-- [ RunTime:0.004965s ]
INFO: [ app_begin ] --START--
INFO: Run Behavior\ReadHtmlCacheBehavior [ RunTime:0.005418s ]
INFO: [ app_begin ] --END-- [ RunTime:0.011663s ]
SQL: SHOW COLUMNS FROM `stock_personal_stock_account` [ RunTime:0.0188s ]
SQL: SELECT * FROM `stock_personal_stock_account` WHERE `userid` = 1 LIMIT 1   [ RunTime:0.0018s ]
INFO: [ view_parse ] --START--
INFO: [ template_filter ] --START--
INFO: Run Behavior\ContentReplaceBehavior [ RunTime:0.002157s ]
INFO: [ template_filter ] --END-- [ RunTime:0.006487s ]
INFO: Run Behavior\ParseTemplateBehavior [ RunTime:0.062065s ]
INFO: [ view_parse ] --END-- [ RunTime:0.064672s ]
INFO: [ view_filter ] --START--
INFO: Run Behavior\WriteHtmlCacheBehavior [ RunTime:0.003302s ]
INFO: [ view_filter ] --END-- [ RunTime:0.006309s ]
INFO: [ app_end ] --START--
INFO: Run Behavior\ShowPageTraceBehavior [ RunTime:0.003527s ]
INFO: [ app_end ] --END-- [ RunTime:0.006129s ]

[ 2017-04-25T18:47:53+08:00 ] ::1 /stocktradingsystem-3/index.php/Home/Index/revoke
INFO: [ app_init ] --START--
INFO: Run Behavior\BuildLiteBehavior [ RunTime:0.000481s ]
INFO: [ app_init ] --END-- [ RunTime:0.004983s ]
INFO: [ app_begin ] --START--
INFO: Run Behavior\ReadHtmlCacheBehavior [ RunTime:0.006697s ]
INFO: [ app_begin ] --END-- [ RunTime:0.011399s ]
SQL: SHOW COLUMNS FROM `stock_stockholder` [ RunTime:0.1010s ]
SQL: SELECT * FROM `stock_stockholder` WHERE `userid` = 1 LIMIT 1   [ RunTime:0.0021s ]
SQL: SHOW COLUMNS FROM `stock_commission` [ RunTime:0.0299s ]
SQL: SELECT * FROM `stock_commission` INNER JOIN stock_stock on stock_stock.stockid = stock_commission.stockid  WHERE `stockholderid` = '1' AND `state` = '2'  [ RunTime:0.0833s ]
INFO: [ view_parse ] --START--
INFO: [ template_filter ] --START--
INFO: Run Behavior\ContentReplaceBehavior [ RunTime:0.003765s ]
INFO: [ template_filter ] --END-- [ RunTime:0.006776s ]
INFO: Run Behavior\ParseTemplateBehavior [ RunTime:0.134826s ]
INFO: [ view_parse ] --END-- [ RunTime:0.140334s ]
INFO: [ view_filter ] --START--
INFO: Run Behavior\WriteHtmlCacheBehavior [ RunTime:0.003018s ]
INFO: [ view_filter ] --END-- [ RunTime:0.006701s ]
INFO: [ app_end ] --START--
INFO: Run Behavior\ShowPageTraceBehavior [ RunTime:0.005889s ]
INFO: [ app_end ] --END-- [ RunTime:0.008759s ]

[ 2017-04-25T18:47:59+08:00 ] ::1 /stocktradingsystem-3/index.php/Home/Index/showHoldInfo
INFO: [ app_init ] --START--
INFO: Run Behavior\BuildLiteBehavior [ RunTime:0.000499s ]
INFO: [ app_init ] --END-- [ RunTime:0.004854s ]
INFO: [ app_begin ] --START--
INFO: Run Behavior\ReadHtmlCacheBehavior [ RunTime:0.003381s ]
INFO: [ app_begin ] --END-- [ RunTime:0.006027s ]
SQL: SHOW COLUMNS FROM `stock_stockholder` [ RunTime:0.0140s ]
SQL: SELECT * FROM `stock_stockholder` WHERE `userid` = 1 LIMIT 1   [ RunTime:0.0018s ]
SQL: SHOW COLUMNS FROM `stock_hold_stock_info` [ RunTime:0.0571s ]
SQL: SELECT * FROM `stock_hold_stock_info` INNER JOIN stock_stock  WHERE `stockholderid` = '1'  [ RunTime:0.0363s ]
INFO: [ view_parse ] --START--
INFO: [ template_filter ] --START--
INFO: Run Behavior\ContentReplaceBehavior [ RunTime:0.002046s ]
INFO: [ template_filter ] --END-- [ RunTime:0.006485s ]
INFO: Run Behavior\ParseTemplateBehavior [ RunTime:0.178689s ]
INFO: [ view_parse ] --END-- [ RunTime:0.181783s ]
INFO: [ view_filter ] --START--
INFO: Run Behavior\WriteHtmlCacheBehavior [ RunTime:0.005033s ]
INFO: [ view_filter ] --END-- [ RunTime:0.008363s ]
INFO: [ app_end ] --START--
INFO: Run Behavior\ShowPageTraceBehavior [ RunTime:0.003929s ]
INFO: [ app_end ] --END-- [ RunTime:0.009462s ]

[ 2017-04-25T18:48:02+08:00 ] ::1 /stocktradingsystem-3/index.php/Home/Index/showPersonalAccount
INFO: [ app_init ] --START--
INFO: Run Behavior\BuildLiteBehavior [ RunTime:0.000583s ]
INFO: [ app_init ] --END-- [ RunTime:0.005324s ]
INFO: [ app_begin ] --START--
INFO: Run Behavior\ReadHtmlCacheBehavior [ RunTime:0.008391s ]
INFO: [ app_begin ] --END-- [ RunTime:0.013923s ]
SQL: SHOW COLUMNS FROM `stock_personal_stock_account` [ RunTime:0.0416s ]
SQL: SELECT * FROM `stock_personal_stock_account` WHERE `userid` = 1 LIMIT 1   [ RunTime:0.0017s ]
INFO: [ view_parse ] --START--
INFO: [ template_filter ] --START--
INFO: Run Behavior\ContentReplaceBehavior [ RunTime:0.001640s ]
INFO: [ template_filter ] --END-- [ RunTime:0.004698s ]
INFO: Run Behavior\ParseTemplateBehavior [ RunTime:0.109323s ]
INFO: [ view_parse ] --END-- [ RunTime:0.112769s ]
INFO: [ view_filter ] --START--
INFO: Run Behavior\WriteHtmlCacheBehavior [ RunTime:0.004126s ]
INFO: [ view_filter ] --END-- [ RunTime:0.008230s ]
INFO: [ app_end ] --START--
INFO: Run Behavior\ShowPageTraceBehavior [ RunTime:0.003492s ]
INFO: [ app_end ] --END-- [ RunTime:0.007162s ]

[ 2017-04-25T18:48:04+08:00 ] ::1 /stocktradingsystem-3/index.php/Home/Index/showTodayCommission
INFO: [ app_init ] --START--
INFO: Run Behavior\BuildLiteBehavior [ RunTime:0.000485s ]
INFO: [ app_init ] --END-- [ RunTime:0.005084s ]
INFO: [ app_begin ] --START--
INFO: Run Behavior\ReadHtmlCacheBehavior [ RunTime:0.003382s ]
INFO: [ app_begin ] --END-- [ RunTime:0.005980s ]
SQL: SHOW COLUMNS FROM `stock_stockholder` [ RunTime:0.0143s ]
SQL: SELECT * FROM `stock_stockholder` WHERE `userid` = 1 LIMIT 1   [ RunTime:0.0016s ]
SQL: SHOW COLUMNS FROM `stock_commission` [ RunTime:0.0137s ]
SQL: SELECT * FROM `stock_commission` INNER JOIN stock_stock on stock_stock.stockid = stock_commission.stockid  WHERE `stockholderid` = '1' AND `commission_time` >= 1493078400  [ RunTime:0.0018s ]
INFO: [ view_parse ] --START--
INFO: [ template_filter ] --START--
INFO: Run Behavior\ContentReplaceBehavior [ RunTime:0.002357s ]
INFO: [ template_filter ] --END-- [ RunTime:0.005750s ]
INFO: Run Behavior\ParseTemplateBehavior [ RunTime:0.122740s ]
INFO: [ view_parse ] --END-- [ RunTime:0.126170s ]
INFO: [ view_filter ] --START--
INFO: Run Behavior\WriteHtmlCacheBehavior [ RunTime:0.006941s ]
INFO: [ view_filter ] --END-- [ RunTime:0.010660s ]
INFO: [ app_end ] --START--
INFO: Run Behavior\ShowPageTraceBehavior [ RunTime:0.004231s ]
INFO: [ app_end ] --END-- [ RunTime:0.008318s ]

[ 2017-04-25T18:48:09+08:00 ] ::1 /stocktradingsystem-3/index.php/Home/Index/showDeal
INFO: [ app_init ] --START--
INFO: Run Behavior\BuildLiteBehavior [ RunTime:0.000533s ]
INFO: [ app_init ] --END-- [ RunTime:0.009527s ]
INFO: [ app_begin ] --START--
INFO: Run Behavior\ReadHtmlCacheBehavior [ RunTime:0.007081s ]
INFO: [ app_begin ] --END-- [ RunTime:0.010348s ]
SQL: SHOW COLUMNS FROM `stock_stockholder` [ RunTime:0.0718s ]
SQL: SELECT * FROM `stock_stockholder` WHERE `userid` = 1 LIMIT 1   [ RunTime:0.0021s ]
SQL: SHOW COLUMNS FROM `stock_deal` [ RunTime:0.0543s ]
SQL: SELECT * FROM `stock_deal` INNER JOIN stock_commission on (stock_commission.commissionid = stock_deal.in_commission) or (stock_commission.commissionid = stock_deal.out_commission) INNER JOIN stock_stock  WHERE `stockholderid` = '1'  [ RunTime:0.0063s ]
INFO: [ view_parse ] --START--
INFO: [ template_filter ] --START--
INFO: Run Behavior\ContentReplaceBehavior [ RunTime:0.002187s ]
INFO: [ template_filter ] --END-- [ RunTime:0.005149s ]
INFO: Run Behavior\ParseTemplateBehavior [ RunTime:0.194553s ]
INFO: [ view_parse ] --END-- [ RunTime:0.197798s ]
INFO: [ view_filter ] --START--
INFO: Run Behavior\WriteHtmlCacheBehavior [ RunTime:0.005631s ]
INFO: [ view_filter ] --END-- [ RunTime:0.008787s ]
INFO: [ app_end ] --START--
INFO: Run Behavior\ShowPageTraceBehavior [ RunTime:0.007313s ]
INFO: [ app_end ] --END-- [ RunTime:0.014928s ]

[ 2017-04-25T18:48:14+08:00 ] ::1 /stocktradingsystem-3/index.php/Home/Index/buyStock
INFO: [ app_init ] --START--
INFO: Run Behavior\BuildLiteBehavior [ RunTime:0.000878s ]
INFO: [ app_init ] --END-- [ RunTime:0.008012s ]
INFO: [ app_begin ] --START--
INFO: Run Behavior\ReadHtmlCacheBehavior [ RunTime:0.005123s ]
INFO: [ app_begin ] --END-- [ RunTime:0.015493s ]
SQL: SHOW COLUMNS FROM `stock_personal_stock_account` [ RunTime:0.0511s ]
SQL: SELECT * FROM `stock_personal_stock_account` WHERE `userid` = 1 LIMIT 1   [ RunTime:0.0018s ]
INFO: [ view_parse ] --START--
INFO: [ template_filter ] --START--
INFO: Run Behavior\ContentReplaceBehavior [ RunTime:0.002239s ]
INFO: [ template_filter ] --END-- [ RunTime:0.010003s ]
INFO: Run Behavior\ParseTemplateBehavior [ RunTime:0.111374s ]
INFO: [ view_parse ] --END-- [ RunTime:0.114522s ]
INFO: [ view_filter ] --START--
INFO: Run Behavior\WriteHtmlCacheBehavior [ RunTime:0.004919s ]
INFO: [ view_filter ] --END-- [ RunTime:0.008673s ]
INFO: [ app_end ] --START--
INFO: Run Behavior\ShowPageTraceBehavior [ RunTime:0.006161s ]
INFO: [ app_end ] --END-- [ RunTime:0.009741s ]

[ 2017-04-25T19:06:09+08:00 ] ::1 /stocktradingsystem-3/index.php/Home/Index/showDeal
INFO: [ app_init ] --START--
INFO: Run Behavior\BuildLiteBehavior [ RunTime:0.000554s ]
INFO: [ app_init ] --END-- [ RunTime:0.006547s ]
INFO: [ app_begin ] --START--
INFO: Run Behavior\ReadHtmlCacheBehavior [ RunTime:0.005261s ]
INFO: [ app_begin ] --END-- [ RunTime:0.011205s ]
SQL: SHOW COLUMNS FROM `stock_stockholder` [ RunTime:0.0374s ]
SQL: SELECT * FROM `stock_stockholder` WHERE `userid` = 1 LIMIT 1   [ RunTime:0.0019s ]
SQL: SHOW COLUMNS FROM `stock_deal` [ RunTime:0.0165s ]
SQL: SELECT * FROM `stock_deal` INNER JOIN stock_commission on (stock_commission.commissionid = stock_deal.in_commission) or (stock_commission.commissionid = stock_deal.out_commission) INNER JOIN stock_stock  WHERE `stockholderid` = '1'  [ RunTime:0.0025s ]
INFO: [ view_parse ] --START--
INFO: [ template_filter ] --START--
INFO: Run Behavior\ContentReplaceBehavior [ RunTime:0.001926s ]
INFO: [ template_filter ] --END-- [ RunTime:0.006018s ]
INFO: Run Behavior\ParseTemplateBehavior [ RunTime:0.132611s ]
INFO: [ view_parse ] --END-- [ RunTime:0.136255s ]
INFO: [ view_filter ] --START--
INFO: Run Behavior\WriteHtmlCacheBehavior [ RunTime:0.004115s ]
INFO: [ view_filter ] --END-- [ RunTime:0.007003s ]
INFO: [ app_end ] --START--
INFO: Run Behavior\ShowPageTraceBehavior [ RunTime:0.004397s ]
INFO: [ app_end ] --END-- [ RunTime:0.007420s ]

[ 2017-04-25T19:07:19+08:00 ] ::1 /stocktradingsystem-3/index.php/Home/Login/logout
INFO: [ app_init ] --START--
INFO: Run Behavior\BuildLiteBehavior [ RunTime:0.000961s ]
INFO: [ app_init ] --END-- [ RunTime:0.009293s ]
INFO: [ app_begin ] --START--
INFO: Run Behavior\ReadHtmlCacheBehavior [ RunTime:0.004932s ]
INFO: [ app_begin ] --END-- [ RunTime:0.009910s ]

[ 2017-04-25T19:07:20+08:00 ] ::1 /stocktradingsystem-3/index.php/Home/Index/index.html
INFO: [ app_init ] --START--
INFO: Run Behavior\BuildLiteBehavior [ RunTime:0.000900s ]
INFO: [ app_init ] --END-- [ RunTime:0.006949s ]
INFO: [ app_begin ] --START--
INFO: Run Behavior\ReadHtmlCacheBehavior [ RunTime:0.003468s ]
INFO: [ app_begin ] --END-- [ RunTime:0.008094s ]

[ 2017-04-25T19:07:20+08:00 ] ::1 /stocktradingsystem-3/index.php/Home/Login/login.html
INFO: [ app_init ] --START--
INFO: Run Behavior\BuildLiteBehavior [ RunTime:0.000489s ]
INFO: [ app_init ] --END-- [ RunTime:0.005666s ]
INFO: [ app_begin ] --START--
INFO: Run Behavior\ReadHtmlCacheBehavior [ RunTime:0.003507s ]
INFO: [ app_begin ] --END-- [ RunTime:0.006211s ]
INFO: [ view_parse ] --START--
INFO: [ template_filter ] --START--
INFO: Run Behavior\ContentReplaceBehavior [ RunTime:0.001183s ]
INFO: [ template_filter ] --END-- [ RunTime:0.005771s ]
INFO: Run Behavior\ParseTemplateBehavior [ RunTime:0.059775s ]
INFO: [ view_parse ] --END-- [ RunTime:0.068689s ]
INFO: [ view_filter ] --START--
INFO: Run Behavior\WriteHtmlCacheBehavior [ RunTime:0.003997s ]
INFO: [ view_filter ] --END-- [ RunTime:0.008044s ]
INFO: [ app_end ] --START--
INFO: Run Behavior\ShowPageTraceBehavior [ RunTime:0.004922s ]
INFO: [ app_end ] --END-- [ RunTime:0.008318s ]

[ 2017-04-25T19:07:27+08:00 ] ::1 /stocktradingsystem-3/index.php/Home/Register/reg
INFO: [ app_init ] --START--
INFO: Run Behavior\BuildLiteBehavior [ RunTime:0.000512s ]
INFO: [ app_init ] --END-- [ RunTime:0.007122s ]
INFO: [ app_begin ] --START--
INFO: Run Behavior\ReadHtmlCacheBehavior [ RunTime:0.006647s ]
INFO: [ app_begin ] --END-- [ RunTime:0.011381s ]
INFO: [ view_parse ] --START--
INFO: [ template_filter ] --START--
INFO: Run Behavior\ContentReplaceBehavior [ RunTime:0.001150s ]
INFO: [ template_filter ] --END-- [ RunTime:0.005911s ]
INFO: Run Behavior\ParseTemplateBehavior [ RunTime:0.090425s ]
INFO: [ view_parse ] --END-- [ RunTime:0.094179s ]
INFO: [ view_filter ] --START--
INFO: Run Behavior\WriteHtmlCacheBehavior [ RunTime:0.003910s ]
INFO: [ view_filter ] --END-- [ RunTime:0.007454s ]
INFO: [ app_end ] --START--
INFO: Run Behavior\ShowPageTraceBehavior [ RunTime:0.004235s ]
INFO: [ app_end ] --END-- [ RunTime:0.007181s ]

