[ 2017-04-19T16:33:27+08:00 ] ::1 /stocktradingsystem/
INFO: [ app_init ] --START--
INFO: Run Behavior\BuildLiteBehavior [ RunTime:0.000687s ]
INFO: [ app_init ] --END-- [ RunTime:0.101090s ]
INFO: [ app_begin ] --START--
INFO: Run Behavior\ReadHtmlCacheBehavior [ RunTime:0.016350s ]
INFO: [ app_begin ] --END-- [ RunTime:0.019950s ]
INFO: [ view_parse ] --START--
INFO: Run Behavior\ParseTemplateBehavior [ RunTime:0.085687s ]
INFO: [ view_parse ] --END-- [ RunTime:0.092216s ]
INFO: [ view_filter ] --START--
INFO: Run Behavior\WriteHtmlCacheBehavior [ RunTime:0.036130s ]
INFO: [ view_filter ] --END-- [ RunTime:0.039791s ]
INFO: [ view_parse ] --START--
INFO: [ template_filter ] --START--
INFO: Run Behavior\ContentReplaceBehavior [ RunTime:0.011189s ]
INFO: [ template_filter ] --END-- [ RunTime:0.018118s ]
NOTIC: [8] Undefined variable: username C:\xampp\htdocs\StockTradingSystem\Application\Runtime\Cache\Home\2a94b8bda04ff446dcedd42276fc99ee.php 第 25 行.
NOTIC: [8] Undefined variable: date C:\xampp\htdocs\StockTradingSystem\Application\Runtime\Cache\Home\2a94b8bda04ff446dcedd42276fc99ee.php 第 25 行.
NOTIC: [8] Undefined variable: course_info C:\xampp\htdocs\StockTradingSystem\Application\Runtime\Cache\Home\2a94b8bda04ff446dcedd42276fc99ee.php 第 59 行.
NOTIC: [8] Undefined variable: export C:\xampp\htdocs\StockTradingSystem\Application\Runtime\Cache\Home\2a94b8bda04ff446dcedd42276fc99ee.php 第 69 行.
INFO: Run Behavior\ParseTemplateBehavior [ RunTime:0.475869s ]
INFO: [ view_parse ] --END-- [ RunTime:-0.084273s ]
INFO: [ view_filter ] --START--
INFO: Run Behavior\WriteHtmlCacheBehavior [ RunTime:0.001168s ]
INFO: [ view_filter ] --END-- [ RunTime:-0.527270s ]
INFO: [ app_end ] --START--
INFO: Run Behavior\ShowPageTraceBehavior [ RunTime:0.055339s ]
INFO: [ app_end ] --END-- [ RunTime:0.058532s ]

[ 2017-04-19T16:34:53+08:00 ] ::1 /stocktradingsystem/
INFO: [ app_init ] --START--
INFO: Run Behavior\BuildLiteBehavior [ RunTime:0.000206s ]
INFO: [ app_init ] --END-- [ RunTime:0.002158s ]
INFO: [ app_begin ] --START--
INFO: Run Behavior\ReadHtmlCacheBehavior [ RunTime:0.001569s ]
INFO: [ app_begin ] --END-- [ RunTime:0.002576s ]
INFO: [ view_parse ] --START--
INFO: Run Behavior\ParseTemplateBehavior [ RunTime:0.002317s ]
INFO: [ view_parse ] --END-- [ RunTime:0.003381s ]
INFO: [ view_filter ] --START--
INFO: Run Behavior\WriteHtmlCacheBehavior [ RunTime:0.001545s ]
INFO: [ view_filter ] --END-- [ RunTime:0.002733s ]
INFO: [ view_parse ] --START--
INFO: [ template_filter ] --START--
INFO: Run Behavior\ContentReplaceBehavior [ RunTime:0.000476s ]
INFO: [ template_filter ] --END-- [ RunTime:0.001539s ]
NOTIC: [8] Undefined variable: username C:\xampp\htdocs\StockTradingSystem\Application\Runtime\Cache\Home\2a94b8bda04ff446dcedd42276fc99ee.php 第 25 行.
NOTIC: [8] Undefined variable: date C:\xampp\htdocs\StockTradingSystem\Application\Runtime\Cache\Home\2a94b8bda04ff446dcedd42276fc99ee.php 第 25 行.
NOTIC: [8] Undefined variable: course_info C:\xampp\htdocs\StockTradingSystem\Application\Runtime\Cache\Home\2a94b8bda04ff446dcedd42276fc99ee.php 第 59 行.
NOTIC: [8] Undefined variable: export C:\xampp\htdocs\StockTradingSystem\Application\Runtime\Cache\Home\2a94b8bda04ff446dcedd42276fc99ee.php 第 69 行.
INFO: Run Behavior\ParseTemplateBehavior [ RunTime:0.063815s ]
INFO: [ view_parse ] --END-- [ RunTime:-0.006197s ]
INFO: [ view_filter ] --START--
INFO: Run Behavior\WriteHtmlCacheBehavior [ RunTime:0.000286s ]
INFO: [ view_filter ] --END-- [ RunTime:-0.068422s ]
INFO: [ app_end ] --START--
INFO: Run Behavior\ShowPageTraceBehavior [ RunTime:0.002783s ]
INFO: [ app_end ] --END-- [ RunTime:0.004674s ]

[ 2017-04-19T16:35:29+08:00 ] ::1 /stocktradingsystem/
INFO: [ app_init ] --START--
INFO: Run Behavior\BuildLiteBehavior [ RunTime:0.000307s ]
INFO: [ app_init ] --END-- [ RunTime:0.003453s ]
INFO: [ app_begin ] --START--
INFO: Run Behavior\ReadHtmlCacheBehavior [ RunTime:0.002817s ]
INFO: [ app_begin ] --END-- [ RunTime:0.004569s ]

[ 2017-04-19T16:35:29+08:00 ] ::1 /stocktradingsystem/index.php/Home/Login/login.html
INFO: [ app_init ] --START--
INFO: Run Behavior\BuildLiteBehavior [ RunTime:0.000302s ]
INFO: [ app_init ] --END-- [ RunTime:0.003545s ]
INFO: [ app_begin ] --START--
INFO: Run Behavior\ReadHtmlCacheBehavior [ RunTime:0.004128s ]
INFO: [ app_begin ] --END-- [ RunTime:0.006780s ]
INFO: [ view_parse ] --START--
INFO: [ template_filter ] --START--
INFO: Run Behavior\ContentReplaceBehavior [ RunTime:0.000741s ]
INFO: [ template_filter ] --END-- [ RunTime:0.002444s ]
INFO: Run Behavior\ParseTemplateBehavior [ RunTime:0.058877s ]
INFO: [ view_parse ] --END-- [ RunTime:0.060995s ]
INFO: [ view_filter ] --START--
INFO: Run Behavior\WriteHtmlCacheBehavior [ RunTime:0.002338s ]
INFO: [ view_filter ] --END-- [ RunTime:0.003926s ]
INFO: [ app_end ] --START--
INFO: Run Behavior\ShowPageTraceBehavior [ RunTime:0.002510s ]
INFO: [ app_end ] --END-- [ RunTime:0.004252s ]

[ 2017-04-19T16:36:37+08:00 ] ::1 /stocktradingsystem/index.php/Home/Login/check_login
INFO: [ app_init ] --START--
INFO: Run Behavior\BuildLiteBehavior [ RunTime:0.009771s ]
INFO: [ app_init ] --END-- [ RunTime:0.043154s ]
INFO: [ app_begin ] --START--
INFO: Run Behavior\ReadHtmlCacheBehavior [ RunTime:0.091382s ]
INFO: [ app_begin ] --END-- [ RunTime:0.174348s ]
NOTIC: [8] A session had already been started - ignoring session_start() C:\xampp\htdocs\StockTradingSystem\Application\Home\Controller\LoginController.class.php 第 11 行.
SQL: SHOW COLUMNS FROM `stock_user` [ RunTime:0.3067s ]
NOTIC: [8] Undefined variable: condition C:\xampp\htdocs\StockTradingSystem\Application\Home\Controller\LoginController.class.php 第 14 行.
SQL: SELECT * FROM `stock_user` LIMIT 1   [ RunTime:0.0625s ]
INFO: [ view_parse ] --START--
INFO: [ template_filter ] --START--
INFO: Run Behavior\ContentReplaceBehavior [ RunTime:0.007262s ]
INFO: [ template_filter ] --END-- [ RunTime:0.107410s ]
INFO: Run Behavior\ParseTemplateBehavior [ RunTime:0.515319s ]
INFO: [ view_parse ] --END-- [ RunTime:0.521654s ]
INFO: [ view_filter ] --START--
INFO: Run Behavior\WriteHtmlCacheBehavior [ RunTime:0.038712s ]
INFO: [ view_filter ] --END-- [ RunTime:0.050545s ]
INFO: [ app_end ] --START--
INFO: Run Behavior\ShowPageTraceBehavior [ RunTime:0.139893s ]
INFO: [ app_end ] --END-- [ RunTime:0.200705s ]

[ 2017-04-19T16:36:40+08:00 ] ::1 /stocktradingsystem/index.php/Home/Index/index.html
INFO: [ app_init ] --START--
INFO: Run Behavior\BuildLiteBehavior [ RunTime:0.007181s ]
INFO: [ app_init ] --END-- [ RunTime:0.075135s ]
INFO: [ app_begin ] --START--
INFO: Run Behavior\ReadHtmlCacheBehavior [ RunTime:0.093619s ]
INFO: [ app_begin ] --END-- [ RunTime:0.112324s ]
INFO: [ view_parse ] --START--
INFO: [ template_filter ] --START--
INFO: Run Behavior\ContentReplaceBehavior [ RunTime:0.004194s ]
INFO: [ template_filter ] --END-- [ RunTime:0.010565s ]
NOTIC: [8] Undefined variable: username C:\xampp\htdocs\StockTradingSystem\Application\Runtime\Cache\Home\2a94b8bda04ff446dcedd42276fc99ee.php 第 25 行.
NOTIC: [8] Undefined variable: date C:\xampp\htdocs\StockTradingSystem\Application\Runtime\Cache\Home\2a94b8bda04ff446dcedd42276fc99ee.php 第 25 行.
NOTIC: [8] Undefined variable: course_info C:\xampp\htdocs\StockTradingSystem\Application\Runtime\Cache\Home\2a94b8bda04ff446dcedd42276fc99ee.php 第 59 行.
NOTIC: [8] Undefined variable: export C:\xampp\htdocs\StockTradingSystem\Application\Runtime\Cache\Home\2a94b8bda04ff446dcedd42276fc99ee.php 第 69 行.
INFO: Run Behavior\ParseTemplateBehavior [ RunTime:0.592030s ]
INFO: [ view_parse ] --END-- [ RunTime:0.641377s ]
INFO: [ view_filter ] --START--
INFO: Run Behavior\WriteHtmlCacheBehavior [ RunTime:0.007194s ]
INFO: [ view_filter ] --END-- [ RunTime:0.013668s ]
INFO: [ app_end ] --START--
INFO: Run Behavior\ShowPageTraceBehavior [ RunTime:0.005821s ]
INFO: [ app_end ] --END-- [ RunTime:0.016117s ]

[ 2017-04-19T16:40:56+08:00 ] ::1 /stocktradingsystem/index.php/Home/Index/index.html
INFO: [ app_init ] --START--
INFO: Run Behavior\BuildLiteBehavior [ RunTime:0.000851s ]
INFO: [ app_init ] --END-- [ RunTime:0.013684s ]
INFO: [ app_begin ] --START--
INFO: Run Behavior\ReadHtmlCacheBehavior [ RunTime:0.029210s ]
INFO: [ app_begin ] --END-- [ RunTime:0.102814s ]
INFO: [ view_parse ] --START--
INFO: [ template_filter ] --START--
INFO: Run Behavior\ContentReplaceBehavior [ RunTime:0.001174s ]
INFO: [ template_filter ] --END-- [ RunTime:0.003856s ]
NOTIC: [8] Undefined variable: username C:\xampp\htdocs\StockTradingSystem\Application\Runtime\Cache\Home\2a94b8bda04ff446dcedd42276fc99ee.php 第 25 行.
NOTIC: [8] Undefined variable: date C:\xampp\htdocs\StockTradingSystem\Application\Runtime\Cache\Home\2a94b8bda04ff446dcedd42276fc99ee.php 第 25 行.
NOTIC: [8] Undefined variable: course_info C:\xampp\htdocs\StockTradingSystem\Application\Runtime\Cache\Home\2a94b8bda04ff446dcedd42276fc99ee.php 第 59 行.
NOTIC: [8] Undefined variable: export C:\xampp\htdocs\StockTradingSystem\Application\Runtime\Cache\Home\2a94b8bda04ff446dcedd42276fc99ee.php 第 69 行.
INFO: Run Behavior\ParseTemplateBehavior [ RunTime:0.105448s ]
INFO: [ view_parse ] --END-- [ RunTime:0.111823s ]
INFO: [ view_filter ] --START--
INFO: Run Behavior\WriteHtmlCacheBehavior [ RunTime:0.007800s ]
INFO: [ view_filter ] --END-- [ RunTime:0.012817s ]
INFO: [ app_end ] --START--
INFO: Run Behavior\ShowPageTraceBehavior [ RunTime:0.004969s ]
INFO: [ app_end ] --END-- [ RunTime:0.007574s ]

[ 2017-04-19T18:47:57+08:00 ] ::1 /stocktradingsystem/index.php/Home/Index/selectedCourse
INFO: [ app_init ] --START--
INFO: Run Behavior\BuildLiteBehavior [ RunTime:0.000707s ]
INFO: [ app_init ] --END-- [ RunTime:0.020131s ]
INFO: [ app_begin ] --START--
INFO: Run Behavior\ReadHtmlCacheBehavior [ RunTime:0.023186s ]
INFO: [ app_begin ] --END-- [ RunTime:0.029114s ]
ERR: 非法操作:selectedCourse

[ 2017-04-19T18:49:34+08:00 ] ::1 /stocktradingsystem/index.php/Home/Index/index.html
INFO: [ app_init ] --START--
INFO: Run Behavior\BuildLiteBehavior [ RunTime:0.014940s ]
INFO: [ app_init ] --END-- [ RunTime:0.048485s ]
INFO: [ app_begin ] --START--
INFO: Run Behavior\ReadHtmlCacheBehavior [ RunTime:0.004162s ]
INFO: [ app_begin ] --END-- [ RunTime:0.007015s ]
INFO: [ view_parse ] --START--
INFO: [ template_filter ] --START--
INFO: Run Behavior\ContentReplaceBehavior [ RunTime:0.001090s ]
INFO: [ template_filter ] --END-- [ RunTime:0.004165s ]
NOTIC: [8] Undefined variable: course_info C:\xampp\htdocs\StockTradingSystem\Application\Runtime\Cache\Home\2a94b8bda04ff446dcedd42276fc99ee.php 第 24 行.
NOTIC: [8] Undefined variable: export C:\xampp\htdocs\StockTradingSystem\Application\Runtime\Cache\Home\2a94b8bda04ff446dcedd42276fc99ee.php 第 34 行.
INFO: Run Behavior\ParseTemplateBehavior [ RunTime:0.187229s ]
INFO: [ view_parse ] --END-- [ RunTime:0.191920s ]
INFO: [ view_filter ] --START--
INFO: Run Behavior\WriteHtmlCacheBehavior [ RunTime:0.021338s ]
INFO: [ view_filter ] --END-- [ RunTime:0.023472s ]
INFO: [ app_end ] --START--
INFO: Run Behavior\ShowPageTraceBehavior [ RunTime:0.016618s ]
INFO: [ app_end ] --END-- [ RunTime:0.019082s ]

[ 2017-04-19T18:49:40+08:00 ] ::1 /stocktradingsystem/index.php/Home/Index/index.html
INFO: [ app_init ] --START--
INFO: Run Behavior\BuildLiteBehavior [ RunTime:0.001129s ]
INFO: [ app_init ] --END-- [ RunTime:0.114738s ]
INFO: [ app_begin ] --START--
INFO: Run Behavior\ReadHtmlCacheBehavior [ RunTime:0.034297s ]
INFO: [ app_begin ] --END-- [ RunTime:0.063735s ]
INFO: [ view_parse ] --START--
INFO: [ template_filter ] --START--
INFO: Run Behavior\ContentReplaceBehavior [ RunTime:0.001343s ]
INFO: [ template_filter ] --END-- [ RunTime:0.005342s ]
NOTIC: [8] Undefined variable: course_info C:\xampp\htdocs\StockTradingSystem\Application\Runtime\Cache\Home\2a94b8bda04ff446dcedd42276fc99ee.php 第 24 行.
NOTIC: [8] Undefined variable: export C:\xampp\htdocs\StockTradingSystem\Application\Runtime\Cache\Home\2a94b8bda04ff446dcedd42276fc99ee.php 第 34 行.
INFO: Run Behavior\ParseTemplateBehavior [ RunTime:1.020632s ]
INFO: [ view_parse ] --END-- [ RunTime:1.044808s ]
INFO: [ view_filter ] --START--
INFO: Run Behavior\WriteHtmlCacheBehavior [ RunTime:0.042238s ]
INFO: [ view_filter ] --END-- [ RunTime:0.079824s ]
INFO: [ app_end ] --START--
INFO: Run Behavior\ShowPageTraceBehavior [ RunTime:0.040518s ]
INFO: [ app_end ] --END-- [ RunTime:0.057147s ]

[ 2017-04-19T18:50:16+08:00 ] ::1 /stocktradingsystem/index.php/Home/Index/index.html
INFO: [ app_init ] --START--
INFO: Run Behavior\BuildLiteBehavior [ RunTime:0.001280s ]
INFO: [ app_init ] --END-- [ RunTime:0.053797s ]
INFO: [ app_begin ] --START--
INFO: Run Behavior\ReadHtmlCacheBehavior [ RunTime:0.006127s ]
INFO: [ app_begin ] --END-- [ RunTime:0.009743s ]
INFO: [ view_parse ] --START--
INFO: [ template_filter ] --START--
INFO: Run Behavior\ContentReplaceBehavior [ RunTime:0.011018s ]
INFO: [ template_filter ] --END-- [ RunTime:0.039296s ]
NOTIC: [8] Undefined variable: username C:\xampp\htdocs\StockTradingSystem\Application\Runtime\Cache\Home\2a94b8bda04ff446dcedd42276fc99ee.php 第 23 行.
NOTIC: [8] Undefined variable: date C:\xampp\htdocs\StockTradingSystem\Application\Runtime\Cache\Home\2a94b8bda04ff446dcedd42276fc99ee.php 第 23 行.
NOTIC: [8] Undefined variable: course_info C:\xampp\htdocs\StockTradingSystem\Application\Runtime\Cache\Home\2a94b8bda04ff446dcedd42276fc99ee.php 第 59 行.
NOTIC: [8] Undefined variable: export C:\xampp\htdocs\StockTradingSystem\Application\Runtime\Cache\Home\2a94b8bda04ff446dcedd42276fc99ee.php 第 69 行.
INFO: Run Behavior\ParseTemplateBehavior [ RunTime:0.579854s ]
INFO: [ view_parse ] --END-- [ RunTime:0.586517s ]
INFO: [ view_filter ] --START--
INFO: Run Behavior\WriteHtmlCacheBehavior [ RunTime:0.010175s ]
INFO: [ view_filter ] --END-- [ RunTime:0.015042s ]
INFO: [ app_end ] --START--
INFO: Run Behavior\ShowPageTraceBehavior [ RunTime:0.003753s ]
INFO: [ app_end ] --END-- [ RunTime:0.006327s ]

[ 2017-04-19T18:54:50+08:00 ] ::1 /stocktradingsystem/index.php/Home/Index/index.html
INFO: [ app_init ] --START--
INFO: Run Behavior\BuildLiteBehavior [ RunTime:0.005951s ]
INFO: [ app_init ] --END-- [ RunTime:0.013621s ]
INFO: [ app_begin ] --START--
INFO: Run Behavior\ReadHtmlCacheBehavior [ RunTime:0.013823s ]
INFO: [ app_begin ] --END-- [ RunTime:0.028314s ]
INFO: [ view_parse ] --START--
NOTIC: [2] file_get_contents(./Application/Home/View/Public/header.html): failed to open stream: No such file or directory C:\xampp\htdocs\StockTradingSystem\ThinkPHP\Library\Think\Template.class.php 第 696 行.
INFO: [ template_filter ] --START--
INFO: Run Behavior\ContentReplaceBehavior [ RunTime:0.000659s ]
INFO: [ template_filter ] --END-- [ RunTime:0.022097s ]
NOTIC: [8] Undefined variable: course_info C:\xampp\htdocs\StockTradingSystem\Application\Runtime\Cache\Home\2a94b8bda04ff446dcedd42276fc99ee.php 第 36 行.
NOTIC: [8] Undefined variable: export C:\xampp\htdocs\StockTradingSystem\Application\Runtime\Cache\Home\2a94b8bda04ff446dcedd42276fc99ee.php 第 46 行.
INFO: Run Behavior\ParseTemplateBehavior [ RunTime:0.207395s ]
INFO: [ view_parse ] --END-- [ RunTime:0.213575s ]
INFO: [ view_filter ] --START--
INFO: Run Behavior\WriteHtmlCacheBehavior [ RunTime:0.029131s ]
INFO: [ view_filter ] --END-- [ RunTime:0.034946s ]
INFO: [ app_end ] --START--
INFO: Run Behavior\ShowPageTraceBehavior [ RunTime:0.025593s ]
INFO: [ app_end ] --END-- [ RunTime:0.083875s ]

[ 2017-04-19T18:56:41+08:00 ] ::1 /stocktradingsystem/index.php/Home/Index/index.html
INFO: [ app_init ] --START--
INFO: Run Behavior\BuildLiteBehavior [ RunTime:0.000412s ]
INFO: [ app_init ] --END-- [ RunTime:0.010615s ]
INFO: [ app_begin ] --START--
INFO: Run Behavior\ReadHtmlCacheBehavior [ RunTime:0.004687s ]
INFO: [ app_begin ] --END-- [ RunTime:0.009538s ]
INFO: [ view_parse ] --START--
NOTIC: [2] file_get_contents(./Application/Home/View/Public/header.html): failed to open stream: No such file or directory C:\xampp\htdocs\StockTradingSystem\ThinkPHP\Library\Think\Template.class.php 第 696 行.
INFO: [ template_filter ] --START--
INFO: Run Behavior\ContentReplaceBehavior [ RunTime:0.000511s ]
INFO: [ template_filter ] --END-- [ RunTime:0.001781s ]
NOTIC: [8] Undefined variable: course_info C:\xampp\htdocs\StockTradingSystem\Application\Runtime\Cache\Home\2a94b8bda04ff446dcedd42276fc99ee.php 第 36 行.
NOTIC: [8] Undefined variable: export C:\xampp\htdocs\StockTradingSystem\Application\Runtime\Cache\Home\2a94b8bda04ff446dcedd42276fc99ee.php 第 46 行.
INFO: Run Behavior\ParseTemplateBehavior [ RunTime:0.106003s ]
INFO: [ view_parse ] --END-- [ RunTime:0.107423s ]
INFO: [ view_filter ] --START--
INFO: Run Behavior\WriteHtmlCacheBehavior [ RunTime:0.001314s ]
INFO: [ view_filter ] --END-- [ RunTime:0.002437s ]
INFO: [ app_end ] --START--
INFO: Run Behavior\ShowPageTraceBehavior [ RunTime:0.001756s ]
INFO: [ app_end ] --END-- [ RunTime:0.002888s ]

[ 2017-04-19T18:56:57+08:00 ] ::1 /stocktradingsystem/index.php/Home/Index/index.html
INFO: [ app_init ] --START--
INFO: Run Behavior\BuildLiteBehavior [ RunTime:0.000639s ]
INFO: [ app_init ] --END-- [ RunTime:0.012243s ]
INFO: [ app_begin ] --START--
INFO: Run Behavior\ReadHtmlCacheBehavior [ RunTime:0.004741s ]
INFO: [ app_begin ] --END-- [ RunTime:0.009715s ]
INFO: [ view_parse ] --START--
INFO: [ template_filter ] --START--
INFO: Run Behavior\ContentReplaceBehavior [ RunTime:0.000809s ]
INFO: [ template_filter ] --END-- [ RunTime:0.002510s ]
NOTIC: [8] Undefined variable: username C:\xampp\htdocs\StockTradingSystem\Application\Runtime\Cache\Home\2a94b8bda04ff446dcedd42276fc99ee.php 第 25 行.
NOTIC: [8] Undefined variable: date C:\xampp\htdocs\StockTradingSystem\Application\Runtime\Cache\Home\2a94b8bda04ff446dcedd42276fc99ee.php 第 25 行.
NOTIC: [8] Undefined variable: course_info C:\xampp\htdocs\StockTradingSystem\Application\Runtime\Cache\Home\2a94b8bda04ff446dcedd42276fc99ee.php 第 59 行.
NOTIC: [8] Undefined variable: export C:\xampp\htdocs\StockTradingSystem\Application\Runtime\Cache\Home\2a94b8bda04ff446dcedd42276fc99ee.php 第 69 行.
INFO: Run Behavior\ParseTemplateBehavior [ RunTime:0.100437s ]
INFO: [ view_parse ] --END-- [ RunTime:0.102540s ]
INFO: [ view_filter ] --START--
INFO: Run Behavior\WriteHtmlCacheBehavior [ RunTime:0.002129s ]
INFO: [ view_filter ] --END-- [ RunTime:0.004163s ]
INFO: [ app_end ] --START--
INFO: Run Behavior\ShowPageTraceBehavior [ RunTime:0.007155s ]
INFO: [ app_end ] --END-- [ RunTime:0.008960s ]

[ 2017-04-19T18:58:47+08:00 ] ::1 /stocktradingsystem/index.php/Home/Index/index.html
INFO: [ app_init ] --START--
INFO: Run Behavior\BuildLiteBehavior [ RunTime:0.000446s ]
INFO: [ app_init ] --END-- [ RunTime:0.005113s ]
INFO: [ app_begin ] --START--
INFO: Run Behavior\ReadHtmlCacheBehavior [ RunTime:0.005480s ]
INFO: [ app_begin ] --END-- [ RunTime:0.009082s ]
INFO: [ view_parse ] --START--
INFO: [ template_filter ] --START--
INFO: Run Behavior\ContentReplaceBehavior [ RunTime:0.019753s ]
INFO: [ template_filter ] --END-- [ RunTime:0.032227s ]
NOTIC: [8] Undefined variable: username C:\xampp\htdocs\StockTradingSystem\Application\Runtime\Cache\Home\2a94b8bda04ff446dcedd42276fc99ee.php 第 25 行.
NOTIC: [8] Undefined variable: date C:\xampp\htdocs\StockTradingSystem\Application\Runtime\Cache\Home\2a94b8bda04ff446dcedd42276fc99ee.php 第 25 行.
NOTIC: [8] Undefined variable: course_info C:\xampp\htdocs\StockTradingSystem\Application\Runtime\Cache\Home\2a94b8bda04ff446dcedd42276fc99ee.php 第 57 行.
NOTIC: [8] Undefined variable: export C:\xampp\htdocs\StockTradingSystem\Application\Runtime\Cache\Home\2a94b8bda04ff446dcedd42276fc99ee.php 第 67 行.
INFO: Run Behavior\ParseTemplateBehavior [ RunTime:0.594075s ]
INFO: [ view_parse ] --END-- [ RunTime:0.600368s ]
INFO: [ view_filter ] --START--
INFO: Run Behavior\WriteHtmlCacheBehavior [ RunTime:0.013468s ]
INFO: [ view_filter ] --END-- [ RunTime:0.063823s ]
INFO: [ app_end ] --START--
INFO: Run Behavior\ShowPageTraceBehavior [ RunTime:0.024461s ]
INFO: [ app_end ] --END-- [ RunTime:0.048348s ]

[ 2017-04-19T18:58:48+08:00 ] ::1 /stocktradingsystem/index.php/Home/Index/selectedCourse
INFO: [ app_init ] --START--
INFO: Run Behavior\BuildLiteBehavior [ RunTime:0.000381s ]
INFO: [ app_init ] --END-- [ RunTime:0.012777s ]
INFO: [ app_begin ] --START--
INFO: Run Behavior\ReadHtmlCacheBehavior [ RunTime:0.002940s ]
INFO: [ app_begin ] --END-- [ RunTime:0.005276s ]
ERR: 非法操作:selectedCourse

[ 2017-04-19T18:58:51+08:00 ] ::1 /stocktradingsystem/index.php/Home/Index/listCourse
INFO: [ app_init ] --START--
INFO: Run Behavior\BuildLiteBehavior [ RunTime:0.000407s ]
INFO: [ app_init ] --END-- [ RunTime:0.007187s ]
INFO: [ app_begin ] --START--
INFO: Run Behavior\ReadHtmlCacheBehavior [ RunTime:0.002188s ]
INFO: [ app_begin ] --END-- [ RunTime:0.003802s ]
ERR: 非法操作:listCourse

[ 2017-04-19T19:03:38+08:00 ] ::1 /stocktradingsystem/index.php/Home/Index/index.html
INFO: [ app_init ] --START--
INFO: Run Behavior\BuildLiteBehavior [ RunTime:0.000246s ]
INFO: [ app_init ] --END-- [ RunTime:0.002134s ]
INFO: [ app_begin ] --START--
INFO: Run Behavior\ReadHtmlCacheBehavior [ RunTime:0.001657s ]
INFO: [ app_begin ] --END-- [ RunTime:0.002835s ]
INFO: [ view_parse ] --START--
INFO: [ template_filter ] --START--
INFO: Run Behavior\ContentReplaceBehavior [ RunTime:0.000417s ]
INFO: [ template_filter ] --END-- [ RunTime:0.001225s ]
NOTIC: [8] Undefined variable: username C:\xampp\htdocs\StockTradingSystem\Application\Runtime\Cache\Home\2a94b8bda04ff446dcedd42276fc99ee.php 第 24 行.
NOTIC: [8] Undefined variable: date C:\xampp\htdocs\StockTradingSystem\Application\Runtime\Cache\Home\2a94b8bda04ff446dcedd42276fc99ee.php 第 24 行.
NOTIC: [8] Undefined variable: course_id C:\xampp\htdocs\StockTradingSystem\Application\Runtime\Cache\Home\2a94b8bda04ff446dcedd42276fc99ee.php 第 45 行.
INFO: Run Behavior\ParseTemplateBehavior [ RunTime:0.026255s ]
INFO: [ view_parse ] --END-- [ RunTime:0.027188s ]
INFO: [ view_filter ] --START--
INFO: Run Behavior\WriteHtmlCacheBehavior [ RunTime:0.001286s ]
INFO: [ view_filter ] --END-- [ RunTime:0.002113s ]
INFO: [ app_end ] --START--
INFO: Run Behavior\ShowPageTraceBehavior [ RunTime:0.001462s ]
INFO: [ app_end ] --END-- [ RunTime:0.002310s ]

[ 2017-04-19T19:04:07+08:00 ] ::1 /stocktradingsystem/index.php/Home/Index/index.html
INFO: [ app_init ] --START--
INFO: Run Behavior\BuildLiteBehavior [ RunTime:0.000675s ]
INFO: [ app_init ] --END-- [ RunTime:0.010160s ]
INFO: [ app_begin ] --START--
INFO: Run Behavior\ReadHtmlCacheBehavior [ RunTime:0.036441s ]
INFO: [ app_begin ] --END-- [ RunTime:0.039468s ]
INFO: [ view_parse ] --START--
INFO: [ template_filter ] --START--
INFO: Run Behavior\ContentReplaceBehavior [ RunTime:0.001041s ]
INFO: [ template_filter ] --END-- [ RunTime:0.005745s ]
NOTIC: [8] Undefined variable: username C:\xampp\htdocs\StockTradingSystem\Application\Runtime\Cache\Home\2a94b8bda04ff446dcedd42276fc99ee.php 第 24 行.
NOTIC: [8] Undefined variable: date C:\xampp\htdocs\StockTradingSystem\Application\Runtime\Cache\Home\2a94b8bda04ff446dcedd42276fc99ee.php 第 24 行.
NOTIC: [8] Undefined variable: course_id C:\xampp\htdocs\StockTradingSystem\Application\Runtime\Cache\Home\2a94b8bda04ff446dcedd42276fc99ee.php 第 45 行.
INFO: Run Behavior\ParseTemplateBehavior [ RunTime:0.295273s ]
INFO: [ view_parse ] --END-- [ RunTime:0.318342s ]
INFO: [ view_filter ] --START--
INFO: Run Behavior\WriteHtmlCacheBehavior [ RunTime:0.047508s ]
INFO: [ view_filter ] --END-- [ RunTime:0.080226s ]
INFO: [ app_end ] --START--
INFO: Run Behavior\ShowPageTraceBehavior [ RunTime:0.022396s ]
INFO: [ app_end ] --END-- [ RunTime:0.026414s ]

[ 2017-04-19T19:04:35+08:00 ] ::1 /stocktradingsystem/index.php/Home/Index/index.html
INFO: [ app_init ] --START--
INFO: Run Behavior\BuildLiteBehavior [ RunTime:0.000356s ]
INFO: [ app_init ] --END-- [ RunTime:0.007395s ]
INFO: [ app_begin ] --START--
INFO: Run Behavior\ReadHtmlCacheBehavior [ RunTime:0.053422s ]
INFO: [ app_begin ] --END-- [ RunTime:0.060988s ]
INFO: [ view_parse ] --START--
INFO: [ template_filter ] --START--
INFO: Run Behavior\ContentReplaceBehavior [ RunTime:0.006929s ]
INFO: [ template_filter ] --END-- [ RunTime:0.010269s ]
NOTIC: [8] Undefined variable: username C:\xampp\htdocs\StockTradingSystem\Application\Runtime\Cache\Home\2a94b8bda04ff446dcedd42276fc99ee.php 第 24 行.
NOTIC: [8] Undefined variable: date C:\xampp\htdocs\StockTradingSystem\Application\Runtime\Cache\Home\2a94b8bda04ff446dcedd42276fc99ee.php 第 24 行.
NOTIC: [8] Undefined variable: course_id C:\xampp\htdocs\StockTradingSystem\Application\Runtime\Cache\Home\2a94b8bda04ff446dcedd42276fc99ee.php 第 56 行.
INFO: Run Behavior\ParseTemplateBehavior [ RunTime:0.241617s ]
INFO: [ view_parse ] --END-- [ RunTime:0.250135s ]
INFO: [ view_filter ] --START--
INFO: Run Behavior\WriteHtmlCacheBehavior [ RunTime:0.003146s ]
INFO: [ view_filter ] --END-- [ RunTime:0.011306s ]
INFO: [ app_end ] --START--
INFO: Run Behavior\ShowPageTraceBehavior [ RunTime:0.004343s ]
INFO: [ app_end ] --END-- [ RunTime:0.006597s ]

[ 2017-04-19T19:06:43+08:00 ] ::1 /stocktradingsystem/index.php/Home/Index/index.html
INFO: [ app_init ] --START--
INFO: Run Behavior\BuildLiteBehavior [ RunTime:0.000199s ]
INFO: [ app_init ] --END-- [ RunTime:0.001974s ]
INFO: [ app_begin ] --START--
INFO: Run Behavior\ReadHtmlCacheBehavior [ RunTime:0.002374s ]
INFO: [ app_begin ] --END-- [ RunTime:0.003664s ]
INFO: [ view_parse ] --START--
INFO: [ template_filter ] --START--
INFO: Run Behavior\ContentReplaceBehavior [ RunTime:0.000856s ]
INFO: [ template_filter ] --END-- [ RunTime:0.002975s ]
NOTIC: [8] Undefined variable: username C:\xampp\htdocs\StockTradingSystem\Application\Runtime\Cache\Home\2a94b8bda04ff446dcedd42276fc99ee.php 第 24 行.
NOTIC: [8] Undefined variable: date C:\xampp\htdocs\StockTradingSystem\Application\Runtime\Cache\Home\2a94b8bda04ff446dcedd42276fc99ee.php 第 24 行.
INFO: Run Behavior\ParseTemplateBehavior [ RunTime:0.032837s ]
INFO: [ view_parse ] --END-- [ RunTime:0.034010s ]
INFO: [ view_filter ] --START--
INFO: Run Behavior\WriteHtmlCacheBehavior [ RunTime:0.009122s ]
INFO: [ view_filter ] --END-- [ RunTime:0.013745s ]
INFO: [ app_end ] --START--
INFO: Run Behavior\ShowPageTraceBehavior [ RunTime:0.006588s ]
INFO: [ app_end ] --END-- [ RunTime:0.011440s ]

[ 2017-04-19T19:11:06+08:00 ] ::1 /stocktradingsystem/index.php/Home/Index/index.html
INFO: [ app_init ] --START--
INFO: Run Behavior\BuildLiteBehavior [ RunTime:0.006519s ]
INFO: [ app_init ] --END-- [ RunTime:0.108760s ]
INFO: [ app_begin ] --START--
INFO: Run Behavior\ReadHtmlCacheBehavior [ RunTime:0.033706s ]
INFO: [ app_begin ] --END-- [ RunTime:0.038118s ]
INFO: [ view_parse ] --START--
INFO: [ template_filter ] --START--
INFO: Run Behavior\ContentReplaceBehavior [ RunTime:0.044338s ]
INFO: [ template_filter ] --END-- [ RunTime:0.064785s ]
NOTIC: [8] Undefined variable: username C:\xampp\htdocs\StockTradingSystem\Application\Runtime\Cache\Home\2a94b8bda04ff446dcedd42276fc99ee.php 第 24 行.
NOTIC: [8] Undefined variable: date C:\xampp\htdocs\StockTradingSystem\Application\Runtime\Cache\Home\2a94b8bda04ff446dcedd42276fc99ee.php 第 24 行.
INFO: Run Behavior\ParseTemplateBehavior [ RunTime:0.458971s ]
INFO: [ view_parse ] --END-- [ RunTime:0.465304s ]
INFO: [ view_filter ] --START--
INFO: Run Behavior\WriteHtmlCacheBehavior [ RunTime:0.041856s ]
INFO: [ view_filter ] --END-- [ RunTime:0.057436s ]
INFO: [ app_end ] --START--
INFO: Run Behavior\ShowPageTraceBehavior [ RunTime:0.008555s ]
INFO: [ app_end ] --END-- [ RunTime:0.013602s ]

[ 2017-04-19T19:12:44+08:00 ] ::1 /stocktradingsystem/index.php/Home/Index/listCourse
INFO: [ app_init ] --START--
INFO: Run Behavior\BuildLiteBehavior [ RunTime:0.000403s ]
INFO: [ app_init ] --END-- [ RunTime:0.004732s ]
INFO: [ app_begin ] --START--
INFO: Run Behavior\ReadHtmlCacheBehavior [ RunTime:0.024091s ]
INFO: [ app_begin ] --END-- [ RunTime:0.050930s ]
ERR: 非法操作:listCourse

[ 2017-04-19T19:20:42+08:00 ] ::1 /stocktradingsystem/index.php/Home/Index/index.html
INFO: [ app_init ] --START--
INFO: Run Behavior\BuildLiteBehavior [ RunTime:0.000507s ]
INFO: [ app_init ] --END-- [ RunTime:0.007600s ]
INFO: [ app_begin ] --START--
INFO: Run Behavior\ReadHtmlCacheBehavior [ RunTime:0.003625s ]
INFO: [ app_begin ] --END-- [ RunTime:0.006885s ]
INFO: [ view_parse ] --START--
INFO: [ template_filter ] --START--
INFO: Run Behavior\ContentReplaceBehavior [ RunTime:0.001602s ]
INFO: [ template_filter ] --END-- [ RunTime:0.003573s ]
INFO: Run Behavior\ParseTemplateBehavior [ RunTime:0.068634s ]
INFO: [ view_parse ] --END-- [ RunTime:0.074757s ]
INFO: [ view_filter ] --START--
INFO: Run Behavior\WriteHtmlCacheBehavior [ RunTime:0.001665s ]
INFO: [ view_filter ] --END-- [ RunTime:0.002987s ]
INFO: [ app_end ] --START--
INFO: Run Behavior\ShowPageTraceBehavior [ RunTime:0.002036s ]
INFO: [ app_end ] --END-- [ RunTime:0.003442s ]

[ 2017-04-19T19:20:42+08:00 ] ::1 /stocktradingsystem/index.php/Home/js/bootstrap.js
INFO: [ app_init ] --START--
INFO: Run Behavior\BuildLiteBehavior [ RunTime:0.000393s ]
INFO: [ app_init ] --END-- [ RunTime:0.004256s ]
INFO: [ app_begin ] --START--
INFO: Run Behavior\ReadHtmlCacheBehavior [ RunTime:0.002769s ]
INFO: [ app_begin ] --END-- [ RunTime:0.005645s ]
ERR: 无法加载控制器:Js

[ 2017-04-19T19:20:42+08:00 ] ::1 /stocktradingsystem/index.php/Home/js/jquery-1.8.0.min.js
INFO: [ app_init ] --START--
INFO: Run Behavior\BuildLiteBehavior [ RunTime:0.000418s ]
INFO: [ app_init ] --END-- [ RunTime:0.005152s ]
INFO: [ app_begin ] --START--
INFO: Run Behavior\ReadHtmlCacheBehavior [ RunTime:0.011242s ]
INFO: [ app_begin ] --END-- [ RunTime:0.013254s ]
ERR: 无法加载控制器:Js

[ 2017-04-19T19:23:07+08:00 ] ::1 /stocktradingsystem/index.php/Home/Index/index.html
INFO: [ app_init ] --START--
INFO: Run Behavior\BuildLiteBehavior [ RunTime:0.000594s ]
INFO: [ app_init ] --END-- [ RunTime:0.092874s ]
INFO: [ app_begin ] --START--
INFO: Run Behavior\ReadHtmlCacheBehavior [ RunTime:0.082598s ]
INFO: [ app_begin ] --END-- [ RunTime:0.115842s ]
INFO: [ view_parse ] --START--
INFO: [ template_filter ] --START--
INFO: Run Behavior\ContentReplaceBehavior [ RunTime:0.001545s ]
INFO: [ template_filter ] --END-- [ RunTime:0.011298s ]
INFO: Run Behavior\ParseTemplateBehavior [ RunTime:0.421699s ]
INFO: [ view_parse ] --END-- [ RunTime:0.430258s ]
INFO: [ view_filter ] --START--
INFO: Run Behavior\WriteHtmlCacheBehavior [ RunTime:0.017587s ]
INFO: [ view_filter ] --END-- [ RunTime:0.023916s ]
INFO: [ app_end ] --START--
INFO: Run Behavior\ShowPageTraceBehavior [ RunTime:0.025774s ]
INFO: [ app_end ] --END-- [ RunTime:0.065698s ]

[ 2017-04-19T19:23:07+08:00 ] ::1 /stocktradingsystem/index.php/Home/js/bootstrap.js
INFO: [ app_init ] --START--
INFO: Run Behavior\BuildLiteBehavior [ RunTime:0.000766s ]
INFO: [ app_init ] --END-- [ RunTime:0.004773s ]
INFO: [ app_begin ] --START--
INFO: Run Behavior\ReadHtmlCacheBehavior [ RunTime:0.070546s ]
INFO: [ app_begin ] --END-- [ RunTime:0.077555s ]
ERR: 无法加载控制器:Js

[ 2017-04-19T19:23:07+08:00 ] ::1 /stocktradingsystem/index.php/Home/js/jquery-1.8.0.min.js
INFO: [ app_init ] --START--
INFO: Run Behavior\BuildLiteBehavior [ RunTime:0.000472s ]
INFO: [ app_init ] --END-- [ RunTime:0.004137s ]
INFO: [ app_begin ] --START--
INFO: Run Behavior\ReadHtmlCacheBehavior [ RunTime:0.013575s ]
INFO: [ app_begin ] --END-- [ RunTime:0.018591s ]
ERR: 无法加载控制器:Js

[ 2017-04-19T19:26:42+08:00 ] ::1 /stocktradingsystem/index.php/Home/Index/index.html
INFO: [ app_init ] --START--
INFO: Run Behavior\BuildLiteBehavior [ RunTime:0.000348s ]
INFO: [ app_init ] --END-- [ RunTime:0.003729s ]
INFO: [ app_begin ] --START--
INFO: Run Behavior\ReadHtmlCacheBehavior [ RunTime:0.004104s ]
INFO: [ app_begin ] --END-- [ RunTime:0.006608s ]
INFO: [ view_parse ] --START--
INFO: [ template_filter ] --START--
INFO: Run Behavior\ContentReplaceBehavior [ RunTime:0.001713s ]
INFO: [ template_filter ] --END-- [ RunTime:0.004465s ]
INFO: Run Behavior\ParseTemplateBehavior [ RunTime:0.091547s ]
INFO: [ view_parse ] --END-- [ RunTime:0.098563s ]
INFO: [ view_filter ] --START--
INFO: Run Behavior\WriteHtmlCacheBehavior [ RunTime:0.003187s ]
INFO: [ view_filter ] --END-- [ RunTime:0.019558s ]
INFO: [ app_end ] --START--
INFO: Run Behavior\ShowPageTraceBehavior [ RunTime:0.005277s ]
INFO: [ app_end ] --END-- [ RunTime:0.033044s ]

[ 2017-04-19T19:28:29+08:00 ] ::1 /stocktradingsystem/index.php/Home/Index/index.html
INFO: [ app_init ] --START--
INFO: Run Behavior\BuildLiteBehavior [ RunTime:0.000461s ]
INFO: [ app_init ] --END-- [ RunTime:0.004347s ]
INFO: [ app_begin ] --START--
INFO: Run Behavior\ReadHtmlCacheBehavior [ RunTime:0.002294s ]
INFO: [ app_begin ] --END-- [ RunTime:0.004616s ]
INFO: [ view_parse ] --START--
INFO: [ template_filter ] --START--
INFO: Run Behavior\ContentReplaceBehavior [ RunTime:0.000878s ]
INFO: [ template_filter ] --END-- [ RunTime:0.002287s ]
NOTIC: [8] Undefined variable: username C:\xampp\htdocs\StockTradingSystem\Application\Runtime\Cache\Home\2a94b8bda04ff446dcedd42276fc99ee.php 第 24 行.
NOTIC: [8] Undefined variable: date C:\xampp\htdocs\StockTradingSystem\Application\Runtime\Cache\Home\2a94b8bda04ff446dcedd42276fc99ee.php 第 24 行.
INFO: Run Behavior\ParseTemplateBehavior [ RunTime:0.048612s ]
INFO: [ view_parse ] --END-- [ RunTime:0.050502s ]
INFO: [ view_filter ] --START--
INFO: Run Behavior\WriteHtmlCacheBehavior [ RunTime:0.001541s ]
INFO: [ view_filter ] --END-- [ RunTime:0.003916s ]
INFO: [ app_end ] --START--
INFO: Run Behavior\ShowPageTraceBehavior [ RunTime:0.003089s ]
INFO: [ app_end ] --END-- [ RunTime:0.005444s ]

[ 2017-04-19T19:31:21+08:00 ] ::1 /stocktradingsystem/index.php/Home/Index/selectedCourse
INFO: [ app_init ] --START--
INFO: Run Behavior\BuildLiteBehavior [ RunTime:0.000645s ]
INFO: [ app_init ] --END-- [ RunTime:0.005010s ]
INFO: [ app_begin ] --START--
INFO: Run Behavior\ReadHtmlCacheBehavior [ RunTime:0.002950s ]
INFO: [ app_begin ] --END-- [ RunTime:0.005559s ]
ERR: 非法操作:selectedCourse

[ 2017-04-19T19:31:26+08:00 ] ::1 /stocktradingsystem/index.php/Home/Index/listCourse
INFO: [ app_init ] --START--
INFO: Run Behavior\BuildLiteBehavior [ RunTime:0.002860s ]
INFO: [ app_init ] --END-- [ RunTime:0.077397s ]
INFO: [ app_begin ] --START--
INFO: Run Behavior\ReadHtmlCacheBehavior [ RunTime:0.007197s ]
INFO: [ app_begin ] --END-- [ RunTime:0.015188s ]
ERR: 非法操作:listCourse

[ 2017-04-19T19:31:34+08:00 ] ::1 /stocktradingsystem/index.php/Home/Index/index.html
INFO: [ app_init ] --START--
INFO: Run Behavior\BuildLiteBehavior [ RunTime:0.000886s ]
INFO: [ app_init ] --END-- [ RunTime:0.007821s ]
INFO: [ app_begin ] --START--
INFO: Run Behavior\ReadHtmlCacheBehavior [ RunTime:0.005127s ]
INFO: [ app_begin ] --END-- [ RunTime:0.008946s ]
INFO: [ view_parse ] --START--
INFO: [ template_filter ] --START--
INFO: Run Behavior\ContentReplaceBehavior [ RunTime:0.001424s ]
INFO: [ template_filter ] --END-- [ RunTime:0.013891s ]
NOTIC: [8] Undefined variable: username C:\xampp\htdocs\StockTradingSystem\Application\Runtime\Cache\Home\2a94b8bda04ff446dcedd42276fc99ee.php 第 24 行.
NOTIC: [8] Undefined variable: date C:\xampp\htdocs\StockTradingSystem\Application\Runtime\Cache\Home\2a94b8bda04ff446dcedd42276fc99ee.php 第 24 行.
INFO: Run Behavior\ParseTemplateBehavior [ RunTime:0.624759s ]
INFO: [ view_parse ] --END-- [ RunTime:0.666025s ]
INFO: [ view_filter ] --START--
INFO: Run Behavior\WriteHtmlCacheBehavior [ RunTime:0.015741s ]
INFO: [ view_filter ] --END-- [ RunTime:0.061847s ]
INFO: [ app_end ] --START--
INFO: Run Behavior\ShowPageTraceBehavior [ RunTime:0.017140s ]
INFO: [ app_end ] --END-- [ RunTime:0.039380s ]

[ 2017-04-19T19:31:35+08:00 ] ::1 /stocktradingsystem/index.php/Home/Index/sellStock
INFO: [ app_init ] --START--
INFO: Run Behavior\BuildLiteBehavior [ RunTime:0.000406s ]
INFO: [ app_init ] --END-- [ RunTime:0.004259s ]
INFO: [ app_begin ] --START--
INFO: Run Behavior\ReadHtmlCacheBehavior [ RunTime:0.007738s ]
INFO: [ app_begin ] --END-- [ RunTime:0.010647s ]
INFO: [ view_parse ] --START--
INFO: [ template_filter ] --START--
INFO: Run Behavior\ContentReplaceBehavior [ RunTime:0.002313s ]
INFO: [ template_filter ] --END-- [ RunTime:0.005513s ]
NOTIC: [8] Undefined variable: username C:\xampp\htdocs\StockTradingSystem\Application\Runtime\Cache\Home\4eb0e7c5373f7550e3e982aa9e2655c0.php 第 24 行.
NOTIC: [8] Undefined variable: date C:\xampp\htdocs\StockTradingSystem\Application\Runtime\Cache\Home\4eb0e7c5373f7550e3e982aa9e2655c0.php 第 24 行.
INFO: Run Behavior\ParseTemplateBehavior [ RunTime:0.257287s ]
INFO: [ view_parse ] --END-- [ RunTime:0.267504s ]
INFO: [ view_filter ] --START--
INFO: Run Behavior\WriteHtmlCacheBehavior [ RunTime:0.016880s ]
INFO: [ view_filter ] --END-- [ RunTime:0.019788s ]
INFO: [ app_end ] --START--
INFO: Run Behavior\ShowPageTraceBehavior [ RunTime:0.008909s ]
INFO: [ app_end ] --END-- [ RunTime:0.014710s ]

[ 2017-04-19T19:31:39+08:00 ] ::1 /stocktradingsystem/index.php/Home/Index/index
INFO: [ app_init ] --START--
INFO: Run Behavior\BuildLiteBehavior [ RunTime:0.000583s ]
INFO: [ app_init ] --END-- [ RunTime:0.009903s ]
INFO: [ app_begin ] --START--
INFO: Run Behavior\ReadHtmlCacheBehavior [ RunTime:0.009880s ]
INFO: [ app_begin ] --END-- [ RunTime:0.069922s ]
INFO: [ view_parse ] --START--
INFO: [ template_filter ] --START--
INFO: Run Behavior\ContentReplaceBehavior [ RunTime:0.016744s ]
INFO: [ template_filter ] --END-- [ RunTime:0.019433s ]
NOTIC: [8] Undefined variable: username C:\xampp\htdocs\StockTradingSystem\Application\Runtime\Cache\Home\2a94b8bda04ff446dcedd42276fc99ee.php 第 24 行.
NOTIC: [8] Undefined variable: date C:\xampp\htdocs\StockTradingSystem\Application\Runtime\Cache\Home\2a94b8bda04ff446dcedd42276fc99ee.php 第 24 行.
INFO: Run Behavior\ParseTemplateBehavior [ RunTime:0.435836s ]
INFO: [ view_parse ] --END-- [ RunTime:0.438700s ]
INFO: [ view_filter ] --START--
INFO: Run Behavior\WriteHtmlCacheBehavior [ RunTime:0.004542s ]
INFO: [ view_filter ] --END-- [ RunTime:0.007560s ]
INFO: [ app_end ] --START--
INFO: Run Behavior\ShowPageTraceBehavior [ RunTime:0.004408s ]
INFO: [ app_end ] --END-- [ RunTime:0.010970s ]

[ 2017-04-19T19:31:42+08:00 ] ::1 /stocktradingsystem/index.php/Home/Index/index
INFO: [ app_init ] --START--
INFO: Run Behavior\BuildLiteBehavior [ RunTime:0.000384s ]
INFO: [ app_init ] --END-- [ RunTime:0.003467s ]
INFO: [ app_begin ] --START--
INFO: Run Behavior\ReadHtmlCacheBehavior [ RunTime:0.002678s ]
INFO: [ app_begin ] --END-- [ RunTime:0.004295s ]
INFO: [ view_parse ] --START--
INFO: [ template_filter ] --START--
INFO: Run Behavior\ContentReplaceBehavior [ RunTime:0.001429s ]
INFO: [ template_filter ] --END-- [ RunTime:0.013966s ]
NOTIC: [8] Undefined variable: username C:\xampp\htdocs\StockTradingSystem\Application\Runtime\Cache\Home\2a94b8bda04ff446dcedd42276fc99ee.php 第 24 行.
NOTIC: [8] Undefined variable: date C:\xampp\htdocs\StockTradingSystem\Application\Runtime\Cache\Home\2a94b8bda04ff446dcedd42276fc99ee.php 第 24 行.
INFO: Run Behavior\ParseTemplateBehavior [ RunTime:0.264086s ]
INFO: [ view_parse ] --END-- [ RunTime:0.275930s ]
INFO: [ view_filter ] --START--
INFO: Run Behavior\WriteHtmlCacheBehavior [ RunTime:0.038643s ]
INFO: [ view_filter ] --END-- [ RunTime:0.041337s ]
INFO: [ app_end ] --START--
INFO: Run Behavior\ShowPageTraceBehavior [ RunTime:0.015788s ]
INFO: [ app_end ] --END-- [ RunTime:0.038469s ]

[ 2017-04-19T19:31:43+08:00 ] ::1 /stocktradingsystem/index.php/Home/Index/sellStock
INFO: [ app_init ] --START--
INFO: Run Behavior\BuildLiteBehavior [ RunTime:0.000284s ]
INFO: [ app_init ] --END-- [ RunTime:0.002924s ]
INFO: [ app_begin ] --START--
INFO: Run Behavior\ReadHtmlCacheBehavior [ RunTime:0.002279s ]
INFO: [ app_begin ] --END-- [ RunTime:0.003744s ]
INFO: [ view_parse ] --START--
INFO: [ template_filter ] --START--
INFO: Run Behavior\ContentReplaceBehavior [ RunTime:0.001003s ]
INFO: [ template_filter ] --END-- [ RunTime:0.002868s ]
NOTIC: [8] Undefined variable: username C:\xampp\htdocs\StockTradingSystem\Application\Runtime\Cache\Home\4eb0e7c5373f7550e3e982aa9e2655c0.php 第 24 行.
NOTIC: [8] Undefined variable: date C:\xampp\htdocs\StockTradingSystem\Application\Runtime\Cache\Home\4eb0e7c5373f7550e3e982aa9e2655c0.php 第 24 行.
INFO: Run Behavior\ParseTemplateBehavior [ RunTime:0.056108s ]
INFO: [ view_parse ] --END-- [ RunTime:0.058159s ]
INFO: [ view_filter ] --START--
INFO: Run Behavior\WriteHtmlCacheBehavior [ RunTime:0.002013s ]
INFO: [ view_filter ] --END-- [ RunTime:0.003501s ]
INFO: [ app_end ] --START--
INFO: Run Behavior\ShowPageTraceBehavior [ RunTime:0.005109s ]
INFO: [ app_end ] --END-- [ RunTime:0.006700s ]

[ 2017-04-19T19:34:29+08:00 ] ::1 /stocktradingsystem/index.php/Home/Index/sellStock
INFO: [ app_init ] --START--
INFO: Run Behavior\BuildLiteBehavior [ RunTime:0.000272s ]
INFO: [ app_init ] --END-- [ RunTime:0.002637s ]
INFO: [ app_begin ] --START--
INFO: Run Behavior\ReadHtmlCacheBehavior [ RunTime:0.002294s ]
INFO: [ app_begin ] --END-- [ RunTime:0.003894s ]
INFO: [ view_parse ] --START--
INFO: [ template_filter ] --START--
INFO: Run Behavior\ContentReplaceBehavior [ RunTime:0.000742s ]
INFO: [ template_filter ] --END-- [ RunTime:0.014579s ]
NOTIC: [8] Undefined variable: username C:\xampp\htdocs\StockTradingSystem\Application\Runtime\Cache\Home\4eb0e7c5373f7550e3e982aa9e2655c0.php 第 24 行.
NOTIC: [8] Undefined variable: date C:\xampp\htdocs\StockTradingSystem\Application\Runtime\Cache\Home\4eb0e7c5373f7550e3e982aa9e2655c0.php 第 24 行.
INFO: Run Behavior\ParseTemplateBehavior [ RunTime:0.140143s ]
INFO: [ view_parse ] --END-- [ RunTime:0.142039s ]
INFO: [ view_filter ] --START--
INFO: Run Behavior\WriteHtmlCacheBehavior [ RunTime:0.003562s ]
INFO: [ view_filter ] --END-- [ RunTime:0.008598s ]
INFO: [ app_end ] --START--
INFO: Run Behavior\ShowPageTraceBehavior [ RunTime:0.026459s ]
INFO: [ app_end ] --END-- [ RunTime:0.028432s ]

[ 2017-04-19T19:34:32+08:00 ] ::1 /stocktradingsystem/index.php/Home/Index/
INFO: [ app_init ] --START--
INFO: Run Behavior\BuildLiteBehavior [ RunTime:0.000242s ]
INFO: [ app_init ] --END-- [ RunTime:0.002318s ]
INFO: [ app_begin ] --START--
INFO: Run Behavior\ReadHtmlCacheBehavior [ RunTime:0.001999s ]
INFO: [ app_begin ] --END-- [ RunTime:0.003483s ]

[ 2017-04-19T19:34:32+08:00 ] ::1 /stocktradingsystem/index.php/Home/Index/buyStock.html
INFO: [ app_init ] --START--
INFO: Run Behavior\BuildLiteBehavior [ RunTime:0.000291s ]
INFO: [ app_init ] --END-- [ RunTime:0.002590s ]
INFO: [ app_begin ] --START--
INFO: Run Behavior\ReadHtmlCacheBehavior [ RunTime:0.002825s ]
INFO: [ app_begin ] --END-- [ RunTime:0.004986s ]
ERR: 模板不存在:./Application/Home/View/Index/buyStock.html

[ 2017-04-19T19:34:44+08:00 ] ::1 /stocktradingsystem/index.php/Home/Index/buyStock.html
INFO: [ app_init ] --START--
INFO: Run Behavior\BuildLiteBehavior [ RunTime:0.000805s ]
INFO: [ app_init ] --END-- [ RunTime:0.039198s ]
INFO: [ app_begin ] --START--
INFO: Run Behavior\ReadHtmlCacheBehavior [ RunTime:0.002721s ]
INFO: [ app_begin ] --END-- [ RunTime:0.030995s ]
INFO: [ view_parse ] --START--
INFO: [ template_filter ] --START--
INFO: Run Behavior\ContentReplaceBehavior [ RunTime:0.006396s ]
INFO: [ template_filter ] --END-- [ RunTime:0.008520s ]
NOTIC: [8] Undefined variable: username C:\xampp\htdocs\StockTradingSystem\Application\Runtime\Cache\Home\6097785a70392dc60403a1efc24c5eed.php 第 24 行.
NOTIC: [8] Undefined variable: date C:\xampp\htdocs\StockTradingSystem\Application\Runtime\Cache\Home\6097785a70392dc60403a1efc24c5eed.php 第 24 行.
INFO: Run Behavior\ParseTemplateBehavior [ RunTime:0.131018s ]
INFO: [ view_parse ] --END-- [ RunTime:0.136698s ]
INFO: [ view_filter ] --START--
INFO: Run Behavior\WriteHtmlCacheBehavior [ RunTime:0.001929s ]
INFO: [ view_filter ] --END-- [ RunTime:0.003374s ]
INFO: [ app_end ] --START--
INFO: Run Behavior\ShowPageTraceBehavior [ RunTime:0.002111s ]
INFO: [ app_end ] --END-- [ RunTime:0.003633s ]

[ 2017-04-19T19:34:46+08:00 ] ::1 /stocktradingsystem/index.php/Home/Index/buyStock
INFO: [ app_init ] --START--
INFO: Run Behavior\BuildLiteBehavior [ RunTime:0.000278s ]
INFO: [ app_init ] --END-- [ RunTime:0.002550s ]
INFO: [ app_begin ] --START--
INFO: Run Behavior\ReadHtmlCacheBehavior [ RunTime:0.002666s ]
INFO: [ app_begin ] --END-- [ RunTime:0.004424s ]
INFO: [ view_parse ] --START--
INFO: [ template_filter ] --START--
INFO: Run Behavior\ContentReplaceBehavior [ RunTime:0.005994s ]
INFO: [ template_filter ] --END-- [ RunTime:0.007982s ]
NOTIC: [8] Undefined variable: username C:\xampp\htdocs\StockTradingSystem\Application\Runtime\Cache\Home\6097785a70392dc60403a1efc24c5eed.php 第 24 行.
NOTIC: [8] Undefined variable: date C:\xampp\htdocs\StockTradingSystem\Application\Runtime\Cache\Home\6097785a70392dc60403a1efc24c5eed.php 第 24 行.
INFO: Run Behavior\ParseTemplateBehavior [ RunTime:0.114800s ]
INFO: [ view_parse ] --END-- [ RunTime:0.127346s ]
INFO: [ view_filter ] --START--
INFO: Run Behavior\WriteHtmlCacheBehavior [ RunTime:0.004514s ]
INFO: [ view_filter ] --END-- [ RunTime:0.006753s ]
INFO: [ app_end ] --START--
INFO: Run Behavior\ShowPageTraceBehavior [ RunTime:0.005414s ]
INFO: [ app_end ] --END-- [ RunTime:0.007158s ]

[ 2017-04-19T19:34:47+08:00 ] ::1 /stocktradingsystem/index.php/Home/Index/sellStock
INFO: [ app_init ] --START--
INFO: Run Behavior\BuildLiteBehavior [ RunTime:0.000282s ]
INFO: [ app_init ] --END-- [ RunTime:0.002549s ]
INFO: [ app_begin ] --START--
INFO: Run Behavior\ReadHtmlCacheBehavior [ RunTime:0.003213s ]
INFO: [ app_begin ] --END-- [ RunTime:0.004726s ]
INFO: [ view_parse ] --START--
INFO: [ template_filter ] --START--
INFO: Run Behavior\ContentReplaceBehavior [ RunTime:0.000681s ]
INFO: [ template_filter ] --END-- [ RunTime:0.002140s ]
NOTIC: [8] Undefined variable: username C:\xampp\htdocs\StockTradingSystem\Application\Runtime\Cache\Home\4eb0e7c5373f7550e3e982aa9e2655c0.php 第 24 行.
NOTIC: [8] Undefined variable: date C:\xampp\htdocs\StockTradingSystem\Application\Runtime\Cache\Home\4eb0e7c5373f7550e3e982aa9e2655c0.php 第 24 行.
INFO: Run Behavior\ParseTemplateBehavior [ RunTime:0.098783s ]
INFO: [ view_parse ] --END-- [ RunTime:0.100210s ]
INFO: [ view_filter ] --START--
INFO: Run Behavior\WriteHtmlCacheBehavior [ RunTime:0.005274s ]
INFO: [ view_filter ] --END-- [ RunTime:0.013212s ]
INFO: [ app_end ] --START--
INFO: Run Behavior\ShowPageTraceBehavior [ RunTime:0.015049s ]
INFO: [ app_end ] --END-- [ RunTime:0.016903s ]

[ 2017-04-19T19:35:11+08:00 ] ::1 /stocktradingsystem/index.php/Home/Index/sellStock
INFO: [ app_init ] --START--
INFO: Run Behavior\BuildLiteBehavior [ RunTime:0.000311s ]
INFO: [ app_init ] --END-- [ RunTime:0.024752s ]
INFO: [ app_begin ] --START--
INFO: Run Behavior\ReadHtmlCacheBehavior [ RunTime:0.002552s ]
INFO: [ app_begin ] --END-- [ RunTime:0.004295s ]
INFO: [ view_parse ] --START--
INFO: [ template_filter ] --START--
INFO: Run Behavior\ContentReplaceBehavior [ RunTime:0.001116s ]
INFO: [ template_filter ] --END-- [ RunTime:0.013412s ]
NOTIC: [8] Undefined variable: username C:\xampp\htdocs\StockTradingSystem\Application\Runtime\Cache\Home\4eb0e7c5373f7550e3e982aa9e2655c0.php 第 24 行.
NOTIC: [8] Undefined variable: date C:\xampp\htdocs\StockTradingSystem\Application\Runtime\Cache\Home\4eb0e7c5373f7550e3e982aa9e2655c0.php 第 24 行.
INFO: Run Behavior\ParseTemplateBehavior [ RunTime:0.231264s ]
INFO: [ view_parse ] --END-- [ RunTime:0.260588s ]
INFO: [ view_filter ] --START--
INFO: Run Behavior\WriteHtmlCacheBehavior [ RunTime:0.022091s ]
INFO: [ view_filter ] --END-- [ RunTime:0.023536s ]
INFO: [ app_end ] --START--
INFO: Run Behavior\ShowPageTraceBehavior [ RunTime:0.003072s ]
INFO: [ app_end ] --END-- [ RunTime:0.004746s ]

[ 2017-04-19T19:35:21+08:00 ] ::1 /stocktradingsystem/index.php/Home/Index/sellStock
INFO: [ app_init ] --START--
INFO: Run Behavior\BuildLiteBehavior [ RunTime:0.000540s ]
INFO: [ app_init ] --END-- [ RunTime:0.068063s ]
INFO: [ app_begin ] --START--
INFO: Run Behavior\ReadHtmlCacheBehavior [ RunTime:0.014707s ]
INFO: [ app_begin ] --END-- [ RunTime:0.038834s ]
INFO: [ view_parse ] --START--
INFO: [ template_filter ] --START--
INFO: Run Behavior\ContentReplaceBehavior [ RunTime:0.000657s ]
INFO: [ template_filter ] --END-- [ RunTime:0.002069s ]
NOTIC: [8] Undefined variable: username C:\xampp\htdocs\StockTradingSystem\Application\Runtime\Cache\Home\4eb0e7c5373f7550e3e982aa9e2655c0.php 第 24 行.
NOTIC: [8] Undefined variable: date C:\xampp\htdocs\StockTradingSystem\Application\Runtime\Cache\Home\4eb0e7c5373f7550e3e982aa9e2655c0.php 第 24 行.
INFO: Run Behavior\ParseTemplateBehavior [ RunTime:0.116662s ]
INFO: [ view_parse ] --END-- [ RunTime:0.122253s ]
INFO: [ view_filter ] --START--
INFO: Run Behavior\WriteHtmlCacheBehavior [ RunTime:0.001859s ]
INFO: [ view_filter ] --END-- [ RunTime:0.003182s ]
INFO: [ app_end ] --START--
INFO: Run Behavior\ShowPageTraceBehavior [ RunTime:0.002147s ]
INFO: [ app_end ] --END-- [ RunTime:0.003498s ]

[ 2017-04-19T19:35:28+08:00 ] ::1 /stocktradingsystem/index.php/Home/Index/sellStock
INFO: [ app_init ] --START--
INFO: Run Behavior\BuildLiteBehavior [ RunTime:0.000289s ]
INFO: [ app_init ] --END-- [ RunTime:0.002767s ]
INFO: [ app_begin ] --START--
INFO: Run Behavior\ReadHtmlCacheBehavior [ RunTime:0.020835s ]
INFO: [ app_begin ] --END-- [ RunTime:0.029999s ]
INFO: [ view_parse ] --START--
INFO: [ template_filter ] --START--
INFO: Run Behavior\ContentReplaceBehavior [ RunTime:0.002070s ]
INFO: [ template_filter ] --END-- [ RunTime:0.004859s ]
NOTIC: [8] Undefined variable: username C:\xampp\htdocs\StockTradingSystem\Application\Runtime\Cache\Home\4eb0e7c5373f7550e3e982aa9e2655c0.php 第 24 行.
NOTIC: [8] Undefined variable: date C:\xampp\htdocs\StockTradingSystem\Application\Runtime\Cache\Home\4eb0e7c5373f7550e3e982aa9e2655c0.php 第 24 行.
INFO: Run Behavior\ParseTemplateBehavior [ RunTime:0.229786s ]
INFO: [ view_parse ] --END-- [ RunTime:0.231588s ]
INFO: [ view_filter ] --START--
INFO: Run Behavior\WriteHtmlCacheBehavior [ RunTime:0.006767s ]
INFO: [ view_filter ] --END-- [ RunTime:0.021389s ]
INFO: [ app_end ] --START--
INFO: Run Behavior\ShowPageTraceBehavior [ RunTime:0.063115s ]
INFO: [ app_end ] --END-- [ RunTime:0.070789s ]

[ 2017-04-19T19:35:32+08:00 ] ::1 /stocktradingsystem/index.php/Home/Index/sellStock
INFO: [ app_init ] --START--
INFO: Run Behavior\BuildLiteBehavior [ RunTime:0.000423s ]
INFO: [ app_init ] --END-- [ RunTime:0.005505s ]
INFO: [ app_begin ] --START--
INFO: Run Behavior\ReadHtmlCacheBehavior [ RunTime:0.002873s ]
INFO: [ app_begin ] --END-- [ RunTime:0.004302s ]
INFO: [ view_parse ] --START--
INFO: [ template_filter ] --START--
INFO: Run Behavior\ContentReplaceBehavior [ RunTime:0.003871s ]
INFO: [ template_filter ] --END-- [ RunTime:0.015237s ]
NOTIC: [8] Undefined variable: username C:\xampp\htdocs\StockTradingSystem\Application\Runtime\Cache\Home\4eb0e7c5373f7550e3e982aa9e2655c0.php 第 24 行.
NOTIC: [8] Undefined variable: date C:\xampp\htdocs\StockTradingSystem\Application\Runtime\Cache\Home\4eb0e7c5373f7550e3e982aa9e2655c0.php 第 24 行.
INFO: Run Behavior\ParseTemplateBehavior [ RunTime:0.210381s ]
INFO: [ view_parse ] --END-- [ RunTime:0.212400s ]
INFO: [ view_filter ] --START--
INFO: Run Behavior\WriteHtmlCacheBehavior [ RunTime:0.008797s ]
INFO: [ view_filter ] --END-- [ RunTime:0.014964s ]
INFO: [ app_end ] --START--
INFO: Run Behavior\ShowPageTraceBehavior [ RunTime:0.012982s ]
INFO: [ app_end ] --END-- [ RunTime:0.036894s ]

[ 2017-04-19T20:55:07+08:00 ] ::1 /stocktradingsystem/index.php/Home/Index/revoke
INFO: [ app_init ] --START--
INFO: Run Behavior\BuildLiteBehavior [ RunTime:0.000188s ]
INFO: [ app_init ] --END-- [ RunTime:0.008935s ]
INFO: [ app_begin ] --START--
INFO: Run Behavior\ReadHtmlCacheBehavior [ RunTime:0.016040s ]
INFO: [ app_begin ] --END-- [ RunTime:0.017439s ]
ERR: 非法操作:revoke

[ 2017-04-19T21:10:35+08:00 ] ::1 /stocktradingsystem/index.php/Home/Index/sellStock
INFO: [ app_init ] --START--
INFO: Run Behavior\BuildLiteBehavior [ RunTime:0.000272s ]
INFO: [ app_init ] --END-- [ RunTime:0.002415s ]
INFO: [ app_begin ] --START--
INFO: Run Behavior\ReadHtmlCacheBehavior [ RunTime:0.001598s ]
INFO: [ app_begin ] --END-- [ RunTime:0.002807s ]
INFO: [ view_parse ] --START--
INFO: [ template_filter ] --START--
INFO: Run Behavior\ContentReplaceBehavior [ RunTime:0.001285s ]
INFO: [ template_filter ] --END-- [ RunTime:0.002884s ]
NOTIC: [8] Undefined variable: username C:\xampp\htdocs\StockTradingSystem\Application\Runtime\Cache\Home\4eb0e7c5373f7550e3e982aa9e2655c0.php 第 24 行.
NOTIC: [8] Undefined variable: date C:\xampp\htdocs\StockTradingSystem\Application\Runtime\Cache\Home\4eb0e7c5373f7550e3e982aa9e2655c0.php 第 24 行.
INFO: Run Behavior\ParseTemplateBehavior [ RunTime:0.149783s ]
INFO: [ view_parse ] --END-- [ RunTime:0.153166s ]
INFO: [ view_filter ] --START--
INFO: Run Behavior\WriteHtmlCacheBehavior [ RunTime:0.019567s ]
INFO: [ view_filter ] --END-- [ RunTime:0.021230s ]
INFO: [ app_end ] --START--
INFO: Run Behavior\ShowPageTraceBehavior [ RunTime:0.016123s ]
INFO: [ app_end ] --END-- [ RunTime:0.017476s ]

[ 2017-04-19T21:10:37+08:00 ] ::1 /stocktradingsystem/index.php/Home/Index/buyStock
INFO: [ app_init ] --START--
INFO: Run Behavior\BuildLiteBehavior [ RunTime:0.000289s ]
INFO: [ app_init ] --END-- [ RunTime:0.002727s ]
INFO: [ app_begin ] --START--
INFO: Run Behavior\ReadHtmlCacheBehavior [ RunTime:0.002247s ]
INFO: [ app_begin ] --END-- [ RunTime:0.003868s ]
INFO: [ view_parse ] --START--
INFO: [ template_filter ] --START--
INFO: Run Behavior\ContentReplaceBehavior [ RunTime:0.002136s ]
INFO: [ template_filter ] --END-- [ RunTime:0.006157s ]
NOTIC: [8] Undefined variable: username C:\xampp\htdocs\StockTradingSystem\Application\Runtime\Cache\Home\6097785a70392dc60403a1efc24c5eed.php 第 24 行.
NOTIC: [8] Undefined variable: date C:\xampp\htdocs\StockTradingSystem\Application\Runtime\Cache\Home\6097785a70392dc60403a1efc24c5eed.php 第 24 行.
INFO: Run Behavior\ParseTemplateBehavior [ RunTime:0.184677s ]
INFO: [ view_parse ] --END-- [ RunTime:0.186035s ]
INFO: [ view_filter ] --START--
INFO: Run Behavior\WriteHtmlCacheBehavior [ RunTime:0.002241s ]
INFO: [ view_filter ] --END-- [ RunTime:0.003909s ]
INFO: [ app_end ] --START--
INFO: Run Behavior\ShowPageTraceBehavior [ RunTime:0.004034s ]
INFO: [ app_end ] --END-- [ RunTime:0.005449s ]

[ 2017-04-19T21:10:39+08:00 ] ::1 /stocktradingsystem/index.php/Home/Index/sellStock
INFO: [ app_init ] --START--
INFO: Run Behavior\BuildLiteBehavior [ RunTime:0.000275s ]
INFO: [ app_init ] --END-- [ RunTime:0.002524s ]
INFO: [ app_begin ] --START--
INFO: Run Behavior\ReadHtmlCacheBehavior [ RunTime:0.002882s ]
INFO: [ app_begin ] --END-- [ RunTime:0.008903s ]
INFO: [ view_parse ] --START--
INFO: [ template_filter ] --START--
INFO: Run Behavior\ContentReplaceBehavior [ RunTime:0.001200s ]
INFO: [ template_filter ] --END-- [ RunTime:0.002835s ]
NOTIC: [8] Undefined variable: username C:\xampp\htdocs\StockTradingSystem\Application\Runtime\Cache\Home\4eb0e7c5373f7550e3e982aa9e2655c0.php 第 24 行.
NOTIC: [8] Undefined variable: date C:\xampp\htdocs\StockTradingSystem\Application\Runtime\Cache\Home\4eb0e7c5373f7550e3e982aa9e2655c0.php 第 24 行.
INFO: Run Behavior\ParseTemplateBehavior [ RunTime:0.054648s ]
INFO: [ view_parse ] --END-- [ RunTime:0.056056s ]
INFO: [ view_filter ] --START--
INFO: Run Behavior\WriteHtmlCacheBehavior [ RunTime:0.001944s ]
INFO: [ view_filter ] --END-- [ RunTime:0.003275s ]
INFO: [ app_end ] --START--
INFO: Run Behavior\ShowPageTraceBehavior [ RunTime:0.003589s ]
INFO: [ app_end ] --END-- [ RunTime:0.013673s ]

[ 2017-04-19T21:11:00+08:00 ] ::1 /stocktradingsystem/index.php/Home/Index/sellStock
INFO: [ app_init ] --START--
INFO: Run Behavior\BuildLiteBehavior [ RunTime:0.000299s ]
INFO: [ app_init ] --END-- [ RunTime:0.002673s ]
INFO: [ app_begin ] --START--
INFO: Run Behavior\ReadHtmlCacheBehavior [ RunTime:0.002091s ]
INFO: [ app_begin ] --END-- [ RunTime:0.003670s ]
INFO: [ view_parse ] --START--
INFO: [ template_filter ] --START--
INFO: Run Behavior\ContentReplaceBehavior [ RunTime:0.001066s ]
INFO: [ template_filter ] --END-- [ RunTime:0.007072s ]
NOTIC: [8] Undefined variable: username C:\xampp\htdocs\StockTradingSystem\Application\Runtime\Cache\Home\4eb0e7c5373f7550e3e982aa9e2655c0.php 第 24 行.
NOTIC: [8] Undefined variable: date C:\xampp\htdocs\StockTradingSystem\Application\Runtime\Cache\Home\4eb0e7c5373f7550e3e982aa9e2655c0.php 第 24 行.
INFO: Run Behavior\ParseTemplateBehavior [ RunTime:0.147050s ]
INFO: [ view_parse ] --END-- [ RunTime:0.149136s ]
INFO: [ view_filter ] --START--
INFO: Run Behavior\WriteHtmlCacheBehavior [ RunTime:0.008544s ]
INFO: [ view_filter ] --END-- [ RunTime:0.013105s ]
INFO: [ app_end ] --START--
INFO: Run Behavior\ShowPageTraceBehavior [ RunTime:0.002437s ]
INFO: [ app_end ] --END-- [ RunTime:0.005460s ]

[ 2017-04-19T21:11:41+08:00 ] ::1 /stocktradingsystem/index.php/Home/Index/sellStock
INFO: [ app_init ] --START--
INFO: Run Behavior\BuildLiteBehavior [ RunTime:0.000370s ]
INFO: [ app_init ] --END-- [ RunTime:0.002912s ]
INFO: [ app_begin ] --START--
INFO: Run Behavior\ReadHtmlCacheBehavior [ RunTime:0.002801s ]
INFO: [ app_begin ] --END-- [ RunTime:0.019821s ]
INFO: [ view_parse ] --START--
INFO: [ template_filter ] --START--
INFO: Run Behavior\ContentReplaceBehavior [ RunTime:0.000695s ]
INFO: [ template_filter ] --END-- [ RunTime:0.002199s ]
NOTIC: [8] Undefined variable: date C:\xampp\htdocs\StockTradingSystem\Application\Runtime\Cache\Home\4eb0e7c5373f7550e3e982aa9e2655c0.php 第 24 行.
INFO: Run Behavior\ParseTemplateBehavior [ RunTime:0.147471s ]
INFO: [ view_parse ] --END-- [ RunTime:0.150329s ]
INFO: [ view_filter ] --START--
INFO: Run Behavior\WriteHtmlCacheBehavior [ RunTime:0.002845s ]
INFO: [ view_filter ] --END-- [ RunTime:0.005624s ]
INFO: [ app_end ] --START--
INFO: Run Behavior\ShowPageTraceBehavior [ RunTime:0.003918s ]
INFO: [ app_end ] --END-- [ RunTime:0.006128s ]

[ 2017-04-19T21:12:57+08:00 ] ::1 /stocktradingsystem/index.php/Home/Index/sellStock
INFO: [ app_init ] --START--
INFO: Run Behavior\BuildLiteBehavior [ RunTime:0.014352s ]
INFO: [ app_init ] --END-- [ RunTime:0.070248s ]
INFO: [ app_begin ] --START--
INFO: Run Behavior\ReadHtmlCacheBehavior [ RunTime:0.004124s ]
INFO: [ app_begin ] --END-- [ RunTime:0.010133s ]
INFO: [ view_parse ] --START--
INFO: [ template_filter ] --START--
INFO: Run Behavior\ContentReplaceBehavior [ RunTime:0.000656s ]
INFO: [ template_filter ] --END-- [ RunTime:0.002125s ]
NOTIC: [8] Undefined variable: date C:\xampp\htdocs\StockTradingSystem\Application\Runtime\Cache\Home\4eb0e7c5373f7550e3e982aa9e2655c0.php 第 24 行.
INFO: Run Behavior\ParseTemplateBehavior [ RunTime:0.051626s ]
INFO: [ view_parse ] --END-- [ RunTime:0.053634s ]
INFO: [ view_filter ] --START--
INFO: Run Behavior\WriteHtmlCacheBehavior [ RunTime:0.001773s ]
INFO: [ view_filter ] --END-- [ RunTime:0.003286s ]
INFO: [ app_end ] --START--
INFO: Run Behavior\ShowPageTraceBehavior [ RunTime:0.005587s ]
INFO: [ app_end ] --END-- [ RunTime:0.009530s ]

[ 2017-04-19T21:14:20+08:00 ] ::1 /stocktradingsystem/index.php/Home/Index/sellStock
INFO: [ app_init ] --START--
INFO: Run Behavior\BuildLiteBehavior [ RunTime:0.000398s ]
INFO: [ app_init ] --END-- [ RunTime:0.005496s ]
INFO: [ app_begin ] --START--
INFO: Run Behavior\ReadHtmlCacheBehavior [ RunTime:0.020891s ]
INFO: [ app_begin ] --END-- [ RunTime:0.026431s ]
INFO: [ view_parse ] --START--
INFO: [ template_filter ] --START--
INFO: Run Behavior\ContentReplaceBehavior [ RunTime:0.001532s ]
INFO: [ template_filter ] --END-- [ RunTime:0.004090s ]
INFO: Run Behavior\ParseTemplateBehavior [ RunTime:0.160631s ]
INFO: [ view_parse ] --END-- [ RunTime:0.163754s ]
INFO: [ view_filter ] --START--
INFO: Run Behavior\WriteHtmlCacheBehavior [ RunTime:0.006597s ]
INFO: [ view_filter ] --END-- [ RunTime:0.010145s ]
INFO: [ app_end ] --START--
INFO: Run Behavior\ShowPageTraceBehavior [ RunTime:0.022401s ]
INFO: [ app_end ] --END-- [ RunTime:0.060877s ]

[ 2017-04-19T21:18:26+08:00 ] ::1 /stocktradingsystem/index.php/Home/Index/revoke
INFO: [ app_init ] --START--
INFO: Run Behavior\BuildLiteBehavior [ RunTime:0.000306s ]
INFO: [ app_init ] --END-- [ RunTime:0.003134s ]
INFO: [ app_begin ] --START--
INFO: Run Behavior\ReadHtmlCacheBehavior [ RunTime:0.002828s ]
INFO: [ app_begin ] --END-- [ RunTime:0.007365s ]
ERR: 非法操作:revoke

[ 2017-04-19T21:24:22+08:00 ] ::1 /stocktradingsystem/index.php/Home/Index/sellStock
INFO: [ app_init ] --START--
INFO: Run Behavior\BuildLiteBehavior [ RunTime:0.001035s ]
INFO: [ app_init ] --END-- [ RunTime:0.010044s ]
INFO: [ app_begin ] --START--
INFO: Run Behavior\ReadHtmlCacheBehavior [ RunTime:0.029841s ]
INFO: [ app_begin ] --END-- [ RunTime:0.038847s ]
INFO: [ view_parse ] --START--
INFO: [ template_filter ] --START--
INFO: Run Behavior\ContentReplaceBehavior [ RunTime:0.002613s ]
INFO: [ template_filter ] --END-- [ RunTime:0.009871s ]
INFO: Run Behavior\ParseTemplateBehavior [ RunTime:0.255123s ]
INFO: [ view_parse ] --END-- [ RunTime:0.261483s ]
INFO: [ view_filter ] --START--
INFO: Run Behavior\WriteHtmlCacheBehavior [ RunTime:0.005155s ]
INFO: [ view_filter ] --END-- [ RunTime:0.031043s ]
INFO: [ app_end ] --START--
INFO: Run Behavior\ShowPageTraceBehavior [ RunTime:0.009307s ]
INFO: [ app_end ] --END-- [ RunTime:0.025999s ]

[ 2017-04-19T21:24:38+08:00 ] ::1 /stocktradingsystem/index.php/Home/Index/revoke
INFO: [ app_init ] --START--
INFO: Run Behavior\BuildLiteBehavior [ RunTime:0.011494s ]
INFO: [ app_init ] --END-- [ RunTime:0.044285s ]
INFO: [ app_begin ] --START--
INFO: Run Behavior\ReadHtmlCacheBehavior [ RunTime:0.012584s ]
INFO: [ app_begin ] --END-- [ RunTime:0.026571s ]
INFO: [ view_parse ] --START--
INFO: [ template_filter ] --START--
INFO: Run Behavior\ContentReplaceBehavior [ RunTime:0.001695s ]
INFO: [ template_filter ] --END-- [ RunTime:0.031713s ]
INFO: Run Behavior\ParseTemplateBehavior [ RunTime:0.486034s ]
INFO: [ view_parse ] --END-- [ RunTime:0.490339s ]
INFO: [ view_filter ] --START--
INFO: Run Behavior\WriteHtmlCacheBehavior [ RunTime:0.004835s ]
INFO: [ view_filter ] --END-- [ RunTime:0.008375s ]
INFO: [ app_end ] --START--
INFO: Run Behavior\ShowPageTraceBehavior [ RunTime:0.004915s ]
INFO: [ app_end ] --END-- [ RunTime:0.008889s ]

[ 2017-04-19T21:24:39+08:00 ] ::1 /stocktradingsystem/index.php/Home/Index/sellStock
INFO: [ app_init ] --START--
INFO: Run Behavior\BuildLiteBehavior [ RunTime:0.006166s ]
INFO: [ app_init ] --END-- [ RunTime:0.098410s ]
INFO: [ app_begin ] --START--
INFO: Run Behavior\ReadHtmlCacheBehavior [ RunTime:0.020080s ]
INFO: [ app_begin ] --END-- [ RunTime:0.055325s ]
INFO: [ view_parse ] --START--
INFO: [ template_filter ] --START--
INFO: Run Behavior\ContentReplaceBehavior [ RunTime:0.010654s ]
INFO: [ template_filter ] --END-- [ RunTime:0.110767s ]
INFO: Run Behavior\ParseTemplateBehavior [ RunTime:0.657302s ]
INFO: [ view_parse ] --END-- [ RunTime:0.675048s ]
INFO: [ view_filter ] --START--
INFO: Run Behavior\WriteHtmlCacheBehavior [ RunTime:0.010286s ]
INFO: [ view_filter ] --END-- [ RunTime:0.131241s ]
INFO: [ app_end ] --START--
INFO: Run Behavior\ShowPageTraceBehavior [ RunTime:0.035059s ]
INFO: [ app_end ] --END-- [ RunTime:0.042747s ]

[ 2017-04-19T21:24:43+08:00 ] ::1 /stocktradingsystem/index.php/Home/Index/buyStock
INFO: [ app_init ] --START--
INFO: Run Behavior\BuildLiteBehavior [ RunTime:0.038152s ]
INFO: [ app_init ] --END-- [ RunTime:0.074452s ]
INFO: [ app_begin ] --START--
INFO: Run Behavior\ReadHtmlCacheBehavior [ RunTime:0.076453s ]
INFO: [ app_begin ] --END-- [ RunTime:0.117442s ]
INFO: [ view_parse ] --START--
INFO: [ template_filter ] --START--
INFO: Run Behavior\ContentReplaceBehavior [ RunTime:0.001275s ]
INFO: [ template_filter ] --END-- [ RunTime:0.007820s ]
INFO: Run Behavior\ParseTemplateBehavior [ RunTime:0.236887s ]
INFO: [ view_parse ] --END-- [ RunTime:0.255377s ]
INFO: [ view_filter ] --START--
INFO: Run Behavior\WriteHtmlCacheBehavior [ RunTime:0.012436s ]
INFO: [ view_filter ] --END-- [ RunTime:0.028896s ]
INFO: [ app_end ] --START--
INFO: Run Behavior\ShowPageTraceBehavior [ RunTime:0.036622s ]
INFO: [ app_end ] --END-- [ RunTime:0.053601s ]

[ 2017-04-19T21:28:36+08:00 ] ::1 /stocktradingsystem/index.php/Home/Index/buyStock
INFO: [ app_init ] --START--
INFO: Run Behavior\BuildLiteBehavior [ RunTime:0.000996s ]
INFO: [ app_init ] --END-- [ RunTime:0.051717s ]
INFO: [ app_begin ] --START--
INFO: Run Behavior\ReadHtmlCacheBehavior [ RunTime:0.076603s ]
INFO: [ app_begin ] --END-- [ RunTime:0.105208s ]
INFO: [ view_parse ] --START--
INFO: [ template_filter ] --START--
INFO: Run Behavior\ContentReplaceBehavior [ RunTime:0.001261s ]
INFO: [ template_filter ] --END-- [ RunTime:0.051192s ]
INFO: Run Behavior\ParseTemplateBehavior [ RunTime:0.514426s ]
INFO: [ view_parse ] --END-- [ RunTime:0.531507s ]
INFO: [ view_filter ] --START--
INFO: Run Behavior\WriteHtmlCacheBehavior [ RunTime:0.026953s ]
INFO: [ view_filter ] --END-- [ RunTime:0.040087s ]
INFO: [ app_end ] --START--
INFO: Run Behavior\ShowPageTraceBehavior [ RunTime:0.013158s ]
INFO: [ app_end ] --END-- [ RunTime:0.023861s ]

[ 2017-04-19T21:33:04+08:00 ] ::1 /stocktradingsystem/index.php/
INFO: [ app_init ] --START--
INFO: Run Behavior\BuildLiteBehavior [ RunTime:0.019107s ]
INFO: [ app_init ] --END-- [ RunTime:0.056945s ]
INFO: [ app_begin ] --START--
INFO: Run Behavior\ReadHtmlCacheBehavior [ RunTime:0.080885s ]
INFO: [ app_begin ] --END-- [ RunTime:0.148323s ]

[ 2017-04-19T21:33:16+08:00 ] ::1 /stocktradingsystem/index.php/Home/Login/login
INFO: [ app_init ] --START--
INFO: Run Behavior\BuildLiteBehavior [ RunTime:0.000405s ]
INFO: [ app_init ] --END-- [ RunTime:0.006722s ]
INFO: [ app_begin ] --START--
INFO: Run Behavior\ReadHtmlCacheBehavior [ RunTime:0.011402s ]
INFO: [ app_begin ] --END-- [ RunTime:0.014685s ]
INFO: [ view_parse ] --START--
INFO: [ template_filter ] --START--
INFO: Run Behavior\ContentReplaceBehavior [ RunTime:0.045894s ]
INFO: [ template_filter ] --END-- [ RunTime:0.056270s ]
INFO: Run Behavior\ParseTemplateBehavior [ RunTime:0.122055s ]
INFO: [ view_parse ] --END-- [ RunTime:0.124438s ]
INFO: [ view_filter ] --START--
INFO: Run Behavior\WriteHtmlCacheBehavior [ RunTime:0.002557s ]
INFO: [ view_filter ] --END-- [ RunTime:0.004854s ]
INFO: [ app_end ] --START--
INFO: Run Behavior\ShowPageTraceBehavior [ RunTime:0.002967s ]
INFO: [ app_end ] --END-- [ RunTime:0.005084s ]

[ 2017-04-19T21:33:40+08:00 ] ::1 /stocktradingsystem/index.php/Home/Login/check_login
INFO: [ app_init ] --START--
INFO: Run Behavior\BuildLiteBehavior [ RunTime:0.000582s ]
INFO: [ app_init ] --END-- [ RunTime:0.018278s ]
INFO: [ app_begin ] --START--
INFO: Run Behavior\ReadHtmlCacheBehavior [ RunTime:0.004657s ]
INFO: [ app_begin ] --END-- [ RunTime:0.008101s ]
NOTIC: [8] A session had already been started - ignoring session_start() C:\xampp\htdocs\StockTradingSystem\Application\Home\Controller\LoginController.class.php 第 11 行.
SQL: SHOW COLUMNS FROM `stock_user` [ RunTime:0.0098s ]
NOTIC: [8] Undefined variable: condition C:\xampp\htdocs\StockTradingSystem\Application\Home\Controller\LoginController.class.php 第 14 行.
SQL: SELECT * FROM `stock_user` LIMIT 1   [ RunTime:0.0011s ]
INFO: [ view_parse ] --START--
INFO: [ template_filter ] --START--
INFO: Run Behavior\ContentReplaceBehavior [ RunTime:0.000760s ]
INFO: [ template_filter ] --END-- [ RunTime:0.002949s ]
INFO: Run Behavior\ParseTemplateBehavior [ RunTime:0.097014s ]
INFO: [ view_parse ] --END-- [ RunTime:0.107475s ]
INFO: [ view_filter ] --START--
INFO: Run Behavior\WriteHtmlCacheBehavior [ RunTime:0.003620s ]
INFO: [ view_filter ] --END-- [ RunTime:0.006601s ]
INFO: [ app_end ] --START--
INFO: Run Behavior\ShowPageTraceBehavior [ RunTime:0.004209s ]
INFO: [ app_end ] --END-- [ RunTime:0.007254s ]

[ 2017-04-19T21:33:41+08:00 ] ::1 /stocktradingsystem/index.php/Home/Index/index.html
INFO: [ app_init ] --START--
INFO: Run Behavior\BuildLiteBehavior [ RunTime:0.000539s ]
INFO: [ app_init ] --END-- [ RunTime:0.002864s ]
INFO: [ app_begin ] --START--
INFO: Run Behavior\ReadHtmlCacheBehavior [ RunTime:0.013824s ]
INFO: [ app_begin ] --END-- [ RunTime:0.017195s ]

[ 2017-04-19T21:33:42+08:00 ] ::1 /stocktradingsystem/index.php/Home/Index/buyStock.html
INFO: [ app_init ] --START--
INFO: Run Behavior\BuildLiteBehavior [ RunTime:0.000364s ]
INFO: [ app_init ] --END-- [ RunTime:0.002211s ]
INFO: [ app_begin ] --START--
INFO: Run Behavior\ReadHtmlCacheBehavior [ RunTime:0.002683s ]
INFO: [ app_begin ] --END-- [ RunTime:0.004692s ]
INFO: [ view_parse ] --START--
INFO: [ template_filter ] --START--
INFO: Run Behavior\ContentReplaceBehavior [ RunTime:0.001253s ]
INFO: [ template_filter ] --END-- [ RunTime:0.003638s ]
INFO: Run Behavior\ParseTemplateBehavior [ RunTime:0.029303s ]
INFO: [ view_parse ] --END-- [ RunTime:0.030572s ]
INFO: [ view_filter ] --START--
INFO: Run Behavior\WriteHtmlCacheBehavior [ RunTime:0.001800s ]
INFO: [ view_filter ] --END-- [ RunTime:0.003157s ]
INFO: [ app_end ] --START--
INFO: Run Behavior\ShowPageTraceBehavior [ RunTime:0.002326s ]
INFO: [ app_end ] --END-- [ RunTime:0.005124s ]

[ 2017-04-19T21:38:08+08:00 ] ::1 /stocktradingsystem/index.php/Home/Index/addCourse
INFO: [ app_init ] --START--
INFO: Run Behavior\BuildLiteBehavior [ RunTime:0.019077s ]
INFO: [ app_init ] --END-- [ RunTime:0.039847s ]
INFO: [ app_begin ] --START--
INFO: Run Behavior\ReadHtmlCacheBehavior [ RunTime:0.037507s ]
INFO: [ app_begin ] --END-- [ RunTime:0.042932s ]
ERR: 非法操作:addCourse

[ 2017-04-19T21:38:54+08:00 ] ::1 /stocktradingsystem/index.php/Home/Index/buyStock
INFO: [ app_init ] --START--
INFO: Run Behavior\BuildLiteBehavior [ RunTime:0.009564s ]
INFO: [ app_init ] --END-- [ RunTime:0.019144s ]
INFO: [ app_begin ] --START--
INFO: Run Behavior\ReadHtmlCacheBehavior [ RunTime:0.005539s ]
INFO: [ app_begin ] --END-- [ RunTime:0.009042s ]
INFO: [ view_parse ] --START--
INFO: [ template_filter ] --START--
INFO: Run Behavior\ContentReplaceBehavior [ RunTime:0.020297s ]
INFO: [ template_filter ] --END-- [ RunTime:0.032438s ]
INFO: Run Behavior\ParseTemplateBehavior [ RunTime:0.475325s ]
INFO: [ view_parse ] --END-- [ RunTime:0.478798s ]
INFO: [ view_filter ] --START--
INFO: Run Behavior\WriteHtmlCacheBehavior [ RunTime:0.034069s ]
INFO: [ view_filter ] --END-- [ RunTime:0.051446s ]
INFO: [ app_end ] --START--
INFO: Run Behavior\ShowPageTraceBehavior [ RunTime:0.046481s ]
INFO: [ app_end ] --END-- [ RunTime:0.059824s ]

[ 2017-04-19T21:39:01+08:00 ] ::1 /stocktradingsystem/index.php/Home/Index/addCourse
INFO: [ app_init ] --START--
INFO: Run Behavior\BuildLiteBehavior [ RunTime:0.010541s ]
INFO: [ app_init ] --END-- [ RunTime:0.037062s ]
INFO: [ app_begin ] --START--
INFO: Run Behavior\ReadHtmlCacheBehavior [ RunTime:0.052872s ]
INFO: [ app_begin ] --END-- [ RunTime:0.055846s ]
ERR: 非法操作:addCourse

[ 2017-04-19T21:39:17+08:00 ] ::1 /stocktradingsystem/index.php/Home/Index/addCourse
INFO: [ app_init ] --START--
INFO: Run Behavior\BuildLiteBehavior [ RunTime:0.000653s ]
INFO: [ app_init ] --END-- [ RunTime:0.017821s ]
INFO: [ app_begin ] --START--
INFO: Run Behavior\ReadHtmlCacheBehavior [ RunTime:0.008917s ]
INFO: [ app_begin ] --END-- [ RunTime:0.011190s ]
ERR: 非法操作:addCourse

[ 2017-04-19T21:39:23+08:00 ] ::1 /stocktradingsystem/index.php/Home/Index/addCourse
INFO: [ app_init ] --START--
INFO: Run Behavior\BuildLiteBehavior [ RunTime:0.000455s ]
INFO: [ app_init ] --END-- [ RunTime:0.004164s ]
INFO: [ app_begin ] --START--
INFO: Run Behavior\ReadHtmlCacheBehavior [ RunTime:0.020307s ]
INFO: [ app_begin ] --END-- [ RunTime:0.022675s ]
ERR: 非法操作:addCourse

[ 2017-04-19T21:39:30+08:00 ] ::1 /stocktradingsystem/index.php/Home/Index/buyStock
INFO: [ app_init ] --START--
INFO: Run Behavior\BuildLiteBehavior [ RunTime:0.000354s ]
INFO: [ app_init ] --END-- [ RunTime:0.003138s ]
INFO: [ app_begin ] --START--
INFO: Run Behavior\ReadHtmlCacheBehavior [ RunTime:0.002787s ]
INFO: [ app_begin ] --END-- [ RunTime:0.004974s ]
INFO: [ view_parse ] --START--
INFO: [ template_filter ] --START--
INFO: Run Behavior\ContentReplaceBehavior [ RunTime:0.000725s ]
INFO: [ template_filter ] --END-- [ RunTime:0.002516s ]
INFO: Run Behavior\ParseTemplateBehavior [ RunTime:0.172085s ]
INFO: [ view_parse ] --END-- [ RunTime:0.174660s ]
INFO: [ view_filter ] --START--
INFO: Run Behavior\WriteHtmlCacheBehavior [ RunTime:0.002717s ]
INFO: [ view_filter ] --END-- [ RunTime:0.004824s ]
INFO: [ app_end ] --START--
INFO: Run Behavior\ShowPageTraceBehavior [ RunTime:0.006418s ]
INFO: [ app_end ] --END-- [ RunTime:0.008540s ]

[ 2017-04-19T21:39:40+08:00 ] ::1 /stocktradingsystem/index.php/Home/Index/buyStock
INFO: [ app_init ] --START--
INFO: Run Behavior\BuildLiteBehavior [ RunTime:0.000954s ]
INFO: [ app_init ] --END-- [ RunTime:0.005946s ]
INFO: [ app_begin ] --START--
INFO: Run Behavior\ReadHtmlCacheBehavior [ RunTime:0.002552s ]
INFO: [ app_begin ] --END-- [ RunTime:0.004266s ]
INFO: [ view_parse ] --START--
INFO: [ template_filter ] --START--
INFO: Run Behavior\ContentReplaceBehavior [ RunTime:0.000747s ]
INFO: [ template_filter ] --END-- [ RunTime:0.003070s ]
INFO: Run Behavior\ParseTemplateBehavior [ RunTime:0.081531s ]
INFO: [ view_parse ] --END-- [ RunTime:0.084049s ]
INFO: [ view_filter ] --START--
INFO: Run Behavior\WriteHtmlCacheBehavior [ RunTime:0.013860s ]
INFO: [ view_filter ] --END-- [ RunTime:0.017344s ]
INFO: [ app_end ] --START--
INFO: Run Behavior\ShowPageTraceBehavior [ RunTime:0.004916s ]
INFO: [ app_end ] --END-- [ RunTime:0.013272s ]

[ 2017-04-19T21:40:38+08:00 ] ::1 /stocktradingsystem/index.php/Home/Index/buyStock
INFO: [ app_init ] --START--
INFO: Run Behavior\BuildLiteBehavior [ RunTime:0.000284s ]
INFO: [ app_init ] --END-- [ RunTime:0.002964s ]
INFO: [ app_begin ] --START--
INFO: Run Behavior\ReadHtmlCacheBehavior [ RunTime:0.004851s ]
INFO: [ app_begin ] --END-- [ RunTime:0.012314s ]
INFO: [ view_parse ] --START--
INFO: [ template_filter ] --START--
INFO: Run Behavior\ContentReplaceBehavior [ RunTime:0.002224s ]
INFO: [ template_filter ] --END-- [ RunTime:0.021157s ]
INFO: Run Behavior\ParseTemplateBehavior [ RunTime:0.202454s ]
INFO: [ view_parse ] --END-- [ RunTime:0.204057s ]
INFO: [ view_filter ] --START--
INFO: Run Behavior\WriteHtmlCacheBehavior [ RunTime:0.018216s ]
INFO: [ view_filter ] --END-- [ RunTime:0.027275s ]
INFO: [ app_end ] --START--
INFO: Run Behavior\ShowPageTraceBehavior [ RunTime:0.007272s ]
INFO: [ app_end ] --END-- [ RunTime:0.014442s ]

[ 2017-04-19T21:41:09+08:00 ] ::1 /stocktradingsystem/index.php/Home/Index/buyStock
INFO: [ app_init ] --START--
INFO: Run Behavior\BuildLiteBehavior [ RunTime:0.000298s ]
INFO: [ app_init ] --END-- [ RunTime:0.002636s ]
INFO: [ app_begin ] --START--
INFO: Run Behavior\ReadHtmlCacheBehavior [ RunTime:0.004118s ]
INFO: [ app_begin ] --END-- [ RunTime:0.015387s ]
INFO: [ view_parse ] --START--
INFO: [ template_filter ] --START--
INFO: Run Behavior\ContentReplaceBehavior [ RunTime:0.000856s ]
INFO: [ template_filter ] --END-- [ RunTime:0.002333s ]
INFO: Run Behavior\ParseTemplateBehavior [ RunTime:0.124424s ]
INFO: [ view_parse ] --END-- [ RunTime:0.126170s ]
INFO: [ view_filter ] --START--
INFO: Run Behavior\WriteHtmlCacheBehavior [ RunTime:0.008147s ]
INFO: [ view_filter ] --END-- [ RunTime:0.027094s ]
INFO: [ app_end ] --START--
INFO: Run Behavior\ShowPageTraceBehavior [ RunTime:0.002367s ]
INFO: [ app_end ] --END-- [ RunTime:0.012683s ]

[ 2017-04-19T21:41:12+08:00 ] ::1 /stocktradingsystem/index.php/Home/Index/buyStock
INFO: [ app_init ] --START--
INFO: Run Behavior\BuildLiteBehavior [ RunTime:0.000286s ]
INFO: [ app_init ] --END-- [ RunTime:0.003104s ]
INFO: [ app_begin ] --START--
INFO: Run Behavior\ReadHtmlCacheBehavior [ RunTime:0.008052s ]
INFO: [ app_begin ] --END-- [ RunTime:0.009476s ]
INFO: [ view_parse ] --START--
INFO: [ template_filter ] --START--
INFO: Run Behavior\ContentReplaceBehavior [ RunTime:0.000901s ]
INFO: [ template_filter ] --END-- [ RunTime:0.020974s ]
INFO: Run Behavior\ParseTemplateBehavior [ RunTime:0.140058s ]
INFO: [ view_parse ] --END-- [ RunTime:0.141757s ]
INFO: [ view_filter ] --START--
INFO: Run Behavior\WriteHtmlCacheBehavior [ RunTime:0.006615s ]
INFO: [ view_filter ] --END-- [ RunTime:0.009825s ]
INFO: [ app_end ] --START--
INFO: Run Behavior\ShowPageTraceBehavior [ RunTime:0.003986s ]
INFO: [ app_end ] --END-- [ RunTime:0.007560s ]

[ 2017-04-19T21:41:22+08:00 ] ::1 /stocktradingsystem/index.php/Home/Index/addBuy
INFO: [ app_init ] --START--
INFO: Run Behavior\BuildLiteBehavior [ RunTime:0.000775s ]
INFO: [ app_init ] --END-- [ RunTime:0.020457s ]
INFO: [ app_begin ] --START--
INFO: Run Behavior\ReadHtmlCacheBehavior [ RunTime:0.027451s ]
INFO: [ app_begin ] --END-- [ RunTime:0.037456s ]
SQL: SHOW COLUMNS FROM `stock_stockholder` [ RunTime:0.0338s ]
SQL: SELECT * FROM `stock_stockholder` WHERE `userid` = 1 LIMIT 1   [ RunTime:0.0010s ]
SQL: SHOW COLUMNS FROM `stock_commission` [ RunTime:0.0079s ]
SQL: INSERT INTO `stock_commission` (`stockid`,`commission_price`,`direction`,`time`,`commission_account`,`stockholderid`,`state`) VALUES ('1','8','0','1492609282','1000',NULL,'2') [ RunTime:0.0914s ]
INFO: [ app_end ] --START--
INFO: Run Behavior\ShowPageTraceBehavior [ RunTime:0.002081s ]
INFO: [ app_end ] --END-- [ RunTime:0.003541s ]

[ 2017-04-19T21:41:25+08:00 ] ::1 /stocktradingsystem/index.php/Home/Index/addBuy
INFO: [ app_init ] --START--
INFO: Run Behavior\BuildLiteBehavior [ RunTime:0.000265s ]
INFO: [ app_init ] --END-- [ RunTime:0.003401s ]
INFO: [ app_begin ] --START--
INFO: Run Behavior\ReadHtmlCacheBehavior [ RunTime:0.002409s ]
INFO: [ app_begin ] --END-- [ RunTime:0.004232s ]
SQL: SHOW COLUMNS FROM `stock_stockholder` [ RunTime:0.1060s ]
SQL: SELECT * FROM `stock_stockholder` WHERE `userid` = 1 LIMIT 1   [ RunTime:0.0009s ]
SQL: SHOW COLUMNS FROM `stock_commission` [ RunTime:0.0070s ]
SQL: INSERT INTO `stock_commission` (`stockid`,`commission_price`,`direction`,`time`,`commission_account`,`stockholderid`,`state`) VALUES ('1','8','0','1492609285','1000',NULL,'2') [ RunTime:0.0720s ]
INFO: [ app_end ] --START--
INFO: Run Behavior\ShowPageTraceBehavior [ RunTime:0.002222s ]
INFO: [ app_end ] --END-- [ RunTime:0.003710s ]

[ 2017-04-19T21:44:20+08:00 ] ::1 /stocktradingsystem/index.php/Home/Index/addBuy
INFO: [ app_init ] --START--
INFO: Run Behavior\BuildLiteBehavior [ RunTime:0.000592s ]
INFO: [ app_init ] --END-- [ RunTime:0.011998s ]
INFO: [ app_begin ] --START--
INFO: Run Behavior\ReadHtmlCacheBehavior [ RunTime:0.009075s ]
INFO: [ app_begin ] --END-- [ RunTime:0.026487s ]
SQL: SHOW COLUMNS FROM `stock_stockholder` [ RunTime:0.0127s ]
SQL: SELECT * FROM `stock_stockholder` WHERE `userid` = 1 LIMIT 1   [ RunTime:0.0013s ]
SQL: SHOW COLUMNS FROM `stock_commission` [ RunTime:0.0111s ]
SQL: INSERT INTO `stock_commission` (`stockid`,`commission_price`,`direction`,`time`,`commission_account`,`stockholderid`,`state`) VALUES ('1','8','0','1492609460','1000',NULL,'2') [ RunTime:0.0588s ]
INFO: [ view_parse ] --START--
INFO: [ template_filter ] --START--
INFO: Run Behavior\ContentReplaceBehavior [ RunTime:0.001210s ]
INFO: [ template_filter ] --END-- [ RunTime:0.004222s ]
INFO: Run Behavior\ParseTemplateBehavior [ RunTime:0.050885s ]
INFO: [ view_parse ] --END-- [ RunTime:0.053776s ]
INFO: [ view_filter ] --START--
INFO: Run Behavior\WriteHtmlCacheBehavior [ RunTime:0.007177s ]
INFO: [ view_filter ] --END-- [ RunTime:0.011592s ]
INFO: [ app_end ] --START--
INFO: Run Behavior\ShowPageTraceBehavior [ RunTime:0.009579s ]
INFO: [ app_end ] --END-- [ RunTime:0.012133s ]

[ 2017-04-19T21:44:22+08:00 ] ::1 /stocktradingsystem/index.php/Home/Index/Index/butStock
INFO: [ app_init ] --START--
INFO: Run Behavior\BuildLiteBehavior [ RunTime:0.000414s ]
INFO: [ app_init ] --END-- [ RunTime:0.004577s ]
INFO: [ app_begin ] --START--
INFO: Run Behavior\ReadHtmlCacheBehavior [ RunTime:0.012235s ]
INFO: [ app_begin ] --END-- [ RunTime:0.014285s ]

[ 2017-04-19T21:44:22+08:00 ] ::1 /stocktradingsystem/index.php/Home/Index/buyStock.html
INFO: [ app_init ] --START--
INFO: Run Behavior\BuildLiteBehavior [ RunTime:0.000347s ]
INFO: [ app_init ] --END-- [ RunTime:0.003210s ]
INFO: [ app_begin ] --START--
INFO: Run Behavior\ReadHtmlCacheBehavior [ RunTime:0.011865s ]
INFO: [ app_begin ] --END-- [ RunTime:0.054357s ]
INFO: [ view_parse ] --START--
INFO: [ template_filter ] --START--
INFO: Run Behavior\ContentReplaceBehavior [ RunTime:0.001147s ]
INFO: [ template_filter ] --END-- [ RunTime:0.005276s ]
INFO: Run Behavior\ParseTemplateBehavior [ RunTime:0.153738s ]
INFO: [ view_parse ] --END-- [ RunTime:0.161146s ]
INFO: [ view_filter ] --START--
INFO: Run Behavior\WriteHtmlCacheBehavior [ RunTime:0.002531s ]
INFO: [ view_filter ] --END-- [ RunTime:0.005509s ]
INFO: [ app_end ] --START--
INFO: Run Behavior\ShowPageTraceBehavior [ RunTime:0.003591s ]
INFO: [ app_end ] --END-- [ RunTime:0.006943s ]

[ 2017-04-19T22:04:01+08:00 ] ::1 /stocktradingsystem/index.php/Home/Index/sellStock
INFO: [ app_init ] --START--
INFO: Run Behavior\BuildLiteBehavior [ RunTime:0.000273s ]
INFO: [ app_init ] --END-- [ RunTime:0.003368s ]
INFO: [ app_begin ] --START--
INFO: Run Behavior\ReadHtmlCacheBehavior [ RunTime:0.001857s ]
INFO: [ app_begin ] --END-- [ RunTime:0.003131s ]
INFO: [ view_parse ] --START--
INFO: [ template_filter ] --START--
INFO: Run Behavior\ContentReplaceBehavior [ RunTime:0.000672s ]
INFO: [ template_filter ] --END-- [ RunTime:0.002125s ]
INFO: Run Behavior\ParseTemplateBehavior [ RunTime:0.042226s ]
INFO: [ view_parse ] --END-- [ RunTime:0.045196s ]
INFO: [ view_filter ] --START--
INFO: Run Behavior\WriteHtmlCacheBehavior [ RunTime:0.001777s ]
INFO: [ view_filter ] --END-- [ RunTime:0.003228s ]
INFO: [ app_end ] --START--
INFO: Run Behavior\ShowPageTraceBehavior [ RunTime:0.001823s ]
INFO: [ app_end ] --END-- [ RunTime:0.003322s ]

[ 2017-04-19T22:05:14+08:00 ] ::1 /stocktradingsystem/index.php/Home/Index/addSell
INFO: [ app_init ] --START--
INFO: Run Behavior\BuildLiteBehavior [ RunTime:0.010322s ]
INFO: [ app_init ] --END-- [ RunTime:0.104288s ]
INFO: [ app_begin ] --START--
INFO: Run Behavior\ReadHtmlCacheBehavior [ RunTime:0.045057s ]
INFO: [ app_begin ] --END-- [ RunTime:0.140506s ]
SQL: SHOW COLUMNS FROM `stock_stockholder` [ RunTime:0.0139s ]
SQL: SELECT * FROM `stock_stockholder` WHERE `userid` = 1 LIMIT 1   [ RunTime:0.0015s ]
SQL: SHOW COLUMNS FROM `stock_commission` [ RunTime:0.0119s ]
SQL: INSERT INTO `stock_commission` (`stockid`,`commission_price`,`direction`,`time`,`commission_account`,`stockholderid`,`state`) VALUES ('1','8.32','1','1492610713','100','1','2') [ RunTime:0.0948s ]
INFO: [ view_parse ] --START--
INFO: [ template_filter ] --START--
INFO: Run Behavior\ContentReplaceBehavior [ RunTime:0.000705s ]
INFO: [ template_filter ] --END-- [ RunTime:0.002688s ]
INFO: Run Behavior\ParseTemplateBehavior [ RunTime:0.040469s ]
INFO: [ view_parse ] --END-- [ RunTime:0.042220s ]
INFO: [ view_filter ] --START--
INFO: Run Behavior\WriteHtmlCacheBehavior [ RunTime:0.002665s ]
INFO: [ view_filter ] --END-- [ RunTime:0.004756s ]
INFO: [ app_end ] --START--
INFO: Run Behavior\ShowPageTraceBehavior [ RunTime:0.002574s ]
INFO: [ app_end ] --END-- [ RunTime:0.004504s ]

[ 2017-04-19T22:05:15+08:00 ] ::1 /stocktradingsystem/index.php/Home/Index/Index/butStock
INFO: [ app_init ] --START--
INFO: Run Behavior\BuildLiteBehavior [ RunTime:0.000421s ]
INFO: [ app_init ] --END-- [ RunTime:0.004068s ]
INFO: [ app_begin ] --START--
INFO: Run Behavior\ReadHtmlCacheBehavior [ RunTime:0.023094s ]
INFO: [ app_begin ] --END-- [ RunTime:0.028468s ]

[ 2017-04-19T22:05:15+08:00 ] ::1 /stocktradingsystem/index.php/Home/Index/buyStock.html
INFO: [ app_init ] --START--
INFO: Run Behavior\BuildLiteBehavior [ RunTime:0.000408s ]
INFO: [ app_init ] --END-- [ RunTime:0.003932s ]
INFO: [ app_begin ] --START--
INFO: Run Behavior\ReadHtmlCacheBehavior [ RunTime:0.006983s ]
INFO: [ app_begin ] --END-- [ RunTime:0.012566s ]
INFO: [ view_parse ] --START--
INFO: [ template_filter ] --START--
INFO: Run Behavior\ContentReplaceBehavior [ RunTime:0.001049s ]
INFO: [ template_filter ] --END-- [ RunTime:0.004917s ]
INFO: Run Behavior\ParseTemplateBehavior [ RunTime:0.175139s ]
INFO: [ view_parse ] --END-- [ RunTime:0.224716s ]
INFO: [ view_filter ] --START--
INFO: Run Behavior\WriteHtmlCacheBehavior [ RunTime:0.035676s ]
INFO: [ view_filter ] --END-- [ RunTime:0.058881s ]
INFO: [ app_end ] --START--
INFO: Run Behavior\ShowPageTraceBehavior [ RunTime:0.030613s ]
INFO: [ app_end ] --END-- [ RunTime:0.032786s ]

[ 2017-04-19T22:05:29+08:00 ] ::1 /stocktradingsystem/index.php/Home/Index/revoke
INFO: [ app_init ] --START--
INFO: Run Behavior\BuildLiteBehavior [ RunTime:0.000461s ]
INFO: [ app_init ] --END-- [ RunTime:0.007590s ]
INFO: [ app_begin ] --START--
INFO: Run Behavior\ReadHtmlCacheBehavior [ RunTime:0.029055s ]
INFO: [ app_begin ] --END-- [ RunTime:0.035734s ]
INFO: [ view_parse ] --START--
INFO: [ template_filter ] --START--
INFO: Run Behavior\ContentReplaceBehavior [ RunTime:0.000763s ]
INFO: [ template_filter ] --END-- [ RunTime:0.004106s ]
INFO: Run Behavior\ParseTemplateBehavior [ RunTime:0.076293s ]
INFO: [ view_parse ] --END-- [ RunTime:0.078018s ]
INFO: [ view_filter ] --START--
INFO: Run Behavior\WriteHtmlCacheBehavior [ RunTime:0.004426s ]
INFO: [ view_filter ] --END-- [ RunTime:0.006861s ]
INFO: [ app_end ] --START--
INFO: Run Behavior\ShowPageTraceBehavior [ RunTime:0.006970s ]
INFO: [ app_end ] --END-- [ RunTime:0.009535s ]

[ 2017-04-19T22:10:35+08:00 ] ::1 /stocktradingsystem/index.php/Home/Index/revoke
INFO: [ app_init ] --START--
INFO: Run Behavior\BuildLiteBehavior [ RunTime:0.000326s ]
INFO: [ app_init ] --END-- [ RunTime:0.003331s ]
INFO: [ app_begin ] --START--
INFO: Run Behavior\ReadHtmlCacheBehavior [ RunTime:0.002687s ]
INFO: [ app_begin ] --END-- [ RunTime:0.004338s ]
INFO: [ view_parse ] --START--
INFO: [ template_filter ] --START--
INFO: Run Behavior\ContentReplaceBehavior [ RunTime:0.021496s ]
INFO: [ template_filter ] --END-- [ RunTime:0.036519s ]
INFO: Run Behavior\ParseTemplateBehavior [ RunTime:0.194078s ]
INFO: [ view_parse ] --END-- [ RunTime:0.195527s ]
INFO: [ view_filter ] --START--
INFO: Run Behavior\WriteHtmlCacheBehavior [ RunTime:0.001865s ]
INFO: [ view_filter ] --END-- [ RunTime:0.003302s ]
INFO: [ app_end ] --START--
INFO: Run Behavior\ShowPageTraceBehavior [ RunTime:0.002079s ]
INFO: [ app_end ] --END-- [ RunTime:0.003520s ]

[ 2017-04-19T22:10:38+08:00 ] ::1 /stocktradingsystem/index.php/Home/Index/revoke
INFO: [ app_init ] --START--
INFO: Run Behavior\BuildLiteBehavior [ RunTime:0.000397s ]
INFO: [ app_init ] --END-- [ RunTime:0.004713s ]
INFO: [ app_begin ] --START--
INFO: Run Behavior\ReadHtmlCacheBehavior [ RunTime:0.017765s ]
INFO: [ app_begin ] --END-- [ RunTime:0.021173s ]
INFO: [ view_parse ] --START--
INFO: [ template_filter ] --START--
INFO: Run Behavior\ContentReplaceBehavior [ RunTime:0.000593s ]
INFO: [ template_filter ] --END-- [ RunTime:0.002105s ]
INFO: Run Behavior\ParseTemplateBehavior [ RunTime:0.205486s ]
INFO: [ view_parse ] --END-- [ RunTime:0.210132s ]
INFO: [ view_filter ] --START--
INFO: Run Behavior\WriteHtmlCacheBehavior [ RunTime:0.002190s ]
INFO: [ view_filter ] --END-- [ RunTime:0.003743s ]
INFO: [ app_end ] --START--
INFO: Run Behavior\ShowPageTraceBehavior [ RunTime:0.006086s ]
INFO: [ app_end ] --END-- [ RunTime:0.013452s ]

[ 2017-04-19T22:11:30+08:00 ] ::1 /stocktradingsystem/index.php/Home/Index/revoke
INFO: [ app_init ] --START--
INFO: Run Behavior\BuildLiteBehavior [ RunTime:0.000450s ]
INFO: [ app_init ] --END-- [ RunTime:0.003713s ]
INFO: [ app_begin ] --START--
INFO: Run Behavior\ReadHtmlCacheBehavior [ RunTime:0.005115s ]
INFO: [ app_begin ] --END-- [ RunTime:0.016899s ]
INFO: [ view_parse ] --START--
INFO: [ template_filter ] --START--
INFO: Run Behavior\ContentReplaceBehavior [ RunTime:0.000854s ]
INFO: [ template_filter ] --END-- [ RunTime:0.002725s ]
INFO: Run Behavior\ParseTemplateBehavior [ RunTime:0.177710s ]
INFO: [ view_parse ] --END-- [ RunTime:0.185887s ]
INFO: [ view_filter ] --START--
INFO: Run Behavior\WriteHtmlCacheBehavior [ RunTime:0.002683s ]
INFO: [ view_filter ] --END-- [ RunTime:0.004358s ]
INFO: [ app_end ] --START--
INFO: Run Behavior\ShowPageTraceBehavior [ RunTime:0.002425s ]
INFO: [ app_end ] --END-- [ RunTime:0.004292s ]

[ 2017-04-19T22:12:09+08:00 ] ::1 /stocktradingsystem/index.php/Home/Index/revoke
INFO: [ app_init ] --START--
INFO: Run Behavior\BuildLiteBehavior [ RunTime:0.000698s ]
INFO: [ app_init ] --END-- [ RunTime:0.007767s ]
INFO: [ app_begin ] --START--
INFO: Run Behavior\ReadHtmlCacheBehavior [ RunTime:0.015613s ]
INFO: [ app_begin ] --END-- [ RunTime:0.018580s ]
INFO: [ view_parse ] --START--
INFO: [ template_filter ] --START--
INFO: Run Behavior\ContentReplaceBehavior [ RunTime:0.005102s ]
INFO: [ template_filter ] --END-- [ RunTime:0.007663s ]
NOTIC: [8] Undefined variable: course_info C:\xampp\htdocs\StockTradingSystem\Application\Runtime\Cache\Home\e3b1e59baf5293f89a8dc765e79a5eaf.php 第 55 行.
INFO: Run Behavior\ParseTemplateBehavior [ RunTime:0.137933s ]
INFO: [ view_parse ] --END-- [ RunTime:0.141314s ]
INFO: [ view_filter ] --START--
INFO: Run Behavior\WriteHtmlCacheBehavior [ RunTime:0.002519s ]
INFO: [ view_filter ] --END-- [ RunTime:0.004476s ]
INFO: [ app_end ] --START--
INFO: Run Behavior\ShowPageTraceBehavior [ RunTime:0.003991s ]
INFO: [ app_end ] --END-- [ RunTime:0.005799s ]

