[ 2017-05-11T15:45:12+08:00 ] ::1 /pro2/StockTradingSystem-3/
INFO: [ app_init ] --START--
INFO: Run Behavior\BuildLiteBehavior [ RunTime:0.000016s ]
INFO: [ app_init ] --END-- [ RunTime:0.000850s ]
INFO: [ app_begin ] --START--
INFO: Run Behavior\ReadHtmlCacheBehavior [ RunTime:0.001819s ]
INFO: [ app_begin ] --END-- [ RunTime:0.001904s ]
SQL: SHOW COLUMNS FROM `stock_personal_stock_account` [ RunTime:0.0319s ]
SQL: SELECT * FROM `stock_personal_stock_account` WHERE `userid` = 1 LIMIT 1   [ RunTime:0.0008s ]

[ 2017-05-11T15:45:13+08:00 ] ::1 /pro2/StockTradingSystem-3/index.php/Home/Index/buyStock.html
INFO: [ app_init ] --START--
INFO: Run Behavior\BuildLiteBehavior [ RunTime:0.000018s ]
INFO: [ app_init ] --END-- [ RunTime:0.000888s ]
INFO: [ app_begin ] --START--
INFO: Run Behavior\ReadHtmlCacheBehavior [ RunTime:0.001594s ]
INFO: [ app_begin ] --END-- [ RunTime:0.001675s ]
SQL: SHOW COLUMNS FROM `stock_personal_stock_account` [ RunTime:0.0260s ]
SQL: SELECT * FROM `stock_personal_stock_account` WHERE `userid` = 1 LIMIT 1   [ RunTime:0.0010s ]
SQL: SELECT * FROM `stock_personal_stock_account` WHERE `userid` = 1 LIMIT 1   [ RunTime:0.0011s ]
INFO: [ view_parse ] --START--
INFO: [ template_filter ] --START--
INFO: Run Behavior\ContentReplaceBehavior [ RunTime:0.000293s ]
INFO: [ template_filter ] --END-- [ RunTime:0.000462s ]
INFO: Run Behavior\ParseTemplateBehavior [ RunTime:0.044183s ]
INFO: [ view_parse ] --END-- [ RunTime:0.044385s ]
INFO: [ view_filter ] --START--
INFO: Run Behavior\WriteHtmlCacheBehavior [ RunTime:0.003345s ]
INFO: [ view_filter ] --END-- [ RunTime:0.003579s ]
INFO: [ app_end ] --START--
INFO: Run Behavior\ShowPageTraceBehavior [ RunTime:0.005127s ]
INFO: [ app_end ] --END-- [ RunTime:0.005242s ]

[ 2017-05-11T15:45:21+08:00 ] ::1 /pro2/StockTradingSystem-3/index.php/Home/Index/sellStock
INFO: [ app_init ] --START--
INFO: Run Behavior\BuildLiteBehavior [ RunTime:0.000017s ]
INFO: [ app_init ] --END-- [ RunTime:0.000936s ]
INFO: [ app_begin ] --START--
INFO: Run Behavior\ReadHtmlCacheBehavior [ RunTime:0.001780s ]
INFO: [ app_begin ] --END-- [ RunTime:0.001848s ]
SQL: SHOW COLUMNS FROM `stock_personal_stock_account` [ RunTime:0.0128s ]
SQL: SELECT * FROM `stock_personal_stock_account` WHERE `userid` = 1 LIMIT 1   [ RunTime:0.0012s ]
SQL: SELECT * FROM `stock_personal_stock_account` WHERE `userid` = 1 LIMIT 1   [ RunTime:0.0010s ]
INFO: [ view_parse ] --START--
INFO: [ template_filter ] --START--
INFO: Run Behavior\ContentReplaceBehavior [ RunTime:0.000172s ]
INFO: [ template_filter ] --END-- [ RunTime:0.000264s ]
INFO: Run Behavior\ParseTemplateBehavior [ RunTime:0.029775s ]
INFO: [ view_parse ] --END-- [ RunTime:0.029938s ]
INFO: [ view_filter ] --START--
INFO: Run Behavior\WriteHtmlCacheBehavior [ RunTime:0.002477s ]
INFO: [ view_filter ] --END-- [ RunTime:0.002586s ]
INFO: [ app_end ] --START--
INFO: Run Behavior\ShowPageTraceBehavior [ RunTime:0.004307s ]
INFO: [ app_end ] --END-- [ RunTime:0.004503s ]

[ 2017-05-11T15:45:27+08:00 ] ::1 /pro2/StockTradingSystem-3/index.php/Home/Index/revoke
INFO: [ app_init ] --START--
INFO: Run Behavior\BuildLiteBehavior [ RunTime:0.000017s ]
INFO: [ app_init ] --END-- [ RunTime:0.000965s ]
INFO: [ app_begin ] --START--
INFO: Run Behavior\ReadHtmlCacheBehavior [ RunTime:0.001562s ]
INFO: [ app_begin ] --END-- [ RunTime:0.001624s ]
SQL: SHOW COLUMNS FROM `stock_personal_stock_account` [ RunTime:0.0166s ]
SQL: SELECT * FROM `stock_personal_stock_account` WHERE `userid` = 1 LIMIT 1   [ RunTime:0.0011s ]
SQL: SHOW COLUMNS FROM `stock_stockholder` [ RunTime:0.0137s ]
SQL: SELECT * FROM `stock_stockholder` WHERE `userid` = 1 LIMIT 1   [ RunTime:0.0011s ]
SQL: SHOW COLUMNS FROM `stock_commission` [ RunTime:0.0172s ]
SQL: SELECT * FROM `stock_commission` INNER JOIN stock_stock on stock_stock.stockid = stock_commission.stockid  WHERE `stockholderid` = '1' AND `state` = '2'  [ RunTime:0.0007s ]
INFO: [ view_parse ] --START--
INFO: [ template_filter ] --START--
INFO: Run Behavior\ContentReplaceBehavior [ RunTime:0.000129s ]
INFO: [ template_filter ] --END-- [ RunTime:0.000218s ]
INFO: Run Behavior\ParseTemplateBehavior [ RunTime:0.024390s ]
INFO: [ view_parse ] --END-- [ RunTime:0.024488s ]
INFO: [ view_filter ] --START--
INFO: Run Behavior\WriteHtmlCacheBehavior [ RunTime:0.001907s ]
INFO: [ view_filter ] --END-- [ RunTime:0.001979s ]
INFO: [ app_end ] --START--
INFO: Run Behavior\ShowPageTraceBehavior [ RunTime:0.002340s ]
INFO: [ app_end ] --END-- [ RunTime:0.002413s ]

[ 2017-05-11T15:45:31+08:00 ] ::1 /pro2/StockTradingSystem-3/index.php/Home/Index/showPersonalAccount
INFO: [ app_init ] --START--
INFO: Run Behavior\BuildLiteBehavior [ RunTime:0.000018s ]
INFO: [ app_init ] --END-- [ RunTime:0.000912s ]
INFO: [ app_begin ] --START--
INFO: Run Behavior\ReadHtmlCacheBehavior [ RunTime:0.001737s ]
INFO: [ app_begin ] --END-- [ RunTime:0.001830s ]
SQL: SHOW COLUMNS FROM `stock_personal_stock_account` [ RunTime:0.0161s ]
SQL: SELECT * FROM `stock_personal_stock_account` WHERE `userid` = 1 LIMIT 1   [ RunTime:0.0012s ]
SQL: SELECT * FROM `stock_personal_stock_account` WHERE `userid` = 1 LIMIT 1   [ RunTime:0.0011s ]
INFO: [ view_parse ] --START--
INFO: [ template_filter ] --START--
INFO: Run Behavior\ContentReplaceBehavior [ RunTime:0.000208s ]
INFO: [ template_filter ] --END-- [ RunTime:0.000333s ]
INFO: Run Behavior\ParseTemplateBehavior [ RunTime:0.029454s ]
INFO: [ view_parse ] --END-- [ RunTime:0.029648s ]
INFO: [ view_filter ] --START--
INFO: Run Behavior\WriteHtmlCacheBehavior [ RunTime:0.002465s ]
INFO: [ view_filter ] --END-- [ RunTime:0.002555s ]
INFO: [ app_end ] --START--
INFO: Run Behavior\ShowPageTraceBehavior [ RunTime:0.003031s ]
INFO: [ app_end ] --END-- [ RunTime:0.003125s ]

[ 2017-05-11T15:45:36+08:00 ] ::1 /pro2/StockTradingSystem-3/index.php/Home/Index/showHoldInfo
INFO: [ app_init ] --START--
INFO: Run Behavior\BuildLiteBehavior [ RunTime:0.000015s ]
INFO: [ app_init ] --END-- [ RunTime:0.000920s ]
INFO: [ app_begin ] --START--
INFO: Run Behavior\ReadHtmlCacheBehavior [ RunTime:0.001636s ]
INFO: [ app_begin ] --END-- [ RunTime:0.001697s ]
SQL: SHOW COLUMNS FROM `stock_personal_stock_account` [ RunTime:0.0163s ]
SQL: SELECT * FROM `stock_personal_stock_account` WHERE `userid` = 1 LIMIT 1   [ RunTime:0.0017s ]
SQL: SHOW COLUMNS FROM `stock_stockholder` [ RunTime:0.0092s ]
SQL: SELECT * FROM `stock_stockholder` WHERE `userid` = 1 LIMIT 1   [ RunTime:0.0006s ]
SQL: SHOW COLUMNS FROM `stock_hold_stock_info` [ RunTime:0.0074s ]
SQL: SELECT * FROM `stock_hold_stock_info` INNER JOIN stock_stock  WHERE `stockholderid` = '1'  [ RunTime:0.0009s ]
INFO: [ view_parse ] --START--
INFO: [ template_filter ] --START--
INFO: Run Behavior\ContentReplaceBehavior [ RunTime:0.000081s ]
INFO: [ template_filter ] --END-- [ RunTime:0.000140s ]
INFO: Run Behavior\ParseTemplateBehavior [ RunTime:0.020567s ]
INFO: [ view_parse ] --END-- [ RunTime:0.020655s ]
INFO: [ view_filter ] --START--
INFO: Run Behavior\WriteHtmlCacheBehavior [ RunTime:0.001338s ]
INFO: [ view_filter ] --END-- [ RunTime:0.001384s ]
INFO: [ app_end ] --START--
INFO: Run Behavior\ShowPageTraceBehavior [ RunTime:0.001612s ]
INFO: [ app_end ] --END-- [ RunTime:0.001665s ]

[ 2017-05-11T15:45:43+08:00 ] ::1 /pro2/StockTradingSystem-3/index.php/Home/Index/showTodayDeal
INFO: [ app_init ] --START--
INFO: Run Behavior\BuildLiteBehavior [ RunTime:0.000016s ]
INFO: [ app_init ] --END-- [ RunTime:0.000928s ]
INFO: [ app_begin ] --START--
INFO: Run Behavior\ReadHtmlCacheBehavior [ RunTime:0.001698s ]
INFO: [ app_begin ] --END-- [ RunTime:0.001771s ]
SQL: SHOW COLUMNS FROM `stock_personal_stock_account` [ RunTime:0.0273s ]
SQL: SELECT * FROM `stock_personal_stock_account` WHERE `userid` = 1 LIMIT 1   [ RunTime:0.0011s ]
SQL: SHOW COLUMNS FROM `stock_stockholder` [ RunTime:0.0149s ]
SQL: SELECT * FROM `stock_stockholder` WHERE `userid` = 1 LIMIT 1   [ RunTime:0.0015s ]
SQL: SHOW COLUMNS FROM `stock_deal` [ RunTime:0.0155s ]
SQL: SELECT * FROM `stock_deal` INNER JOIN stock_commission on (stock_commission.commissionid = stock_deal.in_commission) or (stock_commission.commissionid = stock_deal.out_commission) INNER JOIN stock_stock  WHERE `stockholderid` = '1' AND `deal_time` >= 1494460800  [ RunTime:0.0020s ]
INFO: [ view_parse ] --START--
INFO: [ template_filter ] --START--
INFO: Run Behavior\ContentReplaceBehavior [ RunTime:0.000126s ]
INFO: [ template_filter ] --END-- [ RunTime:0.000213s ]
INFO: Run Behavior\ParseTemplateBehavior [ RunTime:0.024258s ]
INFO: [ view_parse ] --END-- [ RunTime:0.024366s ]
INFO: [ view_filter ] --START--
INFO: Run Behavior\WriteHtmlCacheBehavior [ RunTime:0.001939s ]
INFO: [ view_filter ] --END-- [ RunTime:0.002010s ]
INFO: [ app_end ] --START--
INFO: Run Behavior\ShowPageTraceBehavior [ RunTime:0.002408s ]
INFO: [ app_end ] --END-- [ RunTime:0.002488s ]

[ 2017-05-11T15:45:47+08:00 ] ::1 /pro2/StockTradingSystem-3/index.php/Home/Index/showTodayCommission
INFO: [ app_init ] --START--
INFO: Run Behavior\BuildLiteBehavior [ RunTime:0.000015s ]
INFO: [ app_init ] --END-- [ RunTime:0.000931s ]
INFO: [ app_begin ] --START--
INFO: Run Behavior\ReadHtmlCacheBehavior [ RunTime:0.001639s ]
INFO: [ app_begin ] --END-- [ RunTime:0.001710s ]
SQL: SHOW COLUMNS FROM `stock_personal_stock_account` [ RunTime:0.0269s ]
SQL: SELECT * FROM `stock_personal_stock_account` WHERE `userid` = 1 LIMIT 1   [ RunTime:0.0018s ]
SQL: SHOW COLUMNS FROM `stock_stockholder` [ RunTime:0.0137s ]
SQL: SELECT * FROM `stock_stockholder` WHERE `userid` = 1 LIMIT 1   [ RunTime:0.0009s ]
SQL: SHOW COLUMNS FROM `stock_commission` [ RunTime:0.0086s ]
SQL: SELECT * FROM `stock_commission` INNER JOIN stock_stock on stock_stock.stockid = stock_commission.stockid  WHERE `stockholderid` = '1' AND `commission_time` >= 1494460800  [ RunTime:0.0007s ]
INFO: [ view_parse ] --START--
INFO: [ template_filter ] --START--
INFO: Run Behavior\ContentReplaceBehavior [ RunTime:0.000076s ]
INFO: [ template_filter ] --END-- [ RunTime:0.000131s ]
INFO: Run Behavior\ParseTemplateBehavior [ RunTime:0.022032s ]
INFO: [ view_parse ] --END-- [ RunTime:0.022127s ]
INFO: [ view_filter ] --START--
INFO: Run Behavior\WriteHtmlCacheBehavior [ RunTime:0.001388s ]
INFO: [ view_filter ] --END-- [ RunTime:0.001437s ]
INFO: [ app_end ] --START--
INFO: Run Behavior\ShowPageTraceBehavior [ RunTime:0.001638s ]
INFO: [ app_end ] --END-- [ RunTime:0.001687s ]

[ 2017-05-11T15:45:50+08:00 ] ::1 /pro2/StockTradingSystem-3/index.php/Home/Index/showDeal
INFO: [ app_init ] --START--
INFO: Run Behavior\BuildLiteBehavior [ RunTime:0.000015s ]
INFO: [ app_init ] --END-- [ RunTime:0.000817s ]
INFO: [ app_begin ] --START--
INFO: Run Behavior\ReadHtmlCacheBehavior [ RunTime:0.001508s ]
INFO: [ app_begin ] --END-- [ RunTime:0.001569s ]
SQL: SHOW COLUMNS FROM `stock_personal_stock_account` [ RunTime:0.0067s ]
SQL: SELECT * FROM `stock_personal_stock_account` WHERE `userid` = 1 LIMIT 1   [ RunTime:0.0005s ]
SQL: SHOW COLUMNS FROM `stock_stockholder` [ RunTime:0.0071s ]
SQL: SELECT * FROM `stock_stockholder` WHERE `userid` = 1 LIMIT 1   [ RunTime:0.0006s ]
SQL: SHOW COLUMNS FROM `stock_deal` [ RunTime:0.0068s ]
SQL: SELECT * FROM `stock_deal` INNER JOIN stock_commission on (stock_commission.commissionid = stock_deal.in_commission) or (stock_commission.commissionid = stock_deal.out_commission) INNER JOIN stock_stock  WHERE `stockholderid` = '1'  [ RunTime:0.0008s ]
INFO: [ view_parse ] --START--
INFO: [ template_filter ] --START--
INFO: Run Behavior\ContentReplaceBehavior [ RunTime:0.000094s ]
INFO: [ template_filter ] --END-- [ RunTime:0.000148s ]
INFO: Run Behavior\ParseTemplateBehavior [ RunTime:0.017741s ]
INFO: [ view_parse ] --END-- [ RunTime:0.017860s ]
INFO: [ view_filter ] --START--
INFO: Run Behavior\WriteHtmlCacheBehavior [ RunTime:0.001907s ]
INFO: [ view_filter ] --END-- [ RunTime:0.001979s ]
INFO: [ app_end ] --START--
INFO: Run Behavior\ShowPageTraceBehavior [ RunTime:0.002504s ]
INFO: [ app_end ] --END-- [ RunTime:0.002609s ]

[ 2017-05-11T15:47:41+08:00 ] ::1 /pro2/StockTradingSystem-3/index.php/Home/Index/buyStock
INFO: [ app_init ] --START--
INFO: Run Behavior\BuildLiteBehavior [ RunTime:0.000014s ]
INFO: [ app_init ] --END-- [ RunTime:0.000831s ]
INFO: [ app_begin ] --START--
INFO: Run Behavior\ReadHtmlCacheBehavior [ RunTime:0.001679s ]
INFO: [ app_begin ] --END-- [ RunTime:0.001751s ]
SQL: SHOW COLUMNS FROM `stock_personal_stock_account` [ RunTime:0.0267s ]
SQL: SELECT * FROM `stock_personal_stock_account` WHERE `userid` = 1 LIMIT 1   [ RunTime:0.0012s ]
SQL: SELECT * FROM `stock_personal_stock_account` WHERE `userid` = 1 LIMIT 1   [ RunTime:0.0011s ]
INFO: [ view_parse ] --START--
INFO: [ template_filter ] --START--
INFO: Run Behavior\ContentReplaceBehavior [ RunTime:0.000251s ]
INFO: [ template_filter ] --END-- [ RunTime:0.000368s ]
INFO: Run Behavior\ParseTemplateBehavior [ RunTime:0.042205s ]
INFO: [ view_parse ] --END-- [ RunTime:0.042411s ]
INFO: [ view_filter ] --START--
INFO: Run Behavior\WriteHtmlCacheBehavior [ RunTime:0.003314s ]
INFO: [ view_filter ] --END-- [ RunTime:0.003428s ]
INFO: [ app_end ] --START--
INFO: Run Behavior\ShowPageTraceBehavior [ RunTime:0.005803s ]
INFO: [ app_end ] --END-- [ RunTime:0.005986s ]

[ 2017-05-11T15:47:48+08:00 ] ::1 /pro2/StockTradingSystem-3/index.php/Home/Index/showDeal
INFO: [ app_init ] --START--
INFO: Run Behavior\BuildLiteBehavior [ RunTime:0.000014s ]
INFO: [ app_init ] --END-- [ RunTime:0.000863s ]
INFO: [ app_begin ] --START--
INFO: Run Behavior\ReadHtmlCacheBehavior [ RunTime:0.001667s ]
INFO: [ app_begin ] --END-- [ RunTime:0.001736s ]
SQL: SHOW COLUMNS FROM `stock_personal_stock_account` [ RunTime:0.0263s ]
SQL: SELECT * FROM `stock_personal_stock_account` WHERE `userid` = 1 LIMIT 1   [ RunTime:0.0014s ]
SQL: SHOW COLUMNS FROM `stock_stockholder` [ RunTime:0.0166s ]
SQL: SELECT * FROM `stock_stockholder` WHERE `userid` = 1 LIMIT 1   [ RunTime:0.0014s ]
SQL: SHOW COLUMNS FROM `stock_deal` [ RunTime:0.0111s ]
SQL: SELECT * FROM `stock_deal` INNER JOIN stock_commission on (stock_commission.commissionid = stock_deal.in_commission) or (stock_commission.commissionid = stock_deal.out_commission) INNER JOIN stock_stock  WHERE `stockholderid` = '1'  [ RunTime:0.0008s ]
INFO: [ view_parse ] --START--
INFO: [ template_filter ] --START--
INFO: Run Behavior\ContentReplaceBehavior [ RunTime:0.000154s ]
INFO: [ template_filter ] --END-- [ RunTime:0.000237s ]
INFO: Run Behavior\ParseTemplateBehavior [ RunTime:0.024016s ]
INFO: [ view_parse ] --END-- [ RunTime:0.024105s ]
INFO: [ view_filter ] --START--
INFO: Run Behavior\WriteHtmlCacheBehavior [ RunTime:0.001503s ]
INFO: [ view_filter ] --END-- [ RunTime:0.001594s ]
INFO: [ app_end ] --START--
INFO: Run Behavior\ShowPageTraceBehavior [ RunTime:0.003004s ]
INFO: [ app_end ] --END-- [ RunTime:0.003095s ]

[ 2017-05-11T15:56:59+08:00 ] ::1 /pro2/StockTradingSystem-3/index.php/Home/Index/showPersonalAccount
INFO: [ app_init ] --START--
INFO: Run Behavior\BuildLiteBehavior [ RunTime:0.000022s ]
INFO: [ app_init ] --END-- [ RunTime:0.000926s ]
INFO: [ app_begin ] --START--
INFO: Run Behavior\ReadHtmlCacheBehavior [ RunTime:0.001582s ]
INFO: [ app_begin ] --END-- [ RunTime:0.001643s ]
SQL: SHOW COLUMNS FROM `stock_personal_stock_account` [ RunTime:0.0261s ]
SQL: SELECT * FROM `stock_personal_stock_account` WHERE `userid` = 1 LIMIT 1   [ RunTime:0.0007s ]
SQL: SELECT * FROM `stock_personal_stock_account` WHERE `userid` = 1 LIMIT 1   [ RunTime:0.0005s ]
INFO: [ view_parse ] --START--
INFO: [ template_filter ] --START--
INFO: Run Behavior\ContentReplaceBehavior [ RunTime:0.000145s ]
INFO: [ template_filter ] --END-- [ RunTime:0.000340s ]
INFO: Run Behavior\ParseTemplateBehavior [ RunTime:0.028612s ]
INFO: [ view_parse ] --END-- [ RunTime:0.028767s ]
INFO: [ view_filter ] --START--
INFO: Run Behavior\WriteHtmlCacheBehavior [ RunTime:0.003343s ]
INFO: [ view_filter ] --END-- [ RunTime:0.003505s ]
INFO: [ app_end ] --START--
INFO: Run Behavior\ShowPageTraceBehavior [ RunTime:0.003310s ]
INFO: [ app_end ] --END-- [ RunTime:0.003410s ]

[ 2017-05-11T15:57:03+08:00 ] ::1 /pro2/StockTradingSystem-3/index.php/Home/Index/showHoldInfo
INFO: [ app_init ] --START--
INFO: Run Behavior\BuildLiteBehavior [ RunTime:0.000015s ]
INFO: [ app_init ] --END-- [ RunTime:0.000829s ]
INFO: [ app_begin ] --START--
INFO: Run Behavior\ReadHtmlCacheBehavior [ RunTime:0.001691s ]
INFO: [ app_begin ] --END-- [ RunTime:0.001759s ]
SQL: SHOW COLUMNS FROM `stock_personal_stock_account` [ RunTime:0.0199s ]
SQL: SELECT * FROM `stock_personal_stock_account` WHERE `userid` = 1 LIMIT 1   [ RunTime:0.0006s ]
SQL: SHOW COLUMNS FROM `stock_stockholder` [ RunTime:0.0087s ]
SQL: SELECT * FROM `stock_stockholder` WHERE `userid` = 1 LIMIT 1   [ RunTime:0.0007s ]
SQL: SHOW COLUMNS FROM `stock_hold_stock_info` [ RunTime:0.0086s ]
SQL: SELECT * FROM `stock_hold_stock_info` INNER JOIN stock_stock  WHERE `stockholderid` = '1'  [ RunTime:0.0014s ]
INFO: [ view_parse ] --START--
INFO: [ template_filter ] --START--
INFO: Run Behavior\ContentReplaceBehavior [ RunTime:0.000080s ]
INFO: [ template_filter ] --END-- [ RunTime:0.000139s ]
INFO: Run Behavior\ParseTemplateBehavior [ RunTime:0.014615s ]
INFO: [ view_parse ] --END-- [ RunTime:0.014687s ]
INFO: [ view_filter ] --START--
INFO: Run Behavior\WriteHtmlCacheBehavior [ RunTime:0.001234s ]
INFO: [ view_filter ] --END-- [ RunTime:0.001278s ]
INFO: [ app_end ] --START--
INFO: Run Behavior\ShowPageTraceBehavior [ RunTime:0.001584s ]
INFO: [ app_end ] --END-- [ RunTime:0.001635s ]

[ 2017-05-11T16:09:21+08:00 ] ::1 /pro2/StockTradingSystem-3/index.php/Home/Index/showDeal
INFO: [ app_init ] --START--
INFO: Run Behavior\BuildLiteBehavior [ RunTime:0.000014s ]
INFO: [ app_init ] --END-- [ RunTime:0.000879s ]
INFO: [ app_begin ] --START--
INFO: Run Behavior\ReadHtmlCacheBehavior [ RunTime:0.001896s ]
INFO: [ app_begin ] --END-- [ RunTime:0.001974s ]
SQL: SHOW COLUMNS FROM `stock_personal_stock_account` [ RunTime:0.0312s ]
SQL: SELECT * FROM `stock_personal_stock_account` WHERE `userid` = 1 LIMIT 1   [ RunTime:0.0009s ]
SQL: SHOW COLUMNS FROM `stock_stockholder` [ RunTime:0.0080s ]
SQL: SELECT * FROM `stock_stockholder` WHERE `userid` = 1 LIMIT 1   [ RunTime:0.0007s ]
SQL: SHOW COLUMNS FROM `stock_deal` [ RunTime:0.0100s ]
SQL: SELECT * FROM `stock_deal` INNER JOIN stock_commission on (stock_commission.commissionid = stock_deal.in_commission) or (stock_commission.commissionid = stock_deal.out_commission) INNER JOIN stock_stock  WHERE `stockholderid` = '1'  [ RunTime:0.0023s ]
INFO: [ view_parse ] --START--
INFO: [ template_filter ] --START--
INFO: Run Behavior\ContentReplaceBehavior [ RunTime:0.000117s ]
INFO: [ template_filter ] --END-- [ RunTime:0.000184s ]
INFO: Run Behavior\ParseTemplateBehavior [ RunTime:0.021710s ]
INFO: [ view_parse ] --END-- [ RunTime:0.021806s ]
INFO: [ view_filter ] --START--
INFO: Run Behavior\WriteHtmlCacheBehavior [ RunTime:0.001450s ]
INFO: [ view_filter ] --END-- [ RunTime:0.001499s ]
INFO: [ app_end ] --START--
INFO: Run Behavior\ShowPageTraceBehavior [ RunTime:0.002491s ]
INFO: [ app_end ] --END-- [ RunTime:0.002593s ]

[ 2017-05-11T16:13:41+08:00 ] ::1 /pro2/StockTradingSystem-3/index.php/Home/Index/showDeal
INFO: [ app_init ] --START--
INFO: Run Behavior\BuildLiteBehavior [ RunTime:0.000017s ]
INFO: [ app_init ] --END-- [ RunTime:0.000913s ]
INFO: [ app_begin ] --START--
INFO: Run Behavior\ReadHtmlCacheBehavior [ RunTime:0.002096s ]
INFO: [ app_begin ] --END-- [ RunTime:0.002230s ]
SQL: SHOW COLUMNS FROM `stock_personal_stock_account` [ RunTime:0.0176s ]
SQL: SELECT * FROM `stock_personal_stock_account` WHERE `userid` = 1 LIMIT 1   [ RunTime:0.0011s ]
SQL: SHOW COLUMNS FROM `stock_stockholder` [ RunTime:0.0137s ]
SQL: SELECT * FROM `stock_stockholder` WHERE `userid` = 1 LIMIT 1   [ RunTime:0.0013s ]
SQL: SHOW COLUMNS FROM `stock_deal` [ RunTime:0.0168s ]
SQL: SELECT * FROM `stock_deal` INNER JOIN stock_commission on (stock_commission.commissionid = stock_deal.in_commission) or (stock_commission.commissionid = stock_deal.out_commission) INNER JOIN stock_stock  WHERE `stockholderid` = '1'  [ RunTime:0.0016s ]
INFO: [ view_parse ] --START--
INFO: [ template_filter ] --START--
INFO: Run Behavior\ContentReplaceBehavior [ RunTime:0.000141s ]
INFO: [ template_filter ] --END-- [ RunTime:0.000291s ]
INFO: Run Behavior\ParseTemplateBehavior [ RunTime:0.025228s ]
INFO: [ view_parse ] --END-- [ RunTime:0.025338s ]
INFO: [ view_filter ] --START--
INFO: Run Behavior\WriteHtmlCacheBehavior [ RunTime:0.002302s ]
INFO: [ view_filter ] --END-- [ RunTime:0.002388s ]
INFO: [ app_end ] --START--
INFO: Run Behavior\ShowPageTraceBehavior [ RunTime:0.002111s ]
INFO: [ app_end ] --END-- [ RunTime:0.002184s ]

[ 2017-05-11T16:13:46+08:00 ] ::1 /pro2/StockTradingSystem-3/index.php/Home/Index/showDeal
INFO: [ app_init ] --START--
INFO: Run Behavior\BuildLiteBehavior [ RunTime:0.000016s ]
INFO: [ app_init ] --END-- [ RunTime:0.000894s ]
INFO: [ app_begin ] --START--
INFO: Run Behavior\ReadHtmlCacheBehavior [ RunTime:0.001550s ]
INFO: [ app_begin ] --END-- [ RunTime:0.001612s ]
SQL: SHOW COLUMNS FROM `stock_personal_stock_account` [ RunTime:0.0289s ]
SQL: SELECT * FROM `stock_personal_stock_account` WHERE `userid` = 1 LIMIT 1   [ RunTime:0.0006s ]
SQL: SHOW COLUMNS FROM `stock_stockholder` [ RunTime:0.0073s ]
SQL: SELECT * FROM `stock_stockholder` WHERE `userid` = 1 LIMIT 1   [ RunTime:0.0008s ]
SQL: SHOW COLUMNS FROM `stock_deal` [ RunTime:0.0075s ]
SQL: SELECT * FROM `stock_deal` INNER JOIN stock_commission on (stock_commission.commissionid = stock_deal.in_commission) or (stock_commission.commissionid = stock_deal.out_commission) INNER JOIN stock_stock  WHERE `stockholderid` = '1'  [ RunTime:0.0007s ]
INFO: [ view_parse ] --START--
INFO: [ template_filter ] --START--
INFO: Run Behavior\ContentReplaceBehavior [ RunTime:0.000085s ]
INFO: [ template_filter ] --END-- [ RunTime:0.000143s ]
INFO: Run Behavior\ParseTemplateBehavior [ RunTime:0.019030s ]
INFO: [ view_parse ] --END-- [ RunTime:0.019155s ]
INFO: [ view_filter ] --START--
INFO: Run Behavior\WriteHtmlCacheBehavior [ RunTime:0.001729s ]
INFO: [ view_filter ] --END-- [ RunTime:0.001802s ]
INFO: [ app_end ] --START--
INFO: Run Behavior\ShowPageTraceBehavior [ RunTime:0.001691s ]
INFO: [ app_end ] --END-- [ RunTime:0.001747s ]

[ 2017-05-11T16:14:06+08:00 ] ::1 /pro2/StockTradingSystem-3/index.php/Home/Index/showTodayCommission
INFO: [ app_init ] --START--
INFO: Run Behavior\BuildLiteBehavior [ RunTime:0.000016s ]
INFO: [ app_init ] --END-- [ RunTime:0.000885s ]
INFO: [ app_begin ] --START--
INFO: Run Behavior\ReadHtmlCacheBehavior [ RunTime:0.001453s ]
INFO: [ app_begin ] --END-- [ RunTime:0.001524s ]
SQL: SHOW COLUMNS FROM `stock_personal_stock_account` [ RunTime:0.0285s ]
SQL: SELECT * FROM `stock_personal_stock_account` WHERE `userid` = 1 LIMIT 1   [ RunTime:0.0013s ]
SQL: SHOW COLUMNS FROM `stock_stockholder` [ RunTime:0.0189s ]
SQL: SELECT * FROM `stock_stockholder` WHERE `userid` = 1 LIMIT 1   [ RunTime:0.0012s ]
SQL: SHOW COLUMNS FROM `stock_commission` [ RunTime:0.0105s ]
SQL: SELECT * FROM `stock_commission` INNER JOIN stock_stock on stock_stock.stockid = stock_commission.stockid  WHERE `stockholderid` = '1' AND `commission_time` >= 1494460800  [ RunTime:0.0006s ]
INFO: [ view_parse ] --START--
INFO: [ template_filter ] --START--
INFO: Run Behavior\ContentReplaceBehavior [ RunTime:0.000102s ]
INFO: [ template_filter ] --END-- [ RunTime:0.000179s ]
INFO: Run Behavior\ParseTemplateBehavior [ RunTime:0.018998s ]
INFO: [ view_parse ] --END-- [ RunTime:0.019084s ]
INFO: [ view_filter ] --START--
INFO: Run Behavior\WriteHtmlCacheBehavior [ RunTime:0.001124s ]
INFO: [ view_filter ] --END-- [ RunTime:0.001172s ]
INFO: [ app_end ] --START--
INFO: Run Behavior\ShowPageTraceBehavior [ RunTime:0.001195s ]
INFO: [ app_end ] --END-- [ RunTime:0.001241s ]

[ 2017-05-11T16:14:10+08:00 ] ::1 /pro2/StockTradingSystem-3/index.php/Home/Index/showDeal
INFO: [ app_init ] --START--
INFO: Run Behavior\BuildLiteBehavior [ RunTime:0.000027s ]
INFO: [ app_init ] --END-- [ RunTime:0.001433s ]
INFO: [ app_begin ] --START--
INFO: Run Behavior\ReadHtmlCacheBehavior [ RunTime:0.001475s ]
INFO: [ app_begin ] --END-- [ RunTime:0.001564s ]
SQL: SHOW COLUMNS FROM `stock_personal_stock_account` [ RunTime:0.0144s ]
SQL: SELECT * FROM `stock_personal_stock_account` WHERE `userid` = 1 LIMIT 1   [ RunTime:0.0011s ]
SQL: SHOW COLUMNS FROM `stock_stockholder` [ RunTime:0.0121s ]
SQL: SELECT * FROM `stock_stockholder` WHERE `userid` = 1 LIMIT 1   [ RunTime:0.0004s ]
SQL: SHOW COLUMNS FROM `stock_deal` [ RunTime:0.0050s ]
SQL: SELECT * FROM `stock_deal` INNER JOIN stock_commission on (stock_commission.commissionid = stock_deal.in_commission) or (stock_commission.commissionid = stock_deal.out_commission) INNER JOIN stock_stock  WHERE `stockholderid` = '1'  [ RunTime:0.0005s ]
INFO: [ view_parse ] --START--
INFO: [ template_filter ] --START--
INFO: Run Behavior\ContentReplaceBehavior [ RunTime:0.000098s ]
INFO: [ template_filter ] --END-- [ RunTime:0.000169s ]
INFO: Run Behavior\ParseTemplateBehavior [ RunTime:0.014961s ]
INFO: [ view_parse ] --END-- [ RunTime:0.015029s ]
INFO: [ view_filter ] --START--
INFO: Run Behavior\WriteHtmlCacheBehavior [ RunTime:0.001218s ]
INFO: [ view_filter ] --END-- [ RunTime:0.001265s ]
INFO: [ app_end ] --START--
INFO: Run Behavior\ShowPageTraceBehavior [ RunTime:0.001535s ]
INFO: [ app_end ] --END-- [ RunTime:0.001612s ]

[ 2017-05-11T16:14:13+08:00 ] ::1 /pro2/StockTradingSystem-3/index.php/Home/Index/showPersonalAccount
INFO: [ app_init ] --START--
INFO: Run Behavior\BuildLiteBehavior [ RunTime:0.000017s ]
INFO: [ app_init ] --END-- [ RunTime:0.000882s ]
INFO: [ app_begin ] --START--
INFO: Run Behavior\ReadHtmlCacheBehavior [ RunTime:0.001332s ]
INFO: [ app_begin ] --END-- [ RunTime:0.001405s ]
SQL: SHOW COLUMNS FROM `stock_personal_stock_account` [ RunTime:0.0149s ]
SQL: SELECT * FROM `stock_personal_stock_account` WHERE `userid` = 1 LIMIT 1   [ RunTime:0.0011s ]
SQL: SELECT * FROM `stock_personal_stock_account` WHERE `userid` = 1 LIMIT 1   [ RunTime:0.0011s ]
INFO: [ view_parse ] --START--
INFO: [ template_filter ] --START--
INFO: Run Behavior\ContentReplaceBehavior [ RunTime:0.000147s ]
INFO: [ template_filter ] --END-- [ RunTime:0.000254s ]
INFO: Run Behavior\ParseTemplateBehavior [ RunTime:0.030300s ]
INFO: [ view_parse ] --END-- [ RunTime:0.030562s ]
INFO: [ view_filter ] --START--
INFO: Run Behavior\WriteHtmlCacheBehavior [ RunTime:0.002510s ]
INFO: [ view_filter ] --END-- [ RunTime:0.002622s ]
INFO: [ app_end ] --START--
INFO: Run Behavior\ShowPageTraceBehavior [ RunTime:0.002741s ]
INFO: [ app_end ] --END-- [ RunTime:0.002841s ]

[ 2017-05-11T16:14:16+08:00 ] ::1 /pro2/StockTradingSystem-3/index.php/Home/Index/showHoldInfo
INFO: [ app_init ] --START--
INFO: Run Behavior\BuildLiteBehavior [ RunTime:0.000017s ]
INFO: [ app_init ] --END-- [ RunTime:0.000914s ]
INFO: [ app_begin ] --START--
INFO: Run Behavior\ReadHtmlCacheBehavior [ RunTime:0.001589s ]
INFO: [ app_begin ] --END-- [ RunTime:0.001688s ]
SQL: SHOW COLUMNS FROM `stock_personal_stock_account` [ RunTime:0.0287s ]
SQL: SELECT * FROM `stock_personal_stock_account` WHERE `userid` = 1 LIMIT 1   [ RunTime:0.0015s ]
SQL: SHOW COLUMNS FROM `stock_stockholder` [ RunTime:0.0151s ]
SQL: SELECT * FROM `stock_stockholder` WHERE `userid` = 1 LIMIT 1   [ RunTime:0.0006s ]
SQL: SHOW COLUMNS FROM `stock_hold_stock_info` [ RunTime:0.0073s ]
SQL: SELECT * FROM `stock_hold_stock_info` INNER JOIN stock_stock  WHERE `stockholderid` = '1'  [ RunTime:0.0007s ]
INFO: [ view_parse ] --START--
INFO: [ template_filter ] --START--
INFO: Run Behavior\ContentReplaceBehavior [ RunTime:0.000119s ]
INFO: [ template_filter ] --END-- [ RunTime:0.000208s ]
INFO: Run Behavior\ParseTemplateBehavior [ RunTime:0.027261s ]
INFO: [ view_parse ] --END-- [ RunTime:0.027378s ]
INFO: [ view_filter ] --START--
INFO: Run Behavior\WriteHtmlCacheBehavior [ RunTime:0.001758s ]
INFO: [ view_filter ] --END-- [ RunTime:0.001849s ]
INFO: [ app_end ] --START--
INFO: Run Behavior\ShowPageTraceBehavior [ RunTime:0.001652s ]
INFO: [ app_end ] --END-- [ RunTime:0.001726s ]

[ 2017-05-11T16:14:23+08:00 ] ::1 /pro2/StockTradingSystem-3/index.php/Home/Index/showDeal
INFO: [ app_init ] --START--
INFO: Run Behavior\BuildLiteBehavior [ RunTime:0.000014s ]
INFO: [ app_init ] --END-- [ RunTime:0.000855s ]
INFO: [ app_begin ] --START--
INFO: Run Behavior\ReadHtmlCacheBehavior [ RunTime:0.001264s ]
INFO: [ app_begin ] --END-- [ RunTime:0.001324s ]
SQL: SHOW COLUMNS FROM `stock_personal_stock_account` [ RunTime:0.0081s ]
SQL: SELECT * FROM `stock_personal_stock_account` WHERE `userid` = 1 LIMIT 1   [ RunTime:0.0009s ]
SQL: SHOW COLUMNS FROM `stock_stockholder` [ RunTime:0.0087s ]
SQL: SELECT * FROM `stock_stockholder` WHERE `userid` = 1 LIMIT 1   [ RunTime:0.0008s ]
SQL: SHOW COLUMNS FROM `stock_deal` [ RunTime:0.0088s ]
SQL: SELECT * FROM `stock_deal` INNER JOIN stock_commission on (stock_commission.commissionid = stock_deal.in_commission) or (stock_commission.commissionid = stock_deal.out_commission) INNER JOIN stock_stock  WHERE `stockholderid` = '1'  [ RunTime:0.0009s ]
INFO: [ view_parse ] --START--
INFO: [ template_filter ] --START--
INFO: Run Behavior\ContentReplaceBehavior [ RunTime:0.000160s ]
INFO: [ template_filter ] --END-- [ RunTime:0.000269s ]
INFO: Run Behavior\ParseTemplateBehavior [ RunTime:0.029065s ]
INFO: [ view_parse ] --END-- [ RunTime:0.029201s ]
INFO: [ view_filter ] --START--
INFO: Run Behavior\WriteHtmlCacheBehavior [ RunTime:0.002322s ]
INFO: [ view_filter ] --END-- [ RunTime:0.002427s ]
INFO: [ app_end ] --START--
INFO: Run Behavior\ShowPageTraceBehavior [ RunTime:0.002686s ]
INFO: [ app_end ] --END-- [ RunTime:0.002783s ]

[ 2017-05-11T16:14:32+08:00 ] ::1 /pro2/StockTradingSystem-3/index.php/Home/Index/buyStock
INFO: [ app_init ] --START--
INFO: Run Behavior\BuildLiteBehavior [ RunTime:0.000017s ]
INFO: [ app_init ] --END-- [ RunTime:0.000821s ]
INFO: [ app_begin ] --START--
INFO: Run Behavior\ReadHtmlCacheBehavior [ RunTime:0.001327s ]
INFO: [ app_begin ] --END-- [ RunTime:0.001403s ]
SQL: SHOW COLUMNS FROM `stock_personal_stock_account` [ RunTime:0.0291s ]
SQL: SELECT * FROM `stock_personal_stock_account` WHERE `userid` = 1 LIMIT 1   [ RunTime:0.0014s ]
SQL: SELECT * FROM `stock_personal_stock_account` WHERE `userid` = 1 LIMIT 1   [ RunTime:0.0013s ]
INFO: [ view_parse ] --START--
INFO: [ template_filter ] --START--
INFO: Run Behavior\ContentReplaceBehavior [ RunTime:0.000133s ]
INFO: [ template_filter ] --END-- [ RunTime:0.000191s ]
INFO: Run Behavior\ParseTemplateBehavior [ RunTime:0.017177s ]
INFO: [ view_parse ] --END-- [ RunTime:0.017392s ]
INFO: [ view_filter ] --START--
INFO: Run Behavior\WriteHtmlCacheBehavior [ RunTime:0.001233s ]
INFO: [ view_filter ] --END-- [ RunTime:0.001293s ]
INFO: [ app_end ] --START--
INFO: Run Behavior\ShowPageTraceBehavior [ RunTime:0.001984s ]
INFO: [ app_end ] --END-- [ RunTime:0.002077s ]

[ 2017-05-11T16:14:37+08:00 ] ::1 /pro2/StockTradingSystem-3/index.php/Home/Index/showHoldInfo
INFO: [ app_init ] --START--
INFO: Run Behavior\BuildLiteBehavior [ RunTime:0.000017s ]
INFO: [ app_init ] --END-- [ RunTime:0.000863s ]
INFO: [ app_begin ] --START--
INFO: Run Behavior\ReadHtmlCacheBehavior [ RunTime:0.001783s ]
INFO: [ app_begin ] --END-- [ RunTime:0.001885s ]
SQL: SHOW COLUMNS FROM `stock_personal_stock_account` [ RunTime:0.0167s ]
SQL: SELECT * FROM `stock_personal_stock_account` WHERE `userid` = 1 LIMIT 1   [ RunTime:0.0011s ]
SQL: SHOW COLUMNS FROM `stock_stockholder` [ RunTime:0.0179s ]
SQL: SELECT * FROM `stock_stockholder` WHERE `userid` = 1 LIMIT 1   [ RunTime:0.0012s ]
SQL: SHOW COLUMNS FROM `stock_hold_stock_info` [ RunTime:0.0087s ]
SQL: SELECT * FROM `stock_hold_stock_info` INNER JOIN stock_stock  WHERE `stockholderid` = '1'  [ RunTime:0.0007s ]
INFO: [ view_parse ] --START--
INFO: [ template_filter ] --START--
INFO: Run Behavior\ContentReplaceBehavior [ RunTime:0.000123s ]
INFO: [ template_filter ] --END-- [ RunTime:0.000208s ]
INFO: Run Behavior\ParseTemplateBehavior [ RunTime:0.022725s ]
INFO: [ view_parse ] --END-- [ RunTime:0.022817s ]
INFO: [ view_filter ] --START--
INFO: Run Behavior\WriteHtmlCacheBehavior [ RunTime:0.001314s ]
INFO: [ view_filter ] --END-- [ RunTime:0.001375s ]
INFO: [ app_end ] --START--
INFO: Run Behavior\ShowPageTraceBehavior [ RunTime:0.001495s ]
INFO: [ app_end ] --END-- [ RunTime:0.001554s ]

[ 2017-05-11T16:14:43+08:00 ] ::1 /pro2/StockTradingSystem-3/index.php/Home/Index/buyStock
INFO: [ app_init ] --START--
INFO: Run Behavior\BuildLiteBehavior [ RunTime:0.000015s ]
INFO: [ app_init ] --END-- [ RunTime:0.000893s ]
INFO: [ app_begin ] --START--
INFO: Run Behavior\ReadHtmlCacheBehavior [ RunTime:0.001404s ]
INFO: [ app_begin ] --END-- [ RunTime:0.001477s ]
SQL: SHOW COLUMNS FROM `stock_personal_stock_account` [ RunTime:0.0150s ]
SQL: SELECT * FROM `stock_personal_stock_account` WHERE `userid` = 1 LIMIT 1   [ RunTime:0.0014s ]
SQL: SELECT * FROM `stock_personal_stock_account` WHERE `userid` = 1 LIMIT 1   [ RunTime:0.0016s ]
INFO: [ view_parse ] --START--
INFO: [ template_filter ] --START--
INFO: Run Behavior\ContentReplaceBehavior [ RunTime:0.000196s ]
INFO: [ template_filter ] --END-- [ RunTime:0.000309s ]
INFO: Run Behavior\ParseTemplateBehavior [ RunTime:0.030762s ]
INFO: [ view_parse ] --END-- [ RunTime:0.030959s ]
INFO: [ view_filter ] --START--
INFO: Run Behavior\WriteHtmlCacheBehavior [ RunTime:0.002153s ]
INFO: [ view_filter ] --END-- [ RunTime:0.002255s ]
INFO: [ app_end ] --START--
INFO: Run Behavior\ShowPageTraceBehavior [ RunTime:0.004959s ]
INFO: [ app_end ] --END-- [ RunTime:0.005066s ]

[ 2017-05-11T16:14:50+08:00 ] ::1 /pro2/StockTradingSystem-3/index.php/Home/Index/addBuy
INFO: [ app_init ] --START--
INFO: Run Behavior\BuildLiteBehavior [ RunTime:0.000029s ]
INFO: [ app_init ] --END-- [ RunTime:0.000883s ]
INFO: [ app_begin ] --START--
INFO: Run Behavior\ReadHtmlCacheBehavior [ RunTime:0.001260s ]
INFO: [ app_begin ] --END-- [ RunTime:0.001319s ]
SQL: SHOW COLUMNS FROM `stock_personal_stock_account` [ RunTime:0.0151s ]
SQL: SELECT * FROM `stock_personal_stock_account` WHERE `userid` = 1 LIMIT 1   [ RunTime:0.0008s ]
SQL: SHOW COLUMNS FROM `stock_stock` [ RunTime:0.0083s ]
SQL: SELECT * FROM `stock_stock` WHERE `stockid` = '000856' LIMIT 1   [ RunTime:0.0006s ]
SQL: SHOW COLUMNS FROM `stock_stockholder` [ RunTime:0.0072s ]
SQL: SELECT * FROM `stock_stockholder` WHERE `userid` = 1 LIMIT 1   [ RunTime:0.0006s ]
SQL: SELECT * FROM `stock_personal_stock_account` WHERE `userid` = 1 LIMIT 1   [ RunTime:0.0005s ]
SQL: SHOW COLUMNS FROM `stock_commission` [ RunTime:0.0066s ]
SQL: INSERT INTO `stock_commission` (`stockid`,`commission_price`,`direction`,`commission_time`,`commission_account`,`stockholderid`,`state`) VALUES ('000856','2','0','1494490490','100','1','2') [ RunTime:0.0013s ]
INFO: [ view_parse ] --START--
INFO: [ template_filter ] --START--
INFO: Run Behavior\ContentReplaceBehavior [ RunTime:0.000043s ]
INFO: [ template_filter ] --END-- [ RunTime:0.000105s ]
INFO: Run Behavior\ParseTemplateBehavior [ RunTime:0.011744s ]
INFO: [ view_parse ] --END-- [ RunTime:0.011804s ]
INFO: [ view_filter ] --START--
INFO: Run Behavior\WriteHtmlCacheBehavior [ RunTime:0.001135s ]
INFO: [ view_filter ] --END-- [ RunTime:0.001180s ]
INFO: [ app_end ] --START--
INFO: Run Behavior\ShowPageTraceBehavior [ RunTime:0.001280s ]
INFO: [ app_end ] --END-- [ RunTime:0.001328s ]

[ 2017-05-11T16:14:52+08:00 ] ::1 /pro2/StockTradingSystem-3/index.php/Home/Index/Index/buyStock
INFO: [ app_init ] --START--
INFO: Run Behavior\BuildLiteBehavior [ RunTime:0.000016s ]
INFO: [ app_init ] --END-- [ RunTime:0.001058s ]
INFO: [ app_begin ] --START--
INFO: Run Behavior\ReadHtmlCacheBehavior [ RunTime:0.001256s ]
INFO: [ app_begin ] --END-- [ RunTime:0.001324s ]
SQL: SHOW COLUMNS FROM `stock_personal_stock_account` [ RunTime:0.0052s ]
SQL: SELECT * FROM `stock_personal_stock_account` WHERE `userid` = 1 LIMIT 1   [ RunTime:0.0007s ]

[ 2017-05-11T16:14:53+08:00 ] ::1 /pro2/StockTradingSystem-3/index.php/Home/Index/buyStock.html
INFO: [ app_init ] --START--
INFO: Run Behavior\BuildLiteBehavior [ RunTime:0.000016s ]
INFO: [ app_init ] --END-- [ RunTime:0.000884s ]
INFO: [ app_begin ] --START--
INFO: Run Behavior\ReadHtmlCacheBehavior [ RunTime:0.001295s ]
INFO: [ app_begin ] --END-- [ RunTime:0.001370s ]
SQL: SHOW COLUMNS FROM `stock_personal_stock_account` [ RunTime:0.0153s ]
SQL: SELECT * FROM `stock_personal_stock_account` WHERE `userid` = 1 LIMIT 1   [ RunTime:0.0013s ]
SQL: SELECT * FROM `stock_personal_stock_account` WHERE `userid` = 1 LIMIT 1   [ RunTime:0.0014s ]
INFO: [ view_parse ] --START--
INFO: [ template_filter ] --START--
INFO: Run Behavior\ContentReplaceBehavior [ RunTime:0.000280s ]
INFO: [ template_filter ] --END-- [ RunTime:0.000435s ]
INFO: Run Behavior\ParseTemplateBehavior [ RunTime:0.037272s ]
INFO: [ view_parse ] --END-- [ RunTime:0.037560s ]
INFO: [ view_filter ] --START--
INFO: Run Behavior\WriteHtmlCacheBehavior [ RunTime:0.001826s ]
INFO: [ view_filter ] --END-- [ RunTime:0.001947s ]
INFO: [ app_end ] --START--
INFO: Run Behavior\ShowPageTraceBehavior [ RunTime:0.003106s ]
INFO: [ app_end ] --END-- [ RunTime:0.003215s ]

[ 2017-05-11T16:14:57+08:00 ] ::1 /pro2/StockTradingSystem-3/index.php/Home/Index/showTodayDeal
INFO: [ app_init ] --START--
INFO: Run Behavior\BuildLiteBehavior [ RunTime:0.000028s ]
INFO: [ app_init ] --END-- [ RunTime:0.001150s ]
INFO: [ app_begin ] --START--
INFO: Run Behavior\ReadHtmlCacheBehavior [ RunTime:0.001360s ]
INFO: [ app_begin ] --END-- [ RunTime:0.001433s ]
SQL: SHOW COLUMNS FROM `stock_personal_stock_account` [ RunTime:0.0168s ]
SQL: SELECT * FROM `stock_personal_stock_account` WHERE `userid` = 1 LIMIT 1   [ RunTime:0.0014s ]
SQL: SHOW COLUMNS FROM `stock_stockholder` [ RunTime:0.0122s ]
SQL: SELECT * FROM `stock_stockholder` WHERE `userid` = 1 LIMIT 1   [ RunTime:0.0008s ]
SQL: SHOW COLUMNS FROM `stock_deal` [ RunTime:0.0110s ]
SQL: SELECT * FROM `stock_deal` INNER JOIN stock_commission on (stock_commission.commissionid = stock_deal.in_commission) or (stock_commission.commissionid = stock_deal.out_commission) INNER JOIN stock_stock  WHERE `stockholderid` = '1' AND `deal_time` >= 1494460800  [ RunTime:0.0011s ]
INFO: [ view_parse ] --START--
INFO: [ template_filter ] --START--
INFO: Run Behavior\ContentReplaceBehavior [ RunTime:0.000083s ]
INFO: [ template_filter ] --END-- [ RunTime:0.000140s ]
INFO: Run Behavior\ParseTemplateBehavior [ RunTime:0.016904s ]
INFO: [ view_parse ] --END-- [ RunTime:0.016990s ]
INFO: [ view_filter ] --START--
INFO: Run Behavior\WriteHtmlCacheBehavior [ RunTime:0.001060s ]
INFO: [ view_filter ] --END-- [ RunTime:0.001110s ]
INFO: [ app_end ] --START--
INFO: Run Behavior\ShowPageTraceBehavior [ RunTime:0.001537s ]
INFO: [ app_end ] --END-- [ RunTime:0.001596s ]

[ 2017-05-11T16:15:00+08:00 ] ::1 /pro2/StockTradingSystem-3/index.php/Home/Index/showHoldInfo
INFO: [ app_init ] --START--
INFO: Run Behavior\BuildLiteBehavior [ RunTime:0.000027s ]
INFO: [ app_init ] --END-- [ RunTime:0.001080s ]
INFO: [ app_begin ] --START--
INFO: Run Behavior\ReadHtmlCacheBehavior [ RunTime:0.001932s ]
INFO: [ app_begin ] --END-- [ RunTime:0.002061s ]
SQL: SHOW COLUMNS FROM `stock_personal_stock_account` [ RunTime:0.0148s ]
SQL: SELECT * FROM `stock_personal_stock_account` WHERE `userid` = 1 LIMIT 1   [ RunTime:0.0008s ]
SQL: SHOW COLUMNS FROM `stock_stockholder` [ RunTime:0.0088s ]
SQL: SELECT * FROM `stock_stockholder` WHERE `userid` = 1 LIMIT 1   [ RunTime:0.0009s ]
SQL: SHOW COLUMNS FROM `stock_hold_stock_info` [ RunTime:0.0072s ]
SQL: SELECT * FROM `stock_hold_stock_info` INNER JOIN stock_stock  WHERE `stockholderid` = '1'  [ RunTime:0.0007s ]
INFO: [ view_parse ] --START--
INFO: [ template_filter ] --START--
INFO: Run Behavior\ContentReplaceBehavior [ RunTime:0.000076s ]
INFO: [ template_filter ] --END-- [ RunTime:0.000128s ]
INFO: Run Behavior\ParseTemplateBehavior [ RunTime:0.018316s ]
INFO: [ view_parse ] --END-- [ RunTime:0.018405s ]
INFO: [ view_filter ] --START--
INFO: Run Behavior\WriteHtmlCacheBehavior [ RunTime:0.001068s ]
INFO: [ view_filter ] --END-- [ RunTime:0.001111s ]
INFO: [ app_end ] --START--
INFO: Run Behavior\ShowPageTraceBehavior [ RunTime:0.001209s ]
INFO: [ app_end ] --END-- [ RunTime:0.001255s ]

[ 2017-05-11T16:15:03+08:00 ] ::1 /pro2/StockTradingSystem-3/index.php/Home/Index/showTodayCommission
INFO: [ app_init ] --START--
INFO: Run Behavior\BuildLiteBehavior [ RunTime:0.000019s ]
INFO: [ app_init ] --END-- [ RunTime:0.001053s ]
INFO: [ app_begin ] --START--
INFO: Run Behavior\ReadHtmlCacheBehavior [ RunTime:0.001479s ]
INFO: [ app_begin ] --END-- [ RunTime:0.001566s ]
SQL: SHOW COLUMNS FROM `stock_personal_stock_account` [ RunTime:0.0201s ]
SQL: SELECT * FROM `stock_personal_stock_account` WHERE `userid` = 1 LIMIT 1   [ RunTime:0.0011s ]
SQL: SHOW COLUMNS FROM `stock_stockholder` [ RunTime:0.0148s ]
SQL: SELECT * FROM `stock_stockholder` WHERE `userid` = 1 LIMIT 1   [ RunTime:0.0007s ]
SQL: SHOW COLUMNS FROM `stock_commission` [ RunTime:0.0086s ]
SQL: SELECT * FROM `stock_commission` INNER JOIN stock_stock on stock_stock.stockid = stock_commission.stockid  WHERE `stockholderid` = '1' AND `commission_time` >= 1494460800  [ RunTime:0.0011s ]
INFO: [ view_parse ] --START--
INFO: [ template_filter ] --START--
INFO: Run Behavior\ContentReplaceBehavior [ RunTime:0.000124s ]
INFO: [ template_filter ] --END-- [ RunTime:0.000226s ]
INFO: Run Behavior\ParseTemplateBehavior [ RunTime:0.028400s ]
INFO: [ view_parse ] --END-- [ RunTime:0.028498s ]
INFO: [ view_filter ] --START--
INFO: Run Behavior\WriteHtmlCacheBehavior [ RunTime:0.001155s ]
INFO: [ view_filter ] --END-- [ RunTime:0.001216s ]
INFO: [ app_end ] --START--
INFO: Run Behavior\ShowPageTraceBehavior [ RunTime:0.001523s ]
INFO: [ app_end ] --END-- [ RunTime:0.001584s ]

[ 2017-05-11T16:15:09+08:00 ] ::1 /pro2/StockTradingSystem-3/index.php/Home/Index/showDeal
INFO: [ app_init ] --START--
INFO: Run Behavior\BuildLiteBehavior [ RunTime:0.000016s ]
INFO: [ app_init ] --END-- [ RunTime:0.000876s ]
INFO: [ app_begin ] --START--
INFO: Run Behavior\ReadHtmlCacheBehavior [ RunTime:0.001332s ]
INFO: [ app_begin ] --END-- [ RunTime:0.001406s ]
SQL: SHOW COLUMNS FROM `stock_personal_stock_account` [ RunTime:0.0164s ]
SQL: SELECT * FROM `stock_personal_stock_account` WHERE `userid` = 1 LIMIT 1   [ RunTime:0.0007s ]
SQL: SHOW COLUMNS FROM `stock_stockholder` [ RunTime:0.0089s ]
SQL: SELECT * FROM `stock_stockholder` WHERE `userid` = 1 LIMIT 1   [ RunTime:0.0007s ]
SQL: SHOW COLUMNS FROM `stock_deal` [ RunTime:0.0102s ]
SQL: SELECT * FROM `stock_deal` INNER JOIN stock_commission on (stock_commission.commissionid = stock_deal.in_commission) or (stock_commission.commissionid = stock_deal.out_commission) INNER JOIN stock_stock  WHERE `stockholderid` = '1'  [ RunTime:0.0010s ]
INFO: [ view_parse ] --START--
INFO: [ template_filter ] --START--
INFO: Run Behavior\ContentReplaceBehavior [ RunTime:0.000106s ]
INFO: [ template_filter ] --END-- [ RunTime:0.000163s ]
INFO: Run Behavior\ParseTemplateBehavior [ RunTime:0.016024s ]
INFO: [ view_parse ] --END-- [ RunTime:0.016138s ]
INFO: [ view_filter ] --START--
INFO: Run Behavior\WriteHtmlCacheBehavior [ RunTime:0.001068s ]
INFO: [ view_filter ] --END-- [ RunTime:0.001116s ]
INFO: [ app_end ] --START--
INFO: Run Behavior\ShowPageTraceBehavior [ RunTime:0.001695s ]
INFO: [ app_end ] --END-- [ RunTime:0.001789s ]

[ 2017-05-11T16:17:06+08:00 ] ::1 /pro2/StockTradingSystem-3/index.php/Home/Index/showDeal
INFO: [ app_init ] --START--
INFO: Run Behavior\BuildLiteBehavior [ RunTime:0.000017s ]
INFO: [ app_init ] --END-- [ RunTime:0.000895s ]
INFO: [ app_begin ] --START--
INFO: Run Behavior\ReadHtmlCacheBehavior [ RunTime:0.001366s ]
INFO: [ app_begin ] --END-- [ RunTime:0.001434s ]
SQL: SHOW COLUMNS FROM `stock_personal_stock_account` [ RunTime:0.0113s ]
SQL: SELECT * FROM `stock_personal_stock_account` WHERE `userid` = 1 LIMIT 1   [ RunTime:0.0009s ]
SQL: SHOW COLUMNS FROM `stock_stockholder` [ RunTime:0.0089s ]
SQL: SELECT * FROM `stock_stockholder` WHERE `userid` = 1 LIMIT 1   [ RunTime:0.0007s ]
SQL: SHOW COLUMNS FROM `stock_deal` [ RunTime:0.0088s ]
SQL: SELECT * FROM `stock_deal` INNER JOIN stock_commission on (stock_commission.commissionid = stock_deal.in_commission) or (stock_commission.commissionid = stock_deal.out_commission) INNER JOIN stock_stock  WHERE `stockholderid` = '1'  [ RunTime:0.0005s ]
INFO: [ view_parse ] --START--
INFO: [ template_filter ] --START--
INFO: Run Behavior\ContentReplaceBehavior [ RunTime:0.000105s ]
INFO: [ template_filter ] --END-- [ RunTime:0.000158s ]
INFO: Run Behavior\ParseTemplateBehavior [ RunTime:0.016887s ]
INFO: [ view_parse ] --END-- [ RunTime:0.016961s ]
INFO: [ view_filter ] --START--
INFO: Run Behavior\WriteHtmlCacheBehavior [ RunTime:0.001329s ]
INFO: [ view_filter ] --END-- [ RunTime:0.001401s ]
INFO: [ app_end ] --START--
INFO: Run Behavior\ShowPageTraceBehavior [ RunTime:0.002134s ]
INFO: [ app_end ] --END-- [ RunTime:0.002231s ]

[ 2017-05-11T16:24:05+08:00 ] ::1 /pro2/StockTradingSystem-3/index.php/Home/Index/showDeal
INFO: [ app_init ] --START--
INFO: Run Behavior\BuildLiteBehavior [ RunTime:0.000014s ]
INFO: [ app_init ] --END-- [ RunTime:0.000878s ]
INFO: [ app_begin ] --START--
INFO: Run Behavior\ReadHtmlCacheBehavior [ RunTime:0.001744s ]
INFO: [ app_begin ] --END-- [ RunTime:0.001828s ]
SQL: SHOW COLUMNS FROM `stock_personal_stock_account` [ RunTime:0.0204s ]
SQL: SELECT * FROM `stock_personal_stock_account` WHERE `userid` = 1 LIMIT 1   [ RunTime:0.0014s ]
SQL: SHOW COLUMNS FROM `stock_stockholder` [ RunTime:0.0055s ]
SQL: SELECT * FROM `stock_stockholder` WHERE `userid` = 1 LIMIT 1   [ RunTime:0.0004s ]
SQL: SHOW COLUMNS FROM `stock_deal` [ RunTime:0.0051s ]
SQL: SELECT * FROM `stock_deal` INNER JOIN stock_commission on (stock_commission.commissionid = stock_deal.in_commission) or (stock_commission.commissionid = stock_deal.out_commission) INNER JOIN stock_stock  WHERE `stockholderid` = '1'  [ RunTime:0.0005s ]
INFO: [ view_parse ] --START--
INFO: [ template_filter ] --START--
INFO: Run Behavior\ContentReplaceBehavior [ RunTime:0.000120s ]
INFO: [ template_filter ] --END-- [ RunTime:0.000178s ]
INFO: Run Behavior\ParseTemplateBehavior [ RunTime:0.016801s ]
INFO: [ view_parse ] --END-- [ RunTime:0.016881s ]
INFO: [ view_filter ] --START--
INFO: Run Behavior\WriteHtmlCacheBehavior [ RunTime:0.001186s ]
INFO: [ view_filter ] --END-- [ RunTime:0.001232s ]
INFO: [ app_end ] --START--
INFO: Run Behavior\ShowPageTraceBehavior [ RunTime:0.001948s ]
INFO: [ app_end ] --END-- [ RunTime:0.002036s ]

[ 2017-05-11T16:25:20+08:00 ] ::1 /pro2/StockTradingSystem-3/index.php/Home/Index/showDeal
INFO: [ app_init ] --START--
INFO: Run Behavior\BuildLiteBehavior [ RunTime:0.000016s ]
INFO: [ app_init ] --END-- [ RunTime:0.000826s ]
INFO: [ app_begin ] --START--
INFO: Run Behavior\ReadHtmlCacheBehavior [ RunTime:0.001649s ]
INFO: [ app_begin ] --END-- [ RunTime:0.001731s ]

[ 2017-05-11T16:25:20+08:00 ] ::1 /pro2/StockTradingSystem-3/index.php/Home/Login/login.html
INFO: [ app_init ] --START--
INFO: Run Behavior\BuildLiteBehavior [ RunTime:0.000018s ]
INFO: [ app_init ] --END-- [ RunTime:0.000999s ]
INFO: [ app_begin ] --START--
INFO: Run Behavior\ReadHtmlCacheBehavior [ RunTime:0.001558s ]
INFO: [ app_begin ] --END-- [ RunTime:0.001621s ]
INFO: [ view_parse ] --START--
INFO: [ template_filter ] --START--
INFO: Run Behavior\ContentReplaceBehavior [ RunTime:0.000059s ]
INFO: [ template_filter ] --END-- [ RunTime:0.000124s ]
INFO: Run Behavior\ParseTemplateBehavior [ RunTime:0.012041s ]
INFO: [ view_parse ] --END-- [ RunTime:0.012117s ]
INFO: [ view_filter ] --START--
INFO: Run Behavior\WriteHtmlCacheBehavior [ RunTime:0.001503s ]
INFO: [ view_filter ] --END-- [ RunTime:0.001564s ]
INFO: [ app_end ] --START--
INFO: Run Behavior\ShowPageTraceBehavior [ RunTime:0.001648s ]
INFO: [ app_end ] --END-- [ RunTime:0.001702s ]

[ 2017-05-11T16:25:25+08:00 ] ::1 /pro2/StockTradingSystem-3/index.php/Home/Login/check_login
INFO: [ app_init ] --START--
INFO: Run Behavior\BuildLiteBehavior [ RunTime:0.000032s ]
INFO: [ app_init ] --END-- [ RunTime:0.001445s ]
INFO: [ app_begin ] --START--
INFO: Run Behavior\ReadHtmlCacheBehavior [ RunTime:0.001696s ]
INFO: [ app_begin ] --END-- [ RunTime:0.001777s ]
NOTIC: [8] A session had already been started - ignoring session_start() D:\xampp\htdocs\pro2\StockTradingSystem-3\Application\Home\Controller\LoginController.class.php 第 11 行.
SQL: SHOW COLUMNS FROM `stock_user` [ RunTime:0.0099s ]
SQL: SELECT * FROM `stock_user` WHERE `username` = 'trainsn' LIMIT 1   [ RunTime:0.0007s ]
INFO: [ view_parse ] --START--
INFO: [ template_filter ] --START--
INFO: Run Behavior\ContentReplaceBehavior [ RunTime:0.000070s ]
INFO: [ template_filter ] --END-- [ RunTime:0.000178s ]
INFO: Run Behavior\ParseTemplateBehavior [ RunTime:0.019453s ]
INFO: [ view_parse ] --END-- [ RunTime:0.019595s ]
INFO: [ view_filter ] --START--
INFO: Run Behavior\WriteHtmlCacheBehavior [ RunTime:0.002748s ]
INFO: [ view_filter ] --END-- [ RunTime:0.002865s ]
INFO: [ app_end ] --START--
INFO: Run Behavior\ShowPageTraceBehavior [ RunTime:0.002929s ]
INFO: [ app_end ] --END-- [ RunTime:0.003030s ]

[ 2017-05-11T16:25:27+08:00 ] ::1 /pro2/StockTradingSystem-3/index.php/Home/Index/index.html
INFO: [ app_init ] --START--
INFO: Run Behavior\BuildLiteBehavior [ RunTime:0.000015s ]
INFO: [ app_init ] --END-- [ RunTime:0.000815s ]
INFO: [ app_begin ] --START--
INFO: Run Behavior\ReadHtmlCacheBehavior [ RunTime:0.001925s ]
INFO: [ app_begin ] --END-- [ RunTime:0.002016s ]
SQL: SHOW COLUMNS FROM `stock_personal_stock_account` [ RunTime:0.0059s ]
SQL: SELECT * FROM `stock_personal_stock_account` WHERE `userid` = 1 LIMIT 1   [ RunTime:0.0004s ]

[ 2017-05-11T16:25:28+08:00 ] ::1 /pro2/StockTradingSystem-3/index.php/Home/Index/buyStock.html
INFO: [ app_init ] --START--
INFO: Run Behavior\BuildLiteBehavior [ RunTime:0.000015s ]
INFO: [ app_init ] --END-- [ RunTime:0.000859s ]
INFO: [ app_begin ] --START--
INFO: Run Behavior\ReadHtmlCacheBehavior [ RunTime:0.001698s ]
INFO: [ app_begin ] --END-- [ RunTime:0.001775s ]
SQL: SHOW COLUMNS FROM `stock_personal_stock_account` [ RunTime:0.0164s ]
SQL: SELECT * FROM `stock_personal_stock_account` WHERE `userid` = 1 LIMIT 1   [ RunTime:0.0011s ]
SQL: SELECT * FROM `stock_personal_stock_account` WHERE `userid` = 1 LIMIT 1   [ RunTime:0.0009s ]
INFO: [ view_parse ] --START--
INFO: [ template_filter ] --START--
INFO: Run Behavior\ContentReplaceBehavior [ RunTime:0.000197s ]
INFO: [ template_filter ] --END-- [ RunTime:0.000301s ]
INFO: Run Behavior\ParseTemplateBehavior [ RunTime:0.038926s ]
INFO: [ view_parse ] --END-- [ RunTime:0.039200s ]
INFO: [ view_filter ] --START--
INFO: Run Behavior\WriteHtmlCacheBehavior [ RunTime:0.003801s ]
INFO: [ view_filter ] --END-- [ RunTime:0.003949s ]
INFO: [ app_end ] --START--
INFO: Run Behavior\ShowPageTraceBehavior [ RunTime:0.003852s ]
INFO: [ app_end ] --END-- [ RunTime:0.004011s ]

[ 2017-05-11T16:25:36+08:00 ] ::1 /pro2/StockTradingSystem-3/index.php/Home/Index/showDeal
INFO: [ app_init ] --START--
INFO: Run Behavior\BuildLiteBehavior [ RunTime:0.000027s ]
INFO: [ app_init ] --END-- [ RunTime:0.001308s ]
INFO: [ app_begin ] --START--
INFO: Run Behavior\ReadHtmlCacheBehavior [ RunTime:0.001483s ]
INFO: [ app_begin ] --END-- [ RunTime:0.001576s ]
SQL: SHOW COLUMNS FROM `stock_personal_stock_account` [ RunTime:0.0158s ]
SQL: SELECT * FROM `stock_personal_stock_account` WHERE `userid` = 1 LIMIT 1   [ RunTime:0.0015s ]
SQL: SHOW COLUMNS FROM `stock_stockholder` [ RunTime:0.0177s ]
SQL: SELECT * FROM `stock_stockholder` WHERE `userid` = 1 LIMIT 1   [ RunTime:0.0009s ]
SQL: SHOW COLUMNS FROM `stock_deal` [ RunTime:0.0086s ]
SQL: SELECT * FROM `stock_deal` INNER JOIN stock_commission on (stock_commission.commissionid = stock_deal.in_commission) or (stock_commission.commissionid = stock_deal.out_commission) INNER JOIN stock_stock  WHERE `stockholderid` = '1'  [ RunTime:0.0030s ]
INFO: [ view_parse ] --START--
INFO: [ template_filter ] --START--
INFO: Run Behavior\ContentReplaceBehavior [ RunTime:0.000188s ]
INFO: [ template_filter ] --END-- [ RunTime:0.000294s ]
INFO: Run Behavior\ParseTemplateBehavior [ RunTime:0.025481s ]
INFO: [ view_parse ] --END-- [ RunTime:0.025587s ]
INFO: [ view_filter ] --START--
INFO: Run Behavior\WriteHtmlCacheBehavior [ RunTime:0.001876s ]
INFO: [ view_filter ] --END-- [ RunTime:0.001949s ]
INFO: [ app_end ] --START--
INFO: Run Behavior\ShowPageTraceBehavior [ RunTime:0.002761s ]
INFO: [ app_end ] --END-- [ RunTime:0.002921s ]

[ 2017-05-11T16:26:21+08:00 ] ::1 /pro2/StockTradingSystem-3/index.php/Home/Index/showTodayDeal
INFO: [ app_init ] --START--
INFO: Run Behavior\BuildLiteBehavior [ RunTime:0.000017s ]
INFO: [ app_init ] --END-- [ RunTime:0.000980s ]
INFO: [ app_begin ] --START--
INFO: Run Behavior\ReadHtmlCacheBehavior [ RunTime:0.001526s ]
INFO: [ app_begin ] --END-- [ RunTime:0.001603s ]
SQL: SHOW COLUMNS FROM `stock_personal_stock_account` [ RunTime:0.0093s ]
SQL: SELECT * FROM `stock_personal_stock_account` WHERE `userid` = 1 LIMIT 1   [ RunTime:0.0008s ]
SQL: SHOW COLUMNS FROM `stock_stockholder` [ RunTime:0.0087s ]
SQL: SELECT * FROM `stock_stockholder` WHERE `userid` = 1 LIMIT 1   [ RunTime:0.0007s ]
SQL: SHOW COLUMNS FROM `stock_deal` [ RunTime:0.0091s ]
SQL: SELECT * FROM `stock_deal` INNER JOIN stock_commission on (stock_commission.commissionid = stock_deal.in_commission) or (stock_commission.commissionid = stock_deal.out_commission) INNER JOIN stock_stock  WHERE `stockholderid` = '1' AND `deal_time` >= 1494460800  [ RunTime:0.0009s ]
INFO: [ view_parse ] --START--
INFO: [ template_filter ] --START--
INFO: Run Behavior\ContentReplaceBehavior [ RunTime:0.000076s ]
INFO: [ template_filter ] --END-- [ RunTime:0.000131s ]
INFO: Run Behavior\ParseTemplateBehavior [ RunTime:0.018861s ]
INFO: [ view_parse ] --END-- [ RunTime:0.018980s ]
INFO: [ view_filter ] --START--
INFO: Run Behavior\WriteHtmlCacheBehavior [ RunTime:0.001404s ]
INFO: [ view_filter ] --END-- [ RunTime:0.001470s ]
INFO: [ app_end ] --START--
INFO: Run Behavior\ShowPageTraceBehavior [ RunTime:0.001536s ]
INFO: [ app_end ] --END-- [ RunTime:0.001590s ]

[ 2017-05-11T16:32:14+08:00 ] ::1 /pro2/StockTradingSystem-3/index.php/Home/Index/showTodayDeal
INFO: [ app_init ] --START--
INFO: Run Behavior\BuildLiteBehavior [ RunTime:0.000017s ]
INFO: [ app_init ] --END-- [ RunTime:0.000947s ]
INFO: [ app_begin ] --START--
INFO: Run Behavior\ReadHtmlCacheBehavior [ RunTime:0.001473s ]
INFO: [ app_begin ] --END-- [ RunTime:0.001559s ]
SQL: SHOW COLUMNS FROM `stock_personal_stock_account` [ RunTime:0.0280s ]
SQL: SELECT * FROM `stock_personal_stock_account` WHERE `userid` = 1 LIMIT 1   [ RunTime:0.0014s ]
SQL: SHOW COLUMNS FROM `stock_stockholder` [ RunTime:0.0130s ]
SQL: SELECT * FROM `stock_stockholder` WHERE `userid` = 1 LIMIT 1   [ RunTime:0.0007s ]
SQL: SHOW COLUMNS FROM `stock_deal` [ RunTime:0.0082s ]
SQL: SELECT * FROM `stock_deal` INNER JOIN stock_commission on (stock_commission.commissionid = stock_deal.in_commission) or (stock_commission.commissionid = stock_deal.out_commission) INNER JOIN stock_stock  WHERE `stockholderid` = '1' AND `deal_time` >= 1494460800  [ RunTime:0.0010s ]
INFO: [ view_parse ] --START--
INFO: [ template_filter ] --START--
INFO: Run Behavior\ContentReplaceBehavior [ RunTime:0.000081s ]
INFO: [ template_filter ] --END-- [ RunTime:0.000140s ]
INFO: Run Behavior\ParseTemplateBehavior [ RunTime:0.022100s ]
INFO: [ view_parse ] --END-- [ RunTime:0.022197s ]
INFO: [ view_filter ] --START--
INFO: Run Behavior\WriteHtmlCacheBehavior [ RunTime:0.001321s ]
INFO: [ view_filter ] --END-- [ RunTime:0.001371s ]
INFO: [ app_end ] --START--
INFO: Run Behavior\ShowPageTraceBehavior [ RunTime:0.001545s ]
INFO: [ app_end ] --END-- [ RunTime:0.001599s ]

[ 2017-05-11T16:32:18+08:00 ] ::1 /pro2/StockTradingSystem-3/index.php/Home/Index/showTodayDeal
INFO: [ app_init ] --START--
INFO: Run Behavior\BuildLiteBehavior [ RunTime:0.000018s ]
INFO: [ app_init ] --END-- [ RunTime:0.000950s ]
INFO: [ app_begin ] --START--
INFO: Run Behavior\ReadHtmlCacheBehavior [ RunTime:0.001350s ]
INFO: [ app_begin ] --END-- [ RunTime:0.001410s ]
SQL: SHOW COLUMNS FROM `stock_personal_stock_account` [ RunTime:0.0276s ]
SQL: SELECT * FROM `stock_personal_stock_account` WHERE `userid` = 1 LIMIT 1   [ RunTime:0.0007s ]
SQL: SHOW COLUMNS FROM `stock_stockholder` [ RunTime:0.0071s ]
SQL: SELECT * FROM `stock_stockholder` WHERE `userid` = 1 LIMIT 1   [ RunTime:0.0007s ]
SQL: SHOW COLUMNS FROM `stock_deal` [ RunTime:0.0078s ]
SQL: SELECT * FROM `stock_deal` INNER JOIN stock_commission on (stock_commission.commissionid = stock_deal.in_commission) or (stock_commission.commissionid = stock_deal.out_commission) INNER JOIN stock_stock  WHERE `stockholderid` = '1' AND `deal_time` >= 1494460800  [ RunTime:0.0009s ]
INFO: [ view_parse ] --START--
INFO: [ template_filter ] --START--
INFO: Run Behavior\ContentReplaceBehavior [ RunTime:0.000180s ]
INFO: [ template_filter ] --END-- [ RunTime:0.000302s ]
INFO: Run Behavior\ParseTemplateBehavior [ RunTime:0.027537s ]
INFO: [ view_parse ] --END-- [ RunTime:0.027656s ]
INFO: [ view_filter ] --START--
INFO: Run Behavior\WriteHtmlCacheBehavior [ RunTime:0.001969s ]
INFO: [ view_filter ] --END-- [ RunTime:0.002046s ]
INFO: [ app_end ] --START--
INFO: Run Behavior\ShowPageTraceBehavior [ RunTime:0.002670s ]
INFO: [ app_end ] --END-- [ RunTime:0.002781s ]

[ 2017-05-11T16:32:23+08:00 ] ::1 /pro2/StockTradingSystem-3/index.php/Home/Index/showTodayDeal
INFO: [ app_init ] --START--
INFO: Run Behavior\BuildLiteBehavior [ RunTime:0.000016s ]
INFO: [ app_init ] --END-- [ RunTime:0.000914s ]
INFO: [ app_begin ] --START--
INFO: Run Behavior\ReadHtmlCacheBehavior [ RunTime:0.001718s ]
INFO: [ app_begin ] --END-- [ RunTime:0.001801s ]
SQL: SHOW COLUMNS FROM `stock_personal_stock_account` [ RunTime:0.0158s ]
SQL: SELECT * FROM `stock_personal_stock_account` WHERE `userid` = 1 LIMIT 1   [ RunTime:0.0012s ]
SQL: SHOW COLUMNS FROM `stock_stockholder` [ RunTime:0.0152s ]
SQL: SELECT * FROM `stock_stockholder` WHERE `userid` = 1 LIMIT 1   [ RunTime:0.0012s ]
SQL: SHOW COLUMNS FROM `stock_deal` [ RunTime:0.0131s ]
SQL: SELECT * FROM `stock_deal` INNER JOIN stock_commission on (stock_commission.commissionid = stock_deal.in_commission) or (stock_commission.commissionid = stock_deal.out_commission) INNER JOIN stock_stock  WHERE `stockholderid` = '1' AND `deal_time` >= 1494460800  [ RunTime:0.0009s ]
INFO: [ view_parse ] --START--
INFO: [ template_filter ] --START--
INFO: Run Behavior\ContentReplaceBehavior [ RunTime:0.000226s ]
INFO: [ template_filter ] --END-- [ RunTime:0.000390s ]
INFO: Run Behavior\ParseTemplateBehavior [ RunTime:0.026400s ]
INFO: [ view_parse ] --END-- [ RunTime:0.026538s ]
INFO: [ view_filter ] --START--
INFO: Run Behavior\WriteHtmlCacheBehavior [ RunTime:0.001480s ]
INFO: [ view_filter ] --END-- [ RunTime:0.001550s ]
INFO: [ app_end ] --START--
INFO: Run Behavior\ShowPageTraceBehavior [ RunTime:0.001439s ]
INFO: [ app_end ] --END-- [ RunTime:0.001489s ]

[ 2017-05-11T16:32:27+08:00 ] ::1 /pro2/StockTradingSystem-3/index.php/Home/Index/showDeal
INFO: [ app_init ] --START--
INFO: Run Behavior\BuildLiteBehavior [ RunTime:0.000017s ]
INFO: [ app_init ] --END-- [ RunTime:0.000997s ]
INFO: [ app_begin ] --START--
INFO: Run Behavior\ReadHtmlCacheBehavior [ RunTime:0.001438s ]
INFO: [ app_begin ] --END-- [ RunTime:0.001516s ]
SQL: SHOW COLUMNS FROM `stock_personal_stock_account` [ RunTime:0.0181s ]
SQL: SELECT * FROM `stock_personal_stock_account` WHERE `userid` = 1 LIMIT 1   [ RunTime:0.0012s ]
SQL: SHOW COLUMNS FROM `stock_stockholder` [ RunTime:0.0114s ]
SQL: SELECT * FROM `stock_stockholder` WHERE `userid` = 1 LIMIT 1   [ RunTime:0.0004s ]
SQL: SHOW COLUMNS FROM `stock_deal` [ RunTime:0.0051s ]
SQL: SELECT * FROM `stock_deal` INNER JOIN stock_commission on (stock_commission.commissionid = stock_deal.in_commission) or (stock_commission.commissionid = stock_deal.out_commission) INNER JOIN stock_stock  WHERE `stockholderid` = '1'  [ RunTime:0.0006s ]
INFO: [ view_parse ] --START--
INFO: [ template_filter ] --START--
INFO: Run Behavior\ContentReplaceBehavior [ RunTime:0.000103s ]
INFO: [ template_filter ] --END-- [ RunTime:0.000157s ]
INFO: Run Behavior\ParseTemplateBehavior [ RunTime:0.017378s ]
INFO: [ view_parse ] --END-- [ RunTime:0.017479s ]
INFO: [ view_filter ] --START--
INFO: Run Behavior\WriteHtmlCacheBehavior [ RunTime:0.001482s ]
INFO: [ view_filter ] --END-- [ RunTime:0.001552s ]
INFO: [ app_end ] --START--
INFO: Run Behavior\ShowPageTraceBehavior [ RunTime:0.002050s ]
INFO: [ app_end ] --END-- [ RunTime:0.002142s ]

[ 2017-05-11T16:35:34+08:00 ] ::1 /pro2/StockTradingSystem-3/index.php/Home/Index/showDeal
INFO: [ app_init ] --START--
INFO: Run Behavior\BuildLiteBehavior [ RunTime:0.000016s ]
INFO: [ app_init ] --END-- [ RunTime:0.000907s ]
INFO: [ app_begin ] --START--
INFO: Run Behavior\ReadHtmlCacheBehavior [ RunTime:0.001554s ]
INFO: [ app_begin ] --END-- [ RunTime:0.001631s ]
SQL: SHOW COLUMNS FROM `stock_personal_stock_account` [ RunTime:0.0166s ]
SQL: SELECT * FROM `stock_personal_stock_account` WHERE `userid` = 1 LIMIT 1   [ RunTime:0.0009s ]
SQL: SHOW COLUMNS FROM `stock_stockholder` [ RunTime:0.0115s ]
SQL: SELECT * FROM `stock_stockholder` WHERE `userid` = 1 LIMIT 1   [ RunTime:0.0007s ]
SQL: SHOW COLUMNS FROM `stock_deal` [ RunTime:0.0111s ]
SQL: SELECT * FROM `stock_deal` INNER JOIN stock_commission on (stock_commission.commissionid = stock_deal.in_commission) or (stock_commission.commissionid = stock_deal.out_commission) INNER JOIN stock_stock  WHERE `stockholderid` = '1'  [ RunTime:0.0012s ]
INFO: [ view_parse ] --START--
INFO: [ template_filter ] --START--
INFO: Run Behavior\ContentReplaceBehavior [ RunTime:0.000122s ]
INFO: [ template_filter ] --END-- [ RunTime:0.000186s ]
INFO: Run Behavior\ParseTemplateBehavior [ RunTime:0.019625s ]
INFO: [ view_parse ] --END-- [ RunTime:0.019716s ]
INFO: [ view_filter ] --START--
INFO: Run Behavior\WriteHtmlCacheBehavior [ RunTime:0.001134s ]
INFO: [ view_filter ] --END-- [ RunTime:0.001181s ]
INFO: [ app_end ] --START--
INFO: Run Behavior\ShowPageTraceBehavior [ RunTime:0.002788s ]
INFO: [ app_end ] --END-- [ RunTime:0.002881s ]

