[ 2017-04-18T13:27:32+08:00 ] ::1 /stocktradingsystem/
INFO: [ app_init ] --START--
INFO: Run Behavior\BuildLiteBehavior [ RunTime:0.000735s ]
INFO: [ app_init ] --END-- [ RunTime:0.028256s ]
INFO: [ app_begin ] --START--
INFO: Run Behavior\ReadHtmlCacheBehavior [ RunTime:0.015647s ]
INFO: [ app_begin ] --END-- [ RunTime:0.020739s ]
INFO: [ app_end ] --START--
INFO: Run Behavior\ShowPageTraceBehavior [ RunTime:0.025485s ]
INFO: [ app_end ] --END-- [ RunTime:0.028935s ]

[ 2017-04-18T13:27:33+08:00 ] ::1 /stocktradingsystem/
INFO: [ app_init ] --START--
INFO: Run Behavior\BuildLiteBehavior [ RunTime:0.000492s ]
INFO: [ app_init ] --END-- [ RunTime:0.006843s ]
INFO: [ app_begin ] --START--
INFO: Run Behavior\ReadHtmlCacheBehavior [ RunTime:0.008922s ]
INFO: [ app_begin ] --END-- [ RunTime:0.013627s ]
INFO: [ app_end ] --START--
INFO: Run Behavior\ShowPageTraceBehavior [ RunTime:0.005435s ]
INFO: [ app_end ] --END-- [ RunTime:0.009887s ]

[ 2017-04-18T13:31:30+08:00 ] ::1 /stocktradingsystem/
INFO: [ app_init ] --START--
INFO: Run Behavior\BuildLiteBehavior [ RunTime:0.000679s ]
INFO: [ app_init ] --END-- [ RunTime:0.008451s ]
INFO: [ app_begin ] --START--
INFO: Run Behavior\ReadHtmlCacheBehavior [ RunTime:0.005339s ]
INFO: [ app_begin ] --END-- [ RunTime:0.009063s ]
INFO: [ app_end ] --START--
INFO: Run Behavior\ShowPageTraceBehavior [ RunTime:0.004457s ]
INFO: [ app_end ] --END-- [ RunTime:0.007241s ]

[ 2017-04-18T13:32:01+08:00 ] ::1 /stocktradingsystem/
INFO: [ app_init ] --START--
INFO: Run Behavior\BuildLiteBehavior [ RunTime:0.000485s ]
INFO: [ app_init ] --END-- [ RunTime:0.005741s ]
INFO: [ app_begin ] --START--
INFO: Run Behavior\ReadHtmlCacheBehavior [ RunTime:0.004311s ]
INFO: [ app_begin ] --END-- [ RunTime:0.007781s ]

[ 2017-04-18T13:32:18+08:00 ] ::1 /stocktradingsystem/
INFO: [ app_init ] --START--
INFO: Run Behavior\BuildLiteBehavior [ RunTime:0.000514s ]
INFO: [ app_init ] --END-- [ RunTime:0.005129s ]
INFO: [ app_begin ] --START--
INFO: Run Behavior\ReadHtmlCacheBehavior [ RunTime:0.004586s ]
INFO: [ app_begin ] --END-- [ RunTime:0.008491s ]
INFO: [ app_end ] --START--
INFO: Run Behavior\ShowPageTraceBehavior [ RunTime:0.004448s ]
INFO: [ app_end ] --END-- [ RunTime:0.007440s ]

[ 2017-04-18T13:32:19+08:00 ] ::1 /stocktradingsystem/index.php/Home/Index/login.html
INFO: [ app_init ] --START--
INFO: Run Behavior\BuildLiteBehavior [ RunTime:0.000514s ]
INFO: [ app_init ] --END-- [ RunTime:0.005519s ]
INFO: [ app_begin ] --START--
INFO: Run Behavior\ReadHtmlCacheBehavior [ RunTime:0.005960s ]
INFO: [ app_begin ] --END-- [ RunTime:0.009943s ]
INFO: [ view_parse ] --START--
INFO: [ template_filter ] --START--
INFO: Run Behavior\ContentReplaceBehavior [ RunTime:0.017677s ]
INFO: [ template_filter ] --END-- [ RunTime:0.020940s ]
INFO: Run Behavior\ParseTemplateBehavior [ RunTime:0.112703s ]
INFO: [ view_parse ] --END-- [ RunTime:0.115405s ]
INFO: [ view_filter ] --START--
INFO: Run Behavior\WriteHtmlCacheBehavior [ RunTime:0.065354s ]
INFO: [ view_filter ] --END-- [ RunTime:0.067889s ]
INFO: [ app_end ] --START--
INFO: Run Behavior\ShowPageTraceBehavior [ RunTime:0.005169s ]
INFO: [ app_end ] --END-- [ RunTime:0.009946s ]

[ 2017-04-18T13:33:40+08:00 ] ::1 /stocktradingsystem/index.php/Home/Index/login.html
INFO: [ app_init ] --START--
INFO: Run Behavior\BuildLiteBehavior [ RunTime:0.000501s ]
INFO: [ app_init ] --END-- [ RunTime:0.004728s ]
INFO: [ app_begin ] --START--
INFO: Run Behavior\ReadHtmlCacheBehavior [ RunTime:0.003596s ]
INFO: [ app_begin ] --END-- [ RunTime:0.006141s ]
INFO: [ view_parse ] --START--
INFO: [ template_filter ] --START--
INFO: Run Behavior\ContentReplaceBehavior [ RunTime:0.001297s ]
INFO: [ template_filter ] --END-- [ RunTime:0.004170s ]
INFO: Run Behavior\ParseTemplateBehavior [ RunTime:0.044610s ]
INFO: [ view_parse ] --END-- [ RunTime:0.047194s ]
INFO: [ view_filter ] --START--
INFO: Run Behavior\WriteHtmlCacheBehavior [ RunTime:0.002862s ]
INFO: [ view_filter ] --END-- [ RunTime:0.006436s ]
INFO: [ app_end ] --START--
INFO: Run Behavior\ShowPageTraceBehavior [ RunTime:0.003390s ]
INFO: [ app_end ] --END-- [ RunTime:0.005892s ]

[ 2017-04-18T14:01:50+08:00 ] ::1 /stocktradingsystem/index.php/Home/Index/check_login
INFO: [ app_init ] --START--
INFO: Run Behavior\BuildLiteBehavior [ RunTime:0.000486s ]
INFO: [ app_init ] --END-- [ RunTime:0.005503s ]
INFO: [ app_begin ] --START--
INFO: Run Behavior\ReadHtmlCacheBehavior [ RunTime:0.003839s ]
INFO: [ app_begin ] --END-- [ RunTime:0.006590s ]
NOTIC: [8] A session had already been started - ignoring session_start() C:\xampp\htdocs\StockTradingSystem\Application\Home\Controller\IndexController.class.php 第 20 行.
SQL: SHOW COLUMNS FROM `stock_user` [ RunTime:0.0255s ]
NOTIC: [8] Undefined index: userName C:\xampp\htdocs\StockTradingSystem\Application\Home\Controller\IndexController.class.php 第 22 行.
NOTIC: [8] Undefined variable: condition C:\xampp\htdocs\StockTradingSystem\Application\Home\Controller\IndexController.class.php 第 23 行.
SQL: SELECT * FROM `stock_user` LIMIT 1   [ RunTime:0.0029s ]
NOTIC: [8] Undefined index: userName C:\xampp\htdocs\StockTradingSystem\Application\Home\Controller\IndexController.class.php 第 30 行.
INFO: [ view_parse ] --START--
INFO: [ template_filter ] --START--
INFO: Run Behavior\ContentReplaceBehavior [ RunTime:0.002327s ]
INFO: [ template_filter ] --END-- [ RunTime:0.007234s ]
INFO: Run Behavior\ParseTemplateBehavior [ RunTime:0.165078s ]
INFO: [ view_parse ] --END-- [ RunTime:0.169746s ]
INFO: [ view_filter ] --START--
INFO: Run Behavior\WriteHtmlCacheBehavior [ RunTime:0.005999s ]
INFO: [ view_filter ] --END-- [ RunTime:0.012752s ]
INFO: [ app_end ] --START--
INFO: Run Behavior\ShowPageTraceBehavior [ RunTime:0.005508s ]
INFO: [ app_end ] --END-- [ RunTime:0.009773s ]

[ 2017-04-18T14:01:51+08:00 ] ::1 /stocktradingsystem/index.php/Home/Index/login.html
INFO: [ app_init ] --START--
INFO: Run Behavior\BuildLiteBehavior [ RunTime:0.000483s ]
INFO: [ app_init ] --END-- [ RunTime:0.005096s ]
INFO: [ app_begin ] --START--
INFO: Run Behavior\ReadHtmlCacheBehavior [ RunTime:0.003682s ]
INFO: [ app_begin ] --END-- [ RunTime:0.006749s ]
INFO: [ view_parse ] --START--
INFO: [ template_filter ] --START--
INFO: Run Behavior\ContentReplaceBehavior [ RunTime:0.001238s ]
INFO: [ template_filter ] --END-- [ RunTime:0.003887s ]
INFO: Run Behavior\ParseTemplateBehavior [ RunTime:0.045841s ]
INFO: [ view_parse ] --END-- [ RunTime:0.048689s ]
INFO: [ view_filter ] --START--
INFO: Run Behavior\WriteHtmlCacheBehavior [ RunTime:0.002773s ]
INFO: [ view_filter ] --END-- [ RunTime:0.005839s ]
INFO: [ app_end ] --START--
INFO: Run Behavior\ShowPageTraceBehavior [ RunTime:0.003876s ]
INFO: [ app_end ] --END-- [ RunTime:0.006417s ]

[ 2017-04-18T14:02:09+08:00 ] ::1 /stocktradingsystem/index.php/Home/Index/check_login
INFO: [ app_init ] --START--
INFO: Run Behavior\BuildLiteBehavior [ RunTime:0.000527s ]
INFO: [ app_init ] --END-- [ RunTime:0.004784s ]
INFO: [ app_begin ] --START--
INFO: Run Behavior\ReadHtmlCacheBehavior [ RunTime:0.005936s ]
INFO: [ app_begin ] --END-- [ RunTime:0.012439s ]
NOTIC: [8] A session had already been started - ignoring session_start() C:\xampp\htdocs\StockTradingSystem\Application\Home\Controller\IndexController.class.php 第 20 行.
SQL: SHOW COLUMNS FROM `stock_user` [ RunTime:0.0315s ]
NOTIC: [8] Undefined variable: condition C:\xampp\htdocs\StockTradingSystem\Application\Home\Controller\IndexController.class.php 第 23 行.
SQL: SELECT * FROM `stock_user` LIMIT 1   [ RunTime:0.0020s ]
INFO: [ view_parse ] --START--
INFO: [ template_filter ] --START--
INFO: Run Behavior\ContentReplaceBehavior [ RunTime:0.001608s ]
INFO: [ template_filter ] --END-- [ RunTime:0.004717s ]
INFO: Run Behavior\ParseTemplateBehavior [ RunTime:0.056061s ]
INFO: [ view_parse ] --END-- [ RunTime:0.059392s ]
INFO: [ view_filter ] --START--
INFO: Run Behavior\WriteHtmlCacheBehavior [ RunTime:0.002838s ]
INFO: [ view_filter ] --END-- [ RunTime:0.005913s ]

[ 2017-04-18T14:05:25+08:00 ] ::1 /stocktradingsystem/index.php/Home/Index/check_login
INFO: [ app_init ] --START--
INFO: Run Behavior\BuildLiteBehavior [ RunTime:0.000817s ]
INFO: [ app_init ] --END-- [ RunTime:0.007422s ]
INFO: [ app_begin ] --START--
INFO: Run Behavior\ReadHtmlCacheBehavior [ RunTime:0.004142s ]
INFO: [ app_begin ] --END-- [ RunTime:0.007423s ]
NOTIC: [8] A session had already been started - ignoring session_start() C:\xampp\htdocs\StockTradingSystem\Application\Home\Controller\IndexController.class.php 第 20 行.
SQL: SHOW COLUMNS FROM `stock_user` [ RunTime:0.0132s ]
NOTIC: [8] Undefined variable: condition C:\xampp\htdocs\StockTradingSystem\Application\Home\Controller\IndexController.class.php 第 23 行.
SQL: SELECT * FROM `stock_user` LIMIT 1   [ RunTime:0.0015s ]
INFO: [ view_parse ] --START--
INFO: [ template_filter ] --START--
INFO: Run Behavior\ContentReplaceBehavior [ RunTime:0.003373s ]
INFO: [ template_filter ] --END-- [ RunTime:0.008148s ]
INFO: Run Behavior\ParseTemplateBehavior [ RunTime:0.062934s ]
INFO: [ view_parse ] --END-- [ RunTime:0.066291s ]
INFO: [ view_filter ] --START--
INFO: Run Behavior\WriteHtmlCacheBehavior [ RunTime:0.003138s ]
INFO: [ view_filter ] --END-- [ RunTime:0.005693s ]

[ 2017-04-18T14:23:09+08:00 ] ::1 /stocktradingsystem/index.php/Home/Index/login.html
INFO: [ app_init ] --START--
INFO: Run Behavior\BuildLiteBehavior [ RunTime:0.000889s ]
INFO: [ app_init ] --END-- [ RunTime:0.005931s ]
INFO: [ app_begin ] --START--
INFO: Run Behavior\ReadHtmlCacheBehavior [ RunTime:0.004435s ]
INFO: [ app_begin ] --END-- [ RunTime:0.008254s ]
ERR: 无法加载控制器:Index

[ 2017-04-18T14:23:49+08:00 ] ::1 /stocktradingsystem/index.php/Home/Index/login.html
INFO: [ app_init ] --START--
INFO: Run Behavior\BuildLiteBehavior [ RunTime:0.001218s ]
INFO: [ app_init ] --END-- [ RunTime:0.024136s ]
INFO: [ app_begin ] --START--
INFO: Run Behavior\ReadHtmlCacheBehavior [ RunTime:0.003898s ]
INFO: [ app_begin ] --END-- [ RunTime:0.007420s ]
ERR: 无法加载控制器:Index

[ 2017-04-18T14:24:37+08:00 ] ::1 /stocktradingsystem/index.php/Home/Index/login.html
INFO: [ app_init ] --START--
INFO: Run Behavior\BuildLiteBehavior [ RunTime:0.001204s ]
INFO: [ app_init ] --END-- [ RunTime:0.007474s ]
INFO: [ app_begin ] --START--
INFO: Run Behavior\ReadHtmlCacheBehavior [ RunTime:0.005422s ]
INFO: [ app_begin ] --END-- [ RunTime:0.009881s ]
ERR: 无法加载控制器:Index

[ 2017-04-18T14:24:38+08:00 ] ::1 /stocktradingsystem/index.php/Home/Index/login.html
INFO: [ app_init ] --START--
INFO: Run Behavior\BuildLiteBehavior [ RunTime:0.000481s ]
INFO: [ app_init ] --END-- [ RunTime:0.004996s ]
INFO: [ app_begin ] --START--
INFO: Run Behavior\ReadHtmlCacheBehavior [ RunTime:0.003761s ]
INFO: [ app_begin ] --END-- [ RunTime:0.006527s ]
ERR: 无法加载控制器:Index

[ 2017-04-18T14:38:02+08:00 ] ::1 /stocktradingsystem/index.php/Home/Index/login.html
INFO: [ app_init ] --START--
INFO: Run Behavior\BuildLiteBehavior [ RunTime:0.000487s ]
INFO: [ app_init ] --END-- [ RunTime:0.004891s ]
INFO: [ app_begin ] --START--
INFO: Run Behavior\ReadHtmlCacheBehavior [ RunTime:0.006053s ]
INFO: [ app_begin ] --END-- [ RunTime:0.010736s ]

[ 2017-04-18T14:38:02+08:00 ] ::1 /stocktradingsystem/index.php/Home/Login/login.html
INFO: [ app_init ] --START--
INFO: Run Behavior\BuildLiteBehavior [ RunTime:0.000595s ]
INFO: [ app_init ] --END-- [ RunTime:0.005166s ]
INFO: [ app_begin ] --START--
INFO: Run Behavior\ReadHtmlCacheBehavior [ RunTime:0.003835s ]
INFO: [ app_begin ] --END-- [ RunTime:0.006731s ]
ERR: 无法加载控制器:Login

[ 2017-04-18T14:39:00+08:00 ] ::1 /stocktradingsystem/index.php/Home/Login/login.html
INFO: [ app_init ] --START--
INFO: Run Behavior\BuildLiteBehavior [ RunTime:0.000771s ]
INFO: [ app_init ] --END-- [ RunTime:0.005418s ]
INFO: [ app_begin ] --START--
INFO: Run Behavior\ReadHtmlCacheBehavior [ RunTime:0.003678s ]
INFO: [ app_begin ] --END-- [ RunTime:0.006221s ]
ERR: 无法加载控制器:Login

[ 2017-04-18T14:39:54+08:00 ] ::1 /stocktradingsystem/index.php/Home/Login/login.html
INFO: [ app_init ] --START--
INFO: Run Behavior\BuildLiteBehavior [ RunTime:0.000532s ]
INFO: [ app_init ] --END-- [ RunTime:0.004967s ]
INFO: [ app_begin ] --START--
INFO: Run Behavior\ReadHtmlCacheBehavior [ RunTime:0.003378s ]
INFO: [ app_begin ] --END-- [ RunTime:0.006035s ]
INFO: [ view_parse ] --START--
INFO: [ template_filter ] --START--
INFO: Run Behavior\ContentReplaceBehavior [ RunTime:0.001157s ]
INFO: [ template_filter ] --END-- [ RunTime:0.003810s ]
INFO: Run Behavior\ParseTemplateBehavior [ RunTime:0.047004s ]
INFO: [ view_parse ] --END-- [ RunTime:0.050357s ]
INFO: [ view_filter ] --START--
INFO: Run Behavior\WriteHtmlCacheBehavior [ RunTime:0.003193s ]
INFO: [ view_filter ] --END-- [ RunTime:0.005914s ]
INFO: [ app_end ] --START--
INFO: Run Behavior\ShowPageTraceBehavior [ RunTime:0.004431s ]
INFO: [ app_end ] --END-- [ RunTime:0.007014s ]

[ 2017-04-18T14:40:17+08:00 ] ::1 /stocktradingsystem/index.php/Home/Login/login.html
INFO: [ app_init ] --START--
INFO: Run Behavior\BuildLiteBehavior [ RunTime:0.000872s ]
INFO: [ app_init ] --END-- [ RunTime:0.007010s ]
INFO: [ app_begin ] --START--
INFO: Run Behavior\ReadHtmlCacheBehavior [ RunTime:0.006620s ]
INFO: [ app_begin ] --END-- [ RunTime:0.009922s ]
INFO: [ view_parse ] --START--
INFO: [ template_filter ] --START--
INFO: Run Behavior\ContentReplaceBehavior [ RunTime:0.002718s ]
INFO: [ template_filter ] --END-- [ RunTime:0.006823s ]
INFO: Run Behavior\ParseTemplateBehavior [ RunTime:0.071076s ]
INFO: [ view_parse ] --END-- [ RunTime:0.074650s ]
INFO: [ view_filter ] --START--
INFO: Run Behavior\WriteHtmlCacheBehavior [ RunTime:0.005313s ]
INFO: [ view_filter ] --END-- [ RunTime:0.008937s ]
INFO: [ app_end ] --START--
INFO: Run Behavior\ShowPageTraceBehavior [ RunTime:0.006064s ]
INFO: [ app_end ] --END-- [ RunTime:0.010638s ]

[ 2017-04-18T14:40:19+08:00 ] ::1 /stocktradingsystem/index.php/Home/Login/login.html
INFO: [ app_init ] --START--
INFO: Run Behavior\BuildLiteBehavior [ RunTime:0.001063s ]
INFO: [ app_init ] --END-- [ RunTime:0.006364s ]
INFO: [ app_begin ] --START--
INFO: Run Behavior\ReadHtmlCacheBehavior [ RunTime:0.003999s ]
INFO: [ app_begin ] --END-- [ RunTime:0.008061s ]
INFO: [ view_parse ] --START--
INFO: [ template_filter ] --START--
INFO: Run Behavior\ContentReplaceBehavior [ RunTime:0.001587s ]
INFO: [ template_filter ] --END-- [ RunTime:0.006094s ]
INFO: Run Behavior\ParseTemplateBehavior [ RunTime:0.089875s ]
INFO: [ view_parse ] --END-- [ RunTime:0.093047s ]
INFO: [ view_filter ] --START--
INFO: Run Behavior\WriteHtmlCacheBehavior [ RunTime:0.004071s ]
INFO: [ view_filter ] --END-- [ RunTime:0.006877s ]
INFO: [ app_end ] --START--
INFO: Run Behavior\ShowPageTraceBehavior [ RunTime:0.004286s ]
INFO: [ app_end ] --END-- [ RunTime:0.007236s ]

[ 2017-04-18T14:40:25+08:00 ] ::1 /stocktradingsystem/index.php/Home/Login/check_login
INFO: [ app_init ] --START--
INFO: Run Behavior\BuildLiteBehavior [ RunTime:0.000814s ]
INFO: [ app_init ] --END-- [ RunTime:0.014853s ]
INFO: [ app_begin ] --START--
INFO: Run Behavior\ReadHtmlCacheBehavior [ RunTime:0.007618s ]
INFO: [ app_begin ] --END-- [ RunTime:0.012280s ]
NOTIC: [8] A session had already been started - ignoring session_start() C:\xampp\htdocs\StockTradingSystem\Application\Home\Controller\LoginController.class.php 第 15 行.
SQL: SHOW COLUMNS FROM `stock_user` [ RunTime:0.0316s ]
NOTIC: [8] Undefined variable: condition C:\xampp\htdocs\StockTradingSystem\Application\Home\Controller\LoginController.class.php 第 18 行.
SQL: SELECT * FROM `stock_user` LIMIT 1   [ RunTime:0.0022s ]
INFO: [ view_parse ] --START--
INFO: [ template_filter ] --START--
INFO: Run Behavior\ContentReplaceBehavior [ RunTime:0.001162s ]
INFO: [ template_filter ] --END-- [ RunTime:0.003826s ]
INFO: Run Behavior\ParseTemplateBehavior [ RunTime:0.056094s ]
INFO: [ view_parse ] --END-- [ RunTime:0.059300s ]
INFO: [ view_filter ] --START--
INFO: Run Behavior\WriteHtmlCacheBehavior [ RunTime:0.003783s ]
INFO: [ view_filter ] --END-- [ RunTime:0.006971s ]
INFO: [ app_end ] --START--
INFO: Run Behavior\ShowPageTraceBehavior [ RunTime:0.003694s ]
INFO: [ app_end ] --END-- [ RunTime:0.006351s ]

[ 2017-04-18T14:40:27+08:00 ] ::1 /stocktradingsystem/index.php/Home/Login/login.html
INFO: [ app_init ] --START--
INFO: Run Behavior\BuildLiteBehavior [ RunTime:0.000488s ]
INFO: [ app_init ] --END-- [ RunTime:0.004875s ]
INFO: [ app_begin ] --START--
INFO: Run Behavior\ReadHtmlCacheBehavior [ RunTime:0.003767s ]
INFO: [ app_begin ] --END-- [ RunTime:0.007032s ]
INFO: [ view_parse ] --START--
INFO: [ template_filter ] --START--
INFO: Run Behavior\ContentReplaceBehavior [ RunTime:0.001502s ]
INFO: [ template_filter ] --END-- [ RunTime:0.004740s ]
INFO: Run Behavior\ParseTemplateBehavior [ RunTime:0.052803s ]
INFO: [ view_parse ] --END-- [ RunTime:0.056910s ]
INFO: [ view_filter ] --START--
INFO: Run Behavior\WriteHtmlCacheBehavior [ RunTime:0.004064s ]
INFO: [ view_filter ] --END-- [ RunTime:0.007566s ]
INFO: [ app_end ] --START--
INFO: Run Behavior\ShowPageTraceBehavior [ RunTime:0.003668s ]
INFO: [ app_end ] --END-- [ RunTime:0.006432s ]

[ 2017-04-18T14:41:38+08:00 ] ::1 /stocktradingsystem/index.php/Home/Login/login.html
INFO: [ app_init ] --START--
INFO: Run Behavior\BuildLiteBehavior [ RunTime:0.000765s ]
INFO: [ app_init ] --END-- [ RunTime:0.005229s ]
INFO: [ app_begin ] --START--
INFO: Run Behavior\ReadHtmlCacheBehavior [ RunTime:0.004071s ]
INFO: [ app_begin ] --END-- [ RunTime:0.006611s ]
INFO: [ view_parse ] --START--
INFO: [ template_filter ] --START--
INFO: Run Behavior\ContentReplaceBehavior [ RunTime:0.001534s ]
INFO: [ template_filter ] --END-- [ RunTime:0.004224s ]
INFO: Run Behavior\ParseTemplateBehavior [ RunTime:0.049524s ]
INFO: [ view_parse ] --END-- [ RunTime:0.052257s ]
INFO: [ view_filter ] --START--
INFO: Run Behavior\WriteHtmlCacheBehavior [ RunTime:0.003485s ]
INFO: [ view_filter ] --END-- [ RunTime:0.006145s ]
INFO: [ app_end ] --START--
INFO: Run Behavior\ShowPageTraceBehavior [ RunTime:0.004454s ]
INFO: [ app_end ] --END-- [ RunTime:0.008020s ]

[ 2017-04-18T14:41:40+08:00 ] ::1 /stocktradingsystem/index.php/Home/Login/login.html
INFO: [ app_init ] --START--
INFO: Run Behavior\BuildLiteBehavior [ RunTime:0.000651s ]
INFO: [ app_init ] --END-- [ RunTime:0.007539s ]
INFO: [ app_begin ] --START--
INFO: Run Behavior\ReadHtmlCacheBehavior [ RunTime:0.006309s ]
INFO: [ app_begin ] --END-- [ RunTime:0.011402s ]
INFO: [ view_parse ] --START--
INFO: [ template_filter ] --START--
INFO: Run Behavior\ContentReplaceBehavior [ RunTime:0.001773s ]
INFO: [ template_filter ] --END-- [ RunTime:0.005918s ]
INFO: Run Behavior\ParseTemplateBehavior [ RunTime:0.063026s ]
INFO: [ view_parse ] --END-- [ RunTime:0.066462s ]
INFO: [ view_filter ] --START--
INFO: Run Behavior\WriteHtmlCacheBehavior [ RunTime:0.006751s ]
INFO: [ view_filter ] --END-- [ RunTime:0.010502s ]
INFO: [ app_end ] --START--
INFO: Run Behavior\ShowPageTraceBehavior [ RunTime:0.005490s ]
INFO: [ app_end ] --END-- [ RunTime:0.009023s ]

[ 2017-04-18T14:41:42+08:00 ] ::1 /stocktradingsystem/index.php/Home/Login/login.html
INFO: [ app_init ] --START--
INFO: Run Behavior\BuildLiteBehavior [ RunTime:0.000781s ]
INFO: [ app_init ] --END-- [ RunTime:0.006936s ]
INFO: [ app_begin ] --START--
INFO: Run Behavior\ReadHtmlCacheBehavior [ RunTime:0.004016s ]
INFO: [ app_begin ] --END-- [ RunTime:0.006742s ]
INFO: [ view_parse ] --START--
INFO: [ template_filter ] --START--
INFO: Run Behavior\ContentReplaceBehavior [ RunTime:0.001167s ]
INFO: [ template_filter ] --END-- [ RunTime:0.004657s ]
INFO: Run Behavior\ParseTemplateBehavior [ RunTime:0.055572s ]
INFO: [ view_parse ] --END-- [ RunTime:0.059201s ]
INFO: [ view_filter ] --START--
INFO: Run Behavior\WriteHtmlCacheBehavior [ RunTime:0.003688s ]
INFO: [ view_filter ] --END-- [ RunTime:0.007431s ]
INFO: [ app_end ] --START--
INFO: Run Behavior\ShowPageTraceBehavior [ RunTime:0.003509s ]
INFO: [ app_end ] --END-- [ RunTime:0.006324s ]

[ 2017-04-18T14:41:45+08:00 ] ::1 /stocktradingsystem/index.php
INFO: [ app_init ] --START--
INFO: Run Behavior\BuildLiteBehavior [ RunTime:0.000493s ]
INFO: [ app_init ] --END-- [ RunTime:0.004717s ]
INFO: [ app_begin ] --START--
INFO: Run Behavior\ReadHtmlCacheBehavior [ RunTime:0.003866s ]
INFO: [ app_begin ] --END-- [ RunTime:0.006852s ]
INFO: [ view_parse ] --START--
INFO: [ template_filter ] --START--
INFO: Run Behavior\ContentReplaceBehavior [ RunTime:0.001180s ]
INFO: [ template_filter ] --END-- [ RunTime:0.004427s ]
INFO: Run Behavior\ParseTemplateBehavior [ RunTime:0.063646s ]
INFO: [ view_parse ] --END-- [ RunTime:0.067841s ]
INFO: [ view_filter ] --START--
INFO: Run Behavior\WriteHtmlCacheBehavior [ RunTime:0.003845s ]
INFO: [ view_filter ] --END-- [ RunTime:0.006722s ]

[ 2017-04-18T14:57:33+08:00 ] ::1 /stocktradingsystem/index.php/Home/Login/check_login
INFO: [ app_init ] --START--
INFO: Run Behavior\BuildLiteBehavior [ RunTime:0.000514s ]
INFO: [ app_init ] --END-- [ RunTime:0.006255s ]
INFO: [ app_begin ] --START--
INFO: Run Behavior\ReadHtmlCacheBehavior [ RunTime:0.006209s ]
INFO: [ app_begin ] --END-- [ RunTime:0.010888s ]
NOTIC: [8] A session had already been started - ignoring session_start() C:\xampp\htdocs\StockTradingSystem\Application\Home\Controller\LoginController.class.php 第 11 行.
SQL: SHOW COLUMNS FROM `stock_user` [ RunTime:0.0172s ]
NOTIC: [8] Undefined variable: condition C:\xampp\htdocs\StockTradingSystem\Application\Home\Controller\LoginController.class.php 第 14 行.
SQL: SELECT * FROM `stock_user` LIMIT 1   [ RunTime:0.0015s ]
INFO: [ view_parse ] --START--
INFO: [ template_filter ] --START--
INFO: Run Behavior\ContentReplaceBehavior [ RunTime:0.001138s ]
INFO: [ template_filter ] --END-- [ RunTime:0.003745s ]
INFO: Run Behavior\ParseTemplateBehavior [ RunTime:0.053682s ]
INFO: [ view_parse ] --END-- [ RunTime:0.056386s ]
INFO: [ view_filter ] --START--
INFO: Run Behavior\WriteHtmlCacheBehavior [ RunTime:0.003081s ]
INFO: [ view_filter ] --END-- [ RunTime:0.005599s ]

[ 2017-04-18T14:57:37+08:00 ] ::1 /stocktradingsystem/index.php/Home/Login/check_login
INFO: [ app_init ] --START--
INFO: Run Behavior\BuildLiteBehavior [ RunTime:0.000497s ]
INFO: [ app_init ] --END-- [ RunTime:0.004678s ]
INFO: [ app_begin ] --START--
INFO: Run Behavior\ReadHtmlCacheBehavior [ RunTime:0.005011s ]
INFO: [ app_begin ] --END-- [ RunTime:0.008803s ]
NOTIC: [8] A session had already been started - ignoring session_start() C:\xampp\htdocs\StockTradingSystem\Application\Home\Controller\LoginController.class.php 第 11 行.
SQL: SHOW COLUMNS FROM `stock_user` [ RunTime:0.0141s ]
NOTIC: [8] Undefined variable: condition C:\xampp\htdocs\StockTradingSystem\Application\Home\Controller\LoginController.class.php 第 14 行.
SQL: SELECT * FROM `stock_user` LIMIT 1   [ RunTime:0.0015s ]
INFO: [ view_parse ] --START--
INFO: [ template_filter ] --START--
INFO: Run Behavior\ContentReplaceBehavior [ RunTime:0.001948s ]
INFO: [ template_filter ] --END-- [ RunTime:0.005578s ]
INFO: Run Behavior\ParseTemplateBehavior [ RunTime:0.063177s ]
INFO: [ view_parse ] --END-- [ RunTime:0.066070s ]
INFO: [ view_filter ] --START--
INFO: Run Behavior\WriteHtmlCacheBehavior [ RunTime:0.003060s ]
INFO: [ view_filter ] --END-- [ RunTime:0.006014s ]

[ 2017-04-18T15:04:05+08:00 ] ::1 /stocktradingsystem/index.php/Home/Login/login.html
INFO: [ app_init ] --START--
INFO: Run Behavior\BuildLiteBehavior [ RunTime:0.000500s ]
INFO: [ app_init ] --END-- [ RunTime:0.004791s ]
INFO: [ app_begin ] --START--
INFO: Run Behavior\ReadHtmlCacheBehavior [ RunTime:0.004033s ]
INFO: [ app_begin ] --END-- [ RunTime:0.007473s ]
INFO: [ view_parse ] --START--
INFO: [ template_filter ] --START--
INFO: Run Behavior\ContentReplaceBehavior [ RunTime:0.001176s ]
INFO: [ template_filter ] --END-- [ RunTime:0.003727s ]
INFO: Run Behavior\ParseTemplateBehavior [ RunTime:0.051754s ]
INFO: [ view_parse ] --END-- [ RunTime:0.054537s ]
INFO: [ view_filter ] --START--
INFO: Run Behavior\WriteHtmlCacheBehavior [ RunTime:0.003446s ]
INFO: [ view_filter ] --END-- [ RunTime:0.006532s ]
INFO: [ app_end ] --START--
INFO: Run Behavior\ShowPageTraceBehavior [ RunTime:0.003978s ]
INFO: [ app_end ] --END-- [ RunTime:0.007068s ]

[ 2017-04-18T15:04:37+08:00 ] ::1 /stocktradingsystem/index.php/Home/Register/Reg.html
INFO: [ app_init ] --START--
INFO: Run Behavior\BuildLiteBehavior [ RunTime:0.000605s ]
INFO: [ app_init ] --END-- [ RunTime:0.006043s ]
INFO: [ app_begin ] --START--
INFO: Run Behavior\ReadHtmlCacheBehavior [ RunTime:0.003831s ]
INFO: [ app_begin ] --END-- [ RunTime:0.006887s ]
ERR: 无法加载控制器:Register

[ 2017-04-18T15:05:23+08:00 ] ::1 /stocktradingsystem/index.php/Home/Register/Reg.html
INFO: [ app_init ] --START--
INFO: Run Behavior\BuildLiteBehavior [ RunTime:0.000500s ]
INFO: [ app_init ] --END-- [ RunTime:0.006010s ]
INFO: [ app_begin ] --START--
INFO: Run Behavior\ReadHtmlCacheBehavior [ RunTime:0.004447s ]
INFO: [ app_begin ] --END-- [ RunTime:0.008980s ]
INFO: [ view_parse ] --START--

[ 2017-04-18T15:05:23+08:00 ] ::1 /stocktradingsystem/index.php/Home/Register/__PUBLIC__/Images/register.gif
INFO: [ app_init ] --START--
INFO: Run Behavior\BuildLiteBehavior [ RunTime:0.000889s ]
INFO: [ app_init ] --END-- [ RunTime:0.019737s ]

[ 2017-04-18T15:05:24+08:00 ] ::1 /stocktradingsystem/index.php/Home/Register/__PUBLIC__/Images/reset.gif
INFO: [ app_init ] --START--
INFO: Run Behavior\BuildLiteBehavior [ RunTime:0.001854s ]
INFO: [ app_init ] --END-- [ RunTime:0.014592s ]

[ 2017-04-18T15:06:25+08:00 ] ::1 /stocktradingsystem/index.php/Home/Register/Reg.html
INFO: [ app_init ] --START--
INFO: Run Behavior\BuildLiteBehavior [ RunTime:0.000481s ]
INFO: [ app_init ] --END-- [ RunTime:0.005273s ]
INFO: [ app_begin ] --START--
INFO: Run Behavior\ReadHtmlCacheBehavior [ RunTime:0.003901s ]
INFO: [ app_begin ] --END-- [ RunTime:0.006505s ]
INFO: [ view_parse ] --START--

[ 2017-04-18T15:06:25+08:00 ] ::1 /stocktradingsystem/index.php/Home/Register/__PUBLIC__/Images/reset.gif
INFO: [ app_init ] --START--
INFO: Run Behavior\BuildLiteBehavior [ RunTime:0.001045s ]
INFO: [ app_init ] --END-- [ RunTime:0.009989s ]

[ 2017-04-18T15:06:25+08:00 ] ::1 /stocktradingsystem/index.php/Home/Register/__PUBLIC__/Images/register.gif
INFO: [ app_init ] --START--
INFO: Run Behavior\BuildLiteBehavior [ RunTime:0.000785s ]
INFO: [ app_init ] --END-- [ RunTime:0.009258s ]

[ 2017-04-18T15:06:47+08:00 ] ::1 /stocktradingsystem/index.php/Home/Register/Reg.html
INFO: [ app_init ] --START--
INFO: Run Behavior\BuildLiteBehavior [ RunTime:0.000477s ]
INFO: [ app_init ] --END-- [ RunTime:0.004813s ]
INFO: [ app_begin ] --START--
INFO: Run Behavior\ReadHtmlCacheBehavior [ RunTime:0.004575s ]
INFO: [ app_begin ] --END-- [ RunTime:0.007525s ]
INFO: [ view_parse ] --START--
INFO: [ template_filter ] --START--
INFO: Run Behavior\ContentReplaceBehavior [ RunTime:0.001138s ]
INFO: [ template_filter ] --END-- [ RunTime:0.003629s ]
INFO: Run Behavior\ParseTemplateBehavior [ RunTime:0.060659s ]
INFO: [ view_parse ] --END-- [ RunTime:0.063282s ]
INFO: [ view_filter ] --START--
INFO: Run Behavior\WriteHtmlCacheBehavior [ RunTime:0.003364s ]
INFO: [ view_filter ] --END-- [ RunTime:0.005801s ]
INFO: [ app_end ] --START--
INFO: Run Behavior\ShowPageTraceBehavior [ RunTime:0.004050s ]
INFO: [ app_end ] --END-- [ RunTime:0.006728s ]

[ 2017-04-18T15:07:29+08:00 ] ::1 /stocktradingsystem/index.php/Home/Register/doReg
INFO: [ app_init ] --START--
INFO: Run Behavior\BuildLiteBehavior [ RunTime:0.000488s ]
INFO: [ app_init ] --END-- [ RunTime:0.004712s ]
INFO: [ app_begin ] --START--
INFO: Run Behavior\ReadHtmlCacheBehavior [ RunTime:0.006086s ]
INFO: [ app_begin ] --END-- [ RunTime:0.010733s ]
ERR: 非法操作:doReg

[ 2017-04-18T15:07:48+08:00 ] ::1 /stocktradingsystem/index.php/Home/Register/checkName?username=ere
INFO: [ app_init ] --START--
INFO: Run Behavior\BuildLiteBehavior [ RunTime:0.000495s ]
INFO: [ app_init ] --END-- [ RunTime:0.005667s ]
INFO: [ app_begin ] --START--
INFO: Run Behavior\ReadHtmlCacheBehavior [ RunTime:0.003857s ]
INFO: [ app_begin ] --END-- [ RunTime:0.006210s ]
ERR: 非法操作:checkName

[ 2017-04-18T15:08:28+08:00 ] ::1 /stocktradingsystem/index.php/Home/Register/Reg.html
INFO: [ app_init ] --START--
INFO: Run Behavior\BuildLiteBehavior [ RunTime:0.000521s ]
INFO: [ app_init ] --END-- [ RunTime:0.004718s ]
INFO: [ app_begin ] --START--
INFO: Run Behavior\ReadHtmlCacheBehavior [ RunTime:0.005309s ]
INFO: [ app_begin ] --END-- [ RunTime:0.010124s ]
INFO: [ view_parse ] --START--
INFO: [ template_filter ] --START--
INFO: Run Behavior\ContentReplaceBehavior [ RunTime:0.001198s ]
INFO: [ template_filter ] --END-- [ RunTime:0.004599s ]
INFO: Run Behavior\ParseTemplateBehavior [ RunTime:0.059461s ]
INFO: [ view_parse ] --END-- [ RunTime:0.062772s ]
INFO: [ view_filter ] --START--
INFO: Run Behavior\WriteHtmlCacheBehavior [ RunTime:0.003510s ]
INFO: [ view_filter ] --END-- [ RunTime:0.006337s ]
INFO: [ app_end ] --START--
INFO: Run Behavior\ShowPageTraceBehavior [ RunTime:0.003865s ]
INFO: [ app_end ] --END-- [ RunTime:0.007626s ]

[ 2017-04-18T15:26:46+08:00 ] ::1 /stocktradingsystem/index.php/Home/Register/checkName?username=
INFO: [ app_init ] --START--
INFO: Run Behavior\BuildLiteBehavior [ RunTime:0.000533s ]
INFO: [ app_init ] --END-- [ RunTime:0.005506s ]
INFO: [ app_begin ] --START--
INFO: Run Behavior\ReadHtmlCacheBehavior [ RunTime:0.004921s ]
INFO: [ app_begin ] --END-- [ RunTime:0.007004s ]
ERR: 非法操作:checkName

[ 2017-04-18T15:27:17+08:00 ] ::1 /stocktradingsystem/index.php/Home/Register/checkName?username=234
INFO: [ app_init ] --START--
INFO: Run Behavior\BuildLiteBehavior [ RunTime:0.000481s ]
INFO: [ app_init ] --END-- [ RunTime:0.004741s ]
INFO: [ app_begin ] --START--
INFO: Run Behavior\ReadHtmlCacheBehavior [ RunTime:0.017206s ]
INFO: [ app_begin ] --END-- [ RunTime:0.019326s ]
ERR: 非法操作:checkName

[ 2017-04-18T15:27:22+08:00 ] ::1 /stocktradingsystem/index.php/Home/Register/Reg.html
INFO: [ app_init ] --START--
INFO: Run Behavior\BuildLiteBehavior [ RunTime:0.000568s ]
INFO: [ app_init ] --END-- [ RunTime:0.005797s ]
INFO: [ app_begin ] --START--
INFO: Run Behavior\ReadHtmlCacheBehavior [ RunTime:0.011145s ]
INFO: [ app_begin ] --END-- [ RunTime:0.013990s ]
INFO: [ view_parse ] --START--
INFO: [ template_filter ] --START--
INFO: Run Behavior\ContentReplaceBehavior [ RunTime:0.001437s ]
INFO: [ template_filter ] --END-- [ RunTime:0.004041s ]
INFO: Run Behavior\ParseTemplateBehavior [ RunTime:0.055601s ]
INFO: [ view_parse ] --END-- [ RunTime:0.059235s ]
INFO: [ view_filter ] --START--
INFO: Run Behavior\WriteHtmlCacheBehavior [ RunTime:0.003725s ]
INFO: [ view_filter ] --END-- [ RunTime:0.006564s ]
INFO: [ app_end ] --START--
INFO: Run Behavior\ShowPageTraceBehavior [ RunTime:0.004540s ]
INFO: [ app_end ] --END-- [ RunTime:0.007290s ]

[ 2017-04-18T15:27:27+08:00 ] ::1 /stocktradingsystem/index.php/Home/Register/checkName?username=24
INFO: [ app_init ] --START--
INFO: Run Behavior\BuildLiteBehavior [ RunTime:0.000489s ]
INFO: [ app_init ] --END-- [ RunTime:0.004858s ]
INFO: [ app_begin ] --START--
INFO: Run Behavior\ReadHtmlCacheBehavior [ RunTime:0.004593s ]
INFO: [ app_begin ] --END-- [ RunTime:0.006679s ]
ERR: 非法操作:checkName

[ 2017-04-18T19:08:45+08:00 ] ::1 /stocktradingsystem/index.php/Home/Register/Reg.html
INFO: [ app_init ] --START--
INFO: Run Behavior\BuildLiteBehavior [ RunTime:0.000548s ]
INFO: [ app_init ] --END-- [ RunTime:0.007340s ]
INFO: [ app_begin ] --START--
INFO: Run Behavior\ReadHtmlCacheBehavior [ RunTime:0.006232s ]
INFO: [ app_begin ] --END-- [ RunTime:0.010287s ]
INFO: [ view_parse ] --START--
INFO: [ template_filter ] --START--
INFO: Run Behavior\ContentReplaceBehavior [ RunTime:0.003926s ]
INFO: [ template_filter ] --END-- [ RunTime:0.008949s ]
INFO: Run Behavior\ParseTemplateBehavior [ RunTime:0.176664s ]
INFO: [ view_parse ] --END-- [ RunTime:0.180990s ]
INFO: [ view_filter ] --START--
INFO: Run Behavior\WriteHtmlCacheBehavior [ RunTime:0.005276s ]
INFO: [ view_filter ] --END-- [ RunTime:0.010189s ]
INFO: [ app_end ] --START--
INFO: Run Behavior\ShowPageTraceBehavior [ RunTime:0.004031s ]
INFO: [ app_end ] --END-- [ RunTime:0.008250s ]

[ 2017-04-18T19:08:49+08:00 ] ::1 /stocktradingsystem/index.php/Home/Register/checkName?username=w3r
INFO: [ app_init ] --START--
INFO: Run Behavior\BuildLiteBehavior [ RunTime:0.000842s ]
INFO: [ app_init ] --END-- [ RunTime:0.007502s ]
INFO: [ app_begin ] --START--
INFO: Run Behavior\ReadHtmlCacheBehavior [ RunTime:0.005064s ]
INFO: [ app_begin ] --END-- [ RunTime:0.007279s ]
ERR: 非法操作:checkName

[ 2017-04-18T19:20:47+08:00 ] ::1 /stocktradingsystem/index.php/Home/Register/checkName?username=
INFO: [ app_init ] --START--
INFO: Run Behavior\BuildLiteBehavior [ RunTime:0.000511s ]
INFO: [ app_init ] --END-- [ RunTime:0.005230s ]
INFO: [ app_begin ] --START--
INFO: Run Behavior\ReadHtmlCacheBehavior [ RunTime:0.004330s ]
INFO: [ app_begin ] --END-- [ RunTime:0.006463s ]
ERR: 非法操作:checkName

[ 2017-04-18T19:20:48+08:00 ] ::1 /stocktradingsystem/index.php/Home/Register/Reg.html
INFO: [ app_init ] --START--
INFO: Run Behavior\BuildLiteBehavior [ RunTime:0.001178s ]
INFO: [ app_init ] --END-- [ RunTime:0.026134s ]
INFO: [ app_begin ] --START--
INFO: Run Behavior\ReadHtmlCacheBehavior [ RunTime:0.011021s ]
INFO: [ app_begin ] --END-- [ RunTime:0.019024s ]
INFO: [ view_parse ] --START--
INFO: [ template_filter ] --START--
INFO: Run Behavior\ContentReplaceBehavior [ RunTime:0.008054s ]
INFO: [ template_filter ] --END-- [ RunTime:0.022730s ]
INFO: Run Behavior\ParseTemplateBehavior [ RunTime:0.238410s ]
INFO: [ view_parse ] --END-- [ RunTime:0.253567s ]
INFO: [ view_filter ] --START--
INFO: Run Behavior\WriteHtmlCacheBehavior [ RunTime:0.029915s ]
INFO: [ view_filter ] --END-- [ RunTime:0.041954s ]
INFO: [ app_end ] --START--
INFO: Run Behavior\ShowPageTraceBehavior [ RunTime:0.010013s ]
INFO: [ app_end ] --END-- [ RunTime:0.019969s ]

[ 2017-04-18T19:21:02+08:00 ] ::1 /stocktradingsystem/index.php/Home/Register/Reg.html
INFO: [ app_init ] --START--
INFO: Run Behavior\BuildLiteBehavior [ RunTime:0.000523s ]
INFO: [ app_init ] --END-- [ RunTime:0.005781s ]
INFO: [ app_begin ] --START--
INFO: Run Behavior\ReadHtmlCacheBehavior [ RunTime:0.003822s ]
INFO: [ app_begin ] --END-- [ RunTime:0.008657s ]
INFO: [ view_parse ] --START--
INFO: [ template_filter ] --START--
INFO: Run Behavior\ContentReplaceBehavior [ RunTime:0.001264s ]
INFO: [ template_filter ] --END-- [ RunTime:0.004067s ]
INFO: Run Behavior\ParseTemplateBehavior [ RunTime:0.061009s ]
INFO: [ view_parse ] --END-- [ RunTime:0.064502s ]
INFO: [ view_filter ] --START--
INFO: Run Behavior\WriteHtmlCacheBehavior [ RunTime:0.003472s ]
INFO: [ view_filter ] --END-- [ RunTime:0.006452s ]
INFO: [ app_end ] --START--
INFO: Run Behavior\ShowPageTraceBehavior [ RunTime:0.008396s ]
INFO: [ app_end ] --END-- [ RunTime:0.011261s ]

[ 2017-04-18T19:24:33+08:00 ] ::1 /stocktradingsystem/index.php/Home/Register/doReg
INFO: [ app_init ] --START--
INFO: Run Behavior\BuildLiteBehavior [ RunTime:0.000775s ]
INFO: [ app_init ] --END-- [ RunTime:0.008219s ]
INFO: [ app_begin ] --START--
INFO: Run Behavior\ReadHtmlCacheBehavior [ RunTime:0.006743s ]
INFO: [ app_begin ] --END-- [ RunTime:0.009652s ]
SQL: SHOW COLUMNS FROM `stock_user` [ RunTime:0.0182s ]
NOTIC: [8] Undefined index: validate C:\xampp\htdocs\StockTradingSystem\ThinkPHP\Library\Think\Model.class.php 第 1185 行.
SQL: SELECT * FROM `stock_user` WHERE `username` = '345' LIMIT 1   [ RunTime:0.0021s ]
INFO: [ view_parse ] --START--
INFO: [ template_filter ] --START--
INFO: Run Behavior\ContentReplaceBehavior [ RunTime:0.001657s ]
INFO: [ template_filter ] --END-- [ RunTime:0.005486s ]
INFO: Run Behavior\ParseTemplateBehavior [ RunTime:0.084967s ]
INFO: [ view_parse ] --END-- [ RunTime:0.090452s ]
INFO: [ view_filter ] --START--
INFO: Run Behavior\WriteHtmlCacheBehavior [ RunTime:0.007702s ]
INFO: [ view_filter ] --END-- [ RunTime:0.013996s ]

[ 2017-04-18T19:24:45+08:00 ] ::1 /stocktradingsystem/index.php/Home/Register/doReg
INFO: [ app_init ] --START--
INFO: Run Behavior\BuildLiteBehavior [ RunTime:0.000711s ]
INFO: [ app_init ] --END-- [ RunTime:0.008000s ]
INFO: [ app_begin ] --START--
INFO: Run Behavior\ReadHtmlCacheBehavior [ RunTime:0.008990s ]
INFO: [ app_begin ] --END-- [ RunTime:0.015898s ]
SQL: SHOW COLUMNS FROM `stock_user` [ RunTime:0.0317s ]
NOTIC: [8] Undefined index: validate C:\xampp\htdocs\StockTradingSystem\ThinkPHP\Library\Think\Model.class.php 第 1185 行.
SQL: SELECT * FROM `stock_user` WHERE `username` = '345223445' LIMIT 1   [ RunTime:0.0037s ]
NOTIC: [8] Undefined index: auto C:\xampp\htdocs\StockTradingSystem\ThinkPHP\Library\Think\Model.class.php 第 1128 行.
SQL: INSERT INTO `stock_user` (`username`,`password`,`email`,`phone_number`) VALUES ('345223445','234','','') [ RunTime:0.0821s ]

[ 2017-04-18T19:24:46+08:00 ] ::1 /stocktradingsystem/index.php/Home/Index/index.html
INFO: [ app_init ] --START--
INFO: Run Behavior\BuildLiteBehavior [ RunTime:0.000863s ]
INFO: [ app_init ] --END-- [ RunTime:0.013274s ]
INFO: [ app_begin ] --START--
INFO: Run Behavior\ReadHtmlCacheBehavior [ RunTime:0.016992s ]
INFO: [ app_begin ] --END-- [ RunTime:0.024830s ]

[ 2017-04-18T19:24:46+08:00 ] ::1 /stocktradingsystem/index.php/Home/Login/login.html
INFO: [ app_init ] --START--
INFO: Run Behavior\BuildLiteBehavior [ RunTime:0.001655s ]
INFO: [ app_init ] --END-- [ RunTime:0.012869s ]
INFO: [ app_begin ] --START--
INFO: Run Behavior\ReadHtmlCacheBehavior [ RunTime:0.004452s ]
INFO: [ app_begin ] --END-- [ RunTime:0.008315s ]
INFO: [ view_parse ] --START--
INFO: [ template_filter ] --START--
INFO: Run Behavior\ContentReplaceBehavior [ RunTime:0.001937s ]
INFO: [ template_filter ] --END-- [ RunTime:0.005854s ]
INFO: Run Behavior\ParseTemplateBehavior [ RunTime:0.080642s ]
INFO: [ view_parse ] --END-- [ RunTime:0.083012s ]
INFO: [ view_filter ] --START--
INFO: Run Behavior\WriteHtmlCacheBehavior [ RunTime:0.002745s ]
INFO: [ view_filter ] --END-- [ RunTime:0.004960s ]
INFO: [ app_end ] --START--
INFO: Run Behavior\ShowPageTraceBehavior [ RunTime:0.003358s ]
INFO: [ app_end ] --END-- [ RunTime:0.005966s ]

[ 2017-04-18T19:25:25+08:00 ] ::1 /stocktradingsystem/index.php/Home/Register/doReg
INFO: [ app_init ] --START--
INFO: Run Behavior\BuildLiteBehavior [ RunTime:0.000895s ]
INFO: [ app_init ] --END-- [ RunTime:0.012621s ]
INFO: [ app_begin ] --START--
INFO: Run Behavior\ReadHtmlCacheBehavior [ RunTime:0.007528s ]
INFO: [ app_begin ] --END-- [ RunTime:0.013927s ]
SQL: SHOW COLUMNS FROM `stock_user` [ RunTime:0.0128s ]
NOTIC: [8] Undefined index: validate C:\xampp\htdocs\StockTradingSystem\ThinkPHP\Library\Think\Model.class.php 第 1185 行.
SQL: SELECT * FROM `stock_user` WHERE `username` = '345223445' LIMIT 1   [ RunTime:0.0015s ]
INFO: [ view_parse ] --START--
INFO: [ template_filter ] --START--
INFO: Run Behavior\ContentReplaceBehavior [ RunTime:0.001066s ]
INFO: [ template_filter ] --END-- [ RunTime:0.004123s ]
INFO: Run Behavior\ParseTemplateBehavior [ RunTime:0.051201s ]
INFO: [ view_parse ] --END-- [ RunTime:0.053797s ]
INFO: [ view_filter ] --START--
INFO: Run Behavior\WriteHtmlCacheBehavior [ RunTime:0.002903s ]
INFO: [ view_filter ] --END-- [ RunTime:0.005138s ]

[ 2017-04-18T19:29:20+08:00 ] ::1 /stocktradingsystem/index.php/Home/Register/Reg.html
INFO: [ app_init ] --START--
INFO: Run Behavior\BuildLiteBehavior [ RunTime:0.000533s ]
INFO: [ app_init ] --END-- [ RunTime:0.007330s ]
INFO: [ app_begin ] --START--
INFO: Run Behavior\ReadHtmlCacheBehavior [ RunTime:0.007215s ]
INFO: [ app_begin ] --END-- [ RunTime:0.014271s ]
INFO: [ view_parse ] --START--
INFO: [ template_filter ] --START--
INFO: Run Behavior\ContentReplaceBehavior [ RunTime:0.001967s ]
INFO: [ template_filter ] --END-- [ RunTime:0.008899s ]
INFO: Run Behavior\ParseTemplateBehavior [ RunTime:0.084285s ]
INFO: [ view_parse ] --END-- [ RunTime:0.089382s ]
INFO: [ view_filter ] --START--
INFO: Run Behavior\WriteHtmlCacheBehavior [ RunTime:0.010425s ]
INFO: [ view_filter ] --END-- [ RunTime:0.014805s ]
INFO: [ app_end ] --START--
INFO: Run Behavior\ShowPageTraceBehavior [ RunTime:0.007605s ]
INFO: [ app_end ] --END-- [ RunTime:0.016466s ]

[ 2017-04-18T19:29:40+08:00 ] ::1 /stocktradingsystem/index.php/Home/Register/doReg
INFO: [ app_init ] --START--
INFO: Run Behavior\BuildLiteBehavior [ RunTime:0.000762s ]
INFO: [ app_init ] --END-- [ RunTime:0.034498s ]
INFO: [ app_begin ] --START--
INFO: Run Behavior\ReadHtmlCacheBehavior [ RunTime:0.007528s ]
INFO: [ app_begin ] --END-- [ RunTime:0.012383s ]
SQL: SHOW COLUMNS FROM `stock_user` [ RunTime:0.0563s ]
NOTIC: [8] Undefined index: validate C:\xampp\htdocs\StockTradingSystem\ThinkPHP\Library\Think\Model.class.php 第 1185 行.
SQL: SELECT * FROM `stock_user` WHERE `username` = 'trainsn1' LIMIT 1   [ RunTime:0.0018s ]
INFO: [ view_parse ] --START--
INFO: [ template_filter ] --START--
INFO: Run Behavior\ContentReplaceBehavior [ RunTime:0.001046s ]
INFO: [ template_filter ] --END-- [ RunTime:0.004808s ]
INFO: Run Behavior\ParseTemplateBehavior [ RunTime:0.064054s ]
INFO: [ view_parse ] --END-- [ RunTime:0.067656s ]
INFO: [ view_filter ] --START--
INFO: Run Behavior\WriteHtmlCacheBehavior [ RunTime:0.002465s ]
INFO: [ view_filter ] --END-- [ RunTime:0.005007s ]

[ 2017-04-18T19:31:54+08:00 ] ::1 /stocktradingsystem/index.php/Home/Register/doReg
INFO: [ app_init ] --START--
INFO: Run Behavior\BuildLiteBehavior [ RunTime:0.000827s ]
INFO: [ app_init ] --END-- [ RunTime:0.016606s ]
INFO: [ app_begin ] --START--
INFO: Run Behavior\ReadHtmlCacheBehavior [ RunTime:0.068162s ]
INFO: [ app_begin ] --END-- [ RunTime:0.115517s ]
SQL: SHOW COLUMNS FROM `stock_user` [ RunTime:0.0430s ]
NOTIC: [8] Undefined index: validate C:\xampp\htdocs\StockTradingSystem\ThinkPHP\Library\Think\Model.class.php 第 1185 行.
SQL: SELECT * FROM `stock_user` WHERE `username` = 'trainsn1' LIMIT 1   [ RunTime:0.0012s ]
INFO: [ view_parse ] --START--
INFO: [ template_filter ] --START--
INFO: Run Behavior\ContentReplaceBehavior [ RunTime:0.001003s ]
INFO: [ template_filter ] --END-- [ RunTime:0.003304s ]
INFO: Run Behavior\ParseTemplateBehavior [ RunTime:0.050769s ]
INFO: [ view_parse ] --END-- [ RunTime:0.053373s ]
INFO: [ view_filter ] --START--
INFO: Run Behavior\WriteHtmlCacheBehavior [ RunTime:0.003754s ]
INFO: [ view_filter ] --END-- [ RunTime:0.007506s ]

[ 2017-04-18T19:32:00+08:00 ] ::1 /stocktradingsystem/index.php/Home/Register/doReg
INFO: [ app_init ] --START--
INFO: Run Behavior\BuildLiteBehavior [ RunTime:0.001001s ]
INFO: [ app_init ] --END-- [ RunTime:0.058037s ]
INFO: [ app_begin ] --START--
INFO: Run Behavior\ReadHtmlCacheBehavior [ RunTime:0.006832s ]
INFO: [ app_begin ] --END-- [ RunTime:0.017382s ]
SQL: SHOW COLUMNS FROM `stock_user` [ RunTime:0.0571s ]
NOTIC: [8] Undefined index: validate C:\xampp\htdocs\StockTradingSystem\ThinkPHP\Library\Think\Model.class.php 第 1185 行.
SQL: SELECT * FROM `stock_user` WHERE `username` = 'trainsn1' LIMIT 1   [ RunTime:0.0023s ]
INFO: [ view_parse ] --START--
INFO: [ template_filter ] --START--
INFO: Run Behavior\ContentReplaceBehavior [ RunTime:0.002416s ]
INFO: [ template_filter ] --END-- [ RunTime:0.006040s ]
INFO: Run Behavior\ParseTemplateBehavior [ RunTime:0.083722s ]
INFO: [ view_parse ] --END-- [ RunTime:0.091267s ]
INFO: [ view_filter ] --START--
INFO: Run Behavior\WriteHtmlCacheBehavior [ RunTime:0.004873s ]
INFO: [ view_filter ] --END-- [ RunTime:0.009320s ]

[ 2017-04-18T19:32:09+08:00 ] ::1 /stocktradingsystem/index.php/Home/Register/doReg
INFO: [ app_init ] --START--
INFO: Run Behavior\BuildLiteBehavior [ RunTime:0.000427s ]
INFO: [ app_init ] --END-- [ RunTime:0.004484s ]
INFO: [ app_begin ] --START--
INFO: Run Behavior\ReadHtmlCacheBehavior [ RunTime:0.003207s ]
INFO: [ app_begin ] --END-- [ RunTime:0.006172s ]
SQL: SHOW COLUMNS FROM `stock_user` [ RunTime:0.0159s ]
NOTIC: [8] Undefined index: validate C:\xampp\htdocs\StockTradingSystem\ThinkPHP\Library\Think\Model.class.php 第 1185 行.
SQL: SELECT * FROM `stock_user` WHERE `username` = 'trainsn1' LIMIT 1   [ RunTime:0.0014s ]
NOTIC: [8] Undefined index: auto C:\xampp\htdocs\StockTradingSystem\ThinkPHP\Library\Think\Model.class.php 第 1128 行.
SQL: INSERT INTO `stock_user` (`username`,`password`,`email`,`phone_number`) VALUES ('trainsn1','123','shaoxinxiaosai@163.com','17816878712') [ RunTime:0.0717s ]

[ 2017-04-18T19:32:10+08:00 ] ::1 /stocktradingsystem/index.php/Home/Index/index.html
INFO: [ app_init ] --START--
INFO: Run Behavior\BuildLiteBehavior [ RunTime:0.001327s ]
INFO: [ app_init ] --END-- [ RunTime:0.013236s ]
INFO: [ app_begin ] --START--
INFO: Run Behavior\ReadHtmlCacheBehavior [ RunTime:0.077343s ]
INFO: [ app_begin ] --END-- [ RunTime:0.146754s ]

[ 2017-04-18T19:32:10+08:00 ] ::1 /stocktradingsystem/index.php/Home/Login/login.html
INFO: [ app_init ] --START--
INFO: Run Behavior\BuildLiteBehavior [ RunTime:0.001316s ]
INFO: [ app_init ] --END-- [ RunTime:0.011009s ]
INFO: [ app_begin ] --START--
INFO: Run Behavior\ReadHtmlCacheBehavior [ RunTime:0.003483s ]
INFO: [ app_begin ] --END-- [ RunTime:0.006885s ]
INFO: [ view_parse ] --START--
INFO: [ template_filter ] --START--
INFO: Run Behavior\ContentReplaceBehavior [ RunTime:0.001232s ]
INFO: [ template_filter ] --END-- [ RunTime:0.004191s ]
INFO: Run Behavior\ParseTemplateBehavior [ RunTime:0.063311s ]
INFO: [ view_parse ] --END-- [ RunTime:0.065655s ]
INFO: [ view_filter ] --START--
INFO: Run Behavior\WriteHtmlCacheBehavior [ RunTime:0.003686s ]
INFO: [ view_filter ] --END-- [ RunTime:0.008866s ]
INFO: [ app_end ] --START--
INFO: Run Behavior\ShowPageTraceBehavior [ RunTime:0.004361s ]
INFO: [ app_end ] --END-- [ RunTime:0.007565s ]

[ 2017-04-18T20:19:25+08:00 ] ::1 /stocktradingsystem/index.php/Home/Login/check_login
INFO: [ app_init ] --START--
INFO: Run Behavior\BuildLiteBehavior [ RunTime:0.000771s ]
INFO: [ app_init ] --END-- [ RunTime:0.033136s ]
INFO: [ app_begin ] --START--
INFO: Run Behavior\ReadHtmlCacheBehavior [ RunTime:0.017474s ]
INFO: [ app_begin ] --END-- [ RunTime:0.024131s ]
NOTIC: [8] A session had already been started - ignoring session_start() C:\xampp\htdocs\StockTradingSystem\Application\Home\Controller\LoginController.class.php 第 11 行.
SQL: SHOW COLUMNS FROM `stock_user` [ RunTime:0.0790s ]
NOTIC: [8] Undefined variable: condition C:\xampp\htdocs\StockTradingSystem\Application\Home\Controller\LoginController.class.php 第 14 行.
SQL: SELECT * FROM `stock_user` LIMIT 1   [ RunTime:0.0028s ]
INFO: [ view_parse ] --START--
INFO: [ template_filter ] --START--
INFO: Run Behavior\ContentReplaceBehavior [ RunTime:0.010007s ]
INFO: [ template_filter ] --END-- [ RunTime:0.016652s ]
INFO: Run Behavior\ParseTemplateBehavior [ RunTime:0.415720s ]
INFO: [ view_parse ] --END-- [ RunTime:0.419495s ]
INFO: [ view_filter ] --START--
INFO: Run Behavior\WriteHtmlCacheBehavior [ RunTime:0.088086s ]
INFO: [ view_filter ] --END-- [ RunTime:0.100804s ]
INFO: [ app_end ] --START--
INFO: Run Behavior\ShowPageTraceBehavior [ RunTime:0.011299s ]
INFO: [ app_end ] --END-- [ RunTime:0.014897s ]

[ 2017-04-18T20:19:28+08:00 ] ::1 /stocktradingsystem/index.php/Home/Login/login.html
INFO: [ app_init ] --START--
INFO: Run Behavior\BuildLiteBehavior [ RunTime:0.001264s ]
INFO: [ app_init ] --END-- [ RunTime:0.065710s ]
INFO: [ app_begin ] --START--
INFO: Run Behavior\ReadHtmlCacheBehavior [ RunTime:0.034417s ]
INFO: [ app_begin ] --END-- [ RunTime:0.091700s ]
INFO: [ view_parse ] --START--
INFO: [ template_filter ] --START--
INFO: Run Behavior\ContentReplaceBehavior [ RunTime:0.008599s ]
INFO: [ template_filter ] --END-- [ RunTime:0.046322s ]
INFO: Run Behavior\ParseTemplateBehavior [ RunTime:0.375580s ]
INFO: [ view_parse ] --END-- [ RunTime:0.390713s ]
INFO: [ view_filter ] --START--
INFO: Run Behavior\WriteHtmlCacheBehavior [ RunTime:0.009306s ]
INFO: [ view_filter ] --END-- [ RunTime:0.017920s ]
INFO: [ app_end ] --START--
INFO: Run Behavior\ShowPageTraceBehavior [ RunTime:0.042882s ]
INFO: [ app_end ] --END-- [ RunTime:0.122142s ]

[ 2017-04-18T20:20:19+08:00 ] ::1 /stocktradingsystem/index.php/Home/Login/check_login
INFO: [ app_init ] --START--
INFO: Run Behavior\BuildLiteBehavior [ RunTime:0.000560s ]
INFO: [ app_init ] --END-- [ RunTime:0.005675s ]
INFO: [ app_begin ] --START--
INFO: Run Behavior\ReadHtmlCacheBehavior [ RunTime:0.004520s ]
INFO: [ app_begin ] --END-- [ RunTime:0.009281s ]
NOTIC: [8] A session had already been started - ignoring session_start() C:\xampp\htdocs\StockTradingSystem\Application\Home\Controller\LoginController.class.php 第 11 行.
SQL: SHOW COLUMNS FROM `stock_user` [ RunTime:0.0393s ]
NOTIC: [8] Undefined variable: condition C:\xampp\htdocs\StockTradingSystem\Application\Home\Controller\LoginController.class.php 第 14 行.
SQL: SELECT * FROM `stock_user` LIMIT 1   [ RunTime:0.0014s ]
INFO: [ view_parse ] --START--
INFO: [ template_filter ] --START--
INFO: Run Behavior\ContentReplaceBehavior [ RunTime:0.001844s ]
INFO: [ template_filter ] --END-- [ RunTime:0.005194s ]
INFO: Run Behavior\ParseTemplateBehavior [ RunTime:0.067792s ]
INFO: [ view_parse ] --END-- [ RunTime:0.070667s ]
INFO: [ view_filter ] --START--
INFO: Run Behavior\WriteHtmlCacheBehavior [ RunTime:0.003027s ]
INFO: [ view_filter ] --END-- [ RunTime:0.005816s ]
INFO: [ app_end ] --START--
INFO: Run Behavior\ShowPageTraceBehavior [ RunTime:0.004183s ]
INFO: [ app_end ] --END-- [ RunTime:0.009638s ]

[ 2017-04-18T20:20:20+08:00 ] ::1 /stocktradingsystem/index.php/Home/Login/login.html
INFO: [ app_init ] --START--
INFO: Run Behavior\BuildLiteBehavior [ RunTime:0.000460s ]
INFO: [ app_init ] --END-- [ RunTime:0.004400s ]
INFO: [ app_begin ] --START--
INFO: Run Behavior\ReadHtmlCacheBehavior [ RunTime:0.006473s ]
INFO: [ app_begin ] --END-- [ RunTime:0.009475s ]
INFO: [ view_parse ] --START--
INFO: [ template_filter ] --START--
INFO: Run Behavior\ContentReplaceBehavior [ RunTime:0.000960s ]
INFO: [ template_filter ] --END-- [ RunTime:0.003104s ]
INFO: Run Behavior\ParseTemplateBehavior [ RunTime:0.048365s ]
INFO: [ view_parse ] --END-- [ RunTime:0.053854s ]
INFO: [ view_filter ] --START--
INFO: Run Behavior\WriteHtmlCacheBehavior [ RunTime:0.003097s ]
INFO: [ view_filter ] --END-- [ RunTime:0.005299s ]
INFO: [ app_end ] --START--
INFO: Run Behavior\ShowPageTraceBehavior [ RunTime:0.002848s ]
INFO: [ app_end ] --END-- [ RunTime:0.005122s ]

[ 2017-04-18T20:21:14+08:00 ] ::1 /stocktradingsystem/index.php/Home/Login/check_login
INFO: [ app_init ] --START--
INFO: Run Behavior\BuildLiteBehavior [ RunTime:0.001806s ]
INFO: [ app_init ] --END-- [ RunTime:0.067778s ]
INFO: [ app_begin ] --START--
INFO: Run Behavior\ReadHtmlCacheBehavior [ RunTime:0.029235s ]
INFO: [ app_begin ] --END-- [ RunTime:0.037338s ]
NOTIC: [8] A session had already been started - ignoring session_start() C:\xampp\htdocs\StockTradingSystem\Application\Home\Controller\LoginController.class.php 第 11 行.
SQL: SHOW COLUMNS FROM `stock_user` [ RunTime:0.0511s ]
NOTIC: [8] Undefined variable: condition C:\xampp\htdocs\StockTradingSystem\Application\Home\Controller\LoginController.class.php 第 14 行.
SQL: SELECT * FROM `stock_user` LIMIT 1   [ RunTime:0.0022s ]

[ 2017-04-18T20:21:15+08:00 ] ::1 /stocktradingsystem/index.php/Home/Index/index.html
INFO: [ app_init ] --START--
INFO: Run Behavior\BuildLiteBehavior [ RunTime:0.000763s ]
INFO: [ app_init ] --END-- [ RunTime:0.026543s ]
INFO: [ app_begin ] --START--
INFO: Run Behavior\ReadHtmlCacheBehavior [ RunTime:0.012012s ]
INFO: [ app_begin ] --END-- [ RunTime:0.030701s ]

[ 2017-04-18T20:21:15+08:00 ] ::1 /stocktradingsystem/index.php/Home/Login/login.html
INFO: [ app_init ] --START--
INFO: Run Behavior\BuildLiteBehavior [ RunTime:0.000661s ]
INFO: [ app_init ] --END-- [ RunTime:0.006720s ]
INFO: [ app_begin ] --START--
INFO: Run Behavior\ReadHtmlCacheBehavior [ RunTime:0.005304s ]
INFO: [ app_begin ] --END-- [ RunTime:0.008681s ]
INFO: [ view_parse ] --START--
INFO: [ template_filter ] --START--
INFO: Run Behavior\ContentReplaceBehavior [ RunTime:0.001599s ]
INFO: [ template_filter ] --END-- [ RunTime:0.004837s ]
INFO: Run Behavior\ParseTemplateBehavior [ RunTime:0.065249s ]
INFO: [ view_parse ] --END-- [ RunTime:0.069669s ]
INFO: [ view_filter ] --START--
INFO: Run Behavior\WriteHtmlCacheBehavior [ RunTime:0.003554s ]
INFO: [ view_filter ] --END-- [ RunTime:0.006867s ]
INFO: [ app_end ] --START--
INFO: Run Behavior\ShowPageTraceBehavior [ RunTime:0.004935s ]
INFO: [ app_end ] --END-- [ RunTime:0.007926s ]

[ 2017-04-18T20:22:06+08:00 ] ::1 /stocktradingsystem/index.php/Home/Login/check_login
INFO: [ app_init ] --START--
INFO: Run Behavior\BuildLiteBehavior [ RunTime:0.000597s ]
INFO: [ app_init ] --END-- [ RunTime:0.006373s ]
INFO: [ app_begin ] --START--
INFO: Run Behavior\ReadHtmlCacheBehavior [ RunTime:0.006231s ]
INFO: [ app_begin ] --END-- [ RunTime:0.010182s ]
NOTIC: [8] A session had already been started - ignoring session_start() C:\xampp\htdocs\StockTradingSystem\Application\Home\Controller\LoginController.class.php 第 11 行.
SQL: SHOW COLUMNS FROM `stock_user` [ RunTime:0.0158s ]
NOTIC: [8] Undefined index: username C:\xampp\htdocs\StockTradingSystem\Application\Home\Controller\LoginController.class.php 第 13 行.
NOTIC: [8] Undefined variable: condition C:\xampp\htdocs\StockTradingSystem\Application\Home\Controller\LoginController.class.php 第 14 行.
SQL: SELECT * FROM `stock_user` LIMIT 1   [ RunTime:0.0019s ]
NOTIC: [8] Undefined index: username C:\xampp\htdocs\StockTradingSystem\Application\Home\Controller\LoginController.class.php 第 21 行.

[ 2017-04-18T20:22:06+08:00 ] ::1 /stocktradingsystem/index.php/Home/Index/index.html
INFO: [ app_init ] --START--
INFO: Run Behavior\BuildLiteBehavior [ RunTime:0.000386s ]
INFO: [ app_init ] --END-- [ RunTime:0.003863s ]
INFO: [ app_begin ] --START--
INFO: Run Behavior\ReadHtmlCacheBehavior [ RunTime:0.003784s ]
INFO: [ app_begin ] --END-- [ RunTime:0.006328s ]

[ 2017-04-18T20:22:06+08:00 ] ::1 /stocktradingsystem/index.php/Home/Login/login.html
INFO: [ app_init ] --START--
INFO: Run Behavior\BuildLiteBehavior [ RunTime:0.000560s ]
INFO: [ app_init ] --END-- [ RunTime:0.004804s ]
INFO: [ app_begin ] --START--
INFO: Run Behavior\ReadHtmlCacheBehavior [ RunTime:0.003732s ]
INFO: [ app_begin ] --END-- [ RunTime:0.006705s ]
INFO: [ view_parse ] --START--
INFO: [ template_filter ] --START--
INFO: Run Behavior\ContentReplaceBehavior [ RunTime:0.001116s ]
INFO: [ template_filter ] --END-- [ RunTime:0.003786s ]
INFO: Run Behavior\ParseTemplateBehavior [ RunTime:0.044406s ]
INFO: [ view_parse ] --END-- [ RunTime:0.046481s ]
INFO: [ view_filter ] --START--
INFO: Run Behavior\WriteHtmlCacheBehavior [ RunTime:0.004362s ]
INFO: [ view_filter ] --END-- [ RunTime:0.007454s ]
INFO: [ app_end ] --START--
INFO: Run Behavior\ShowPageTraceBehavior [ RunTime:0.004205s ]
INFO: [ app_end ] --END-- [ RunTime:0.006274s ]

[ 2017-04-18T20:22:39+08:00 ] ::1 /stocktradingsystem/index.php/Home/Login/check_login
INFO: [ app_init ] --START--
INFO: Run Behavior\BuildLiteBehavior [ RunTime:0.009422s ]
INFO: [ app_init ] --END-- [ RunTime:0.035314s ]
INFO: [ app_begin ] --START--
INFO: Run Behavior\ReadHtmlCacheBehavior [ RunTime:0.014031s ]
INFO: [ app_begin ] --END-- [ RunTime:0.076469s ]
NOTIC: [8] A session had already been started - ignoring session_start() C:\xampp\htdocs\StockTradingSystem\Application\Home\Controller\LoginController.class.php 第 11 行.
SQL: SHOW COLUMNS FROM `stock_user` [ RunTime:0.0145s ]
NOTIC: [8] Undefined index: username C:\xampp\htdocs\StockTradingSystem\Application\Home\Controller\LoginController.class.php 第 13 行.
NOTIC: [8] Undefined variable: condition C:\xampp\htdocs\StockTradingSystem\Application\Home\Controller\LoginController.class.php 第 14 行.
SQL: SELECT * FROM `stock_user` LIMIT 1   [ RunTime:0.0012s ]
INFO: [ view_parse ] --START--
INFO: [ template_filter ] --START--
INFO: Run Behavior\ContentReplaceBehavior [ RunTime:0.001206s ]
INFO: [ template_filter ] --END-- [ RunTime:0.005230s ]
INFO: Run Behavior\ParseTemplateBehavior [ RunTime:0.051287s ]
INFO: [ view_parse ] --END-- [ RunTime:0.053953s ]
INFO: [ view_filter ] --START--
INFO: Run Behavior\WriteHtmlCacheBehavior [ RunTime:0.002384s ]
INFO: [ view_filter ] --END-- [ RunTime:0.004953s ]

[ 2017-04-18T20:22:47+08:00 ] ::1 /stocktradingsystem/index.php/Home/Login/check_login
INFO: [ app_init ] --START--
INFO: Run Behavior\BuildLiteBehavior [ RunTime:0.011275s ]
INFO: [ app_init ] --END-- [ RunTime:0.032708s ]
INFO: [ app_begin ] --START--
INFO: Run Behavior\ReadHtmlCacheBehavior [ RunTime:0.013964s ]
INFO: [ app_begin ] --END-- [ RunTime:0.030263s ]
NOTIC: [8] A session had already been started - ignoring session_start() C:\xampp\htdocs\StockTradingSystem\Application\Home\Controller\LoginController.class.php 第 11 行.
SQL: SHOW COLUMNS FROM `stock_user` [ RunTime:0.0158s ]
NOTIC: [8] Undefined index: username C:\xampp\htdocs\StockTradingSystem\Application\Home\Controller\LoginController.class.php 第 13 行.
NOTIC: [8] Undefined variable: condition C:\xampp\htdocs\StockTradingSystem\Application\Home\Controller\LoginController.class.php 第 14 行.
SQL: SELECT * FROM `stock_user` LIMIT 1   [ RunTime:0.0014s ]
NOTIC: [8] Undefined index: username C:\xampp\htdocs\StockTradingSystem\Application\Home\Controller\LoginController.class.php 第 21 行.
INFO: [ view_parse ] --START--
INFO: [ template_filter ] --START--
INFO: Run Behavior\ContentReplaceBehavior [ RunTime:0.001914s ]
INFO: [ template_filter ] --END-- [ RunTime:0.005116s ]
INFO: Run Behavior\ParseTemplateBehavior [ RunTime:0.072676s ]
INFO: [ view_parse ] --END-- [ RunTime:0.080516s ]
INFO: [ view_filter ] --START--
INFO: Run Behavior\WriteHtmlCacheBehavior [ RunTime:0.004920s ]
INFO: [ view_filter ] --END-- [ RunTime:0.009133s ]
INFO: [ app_end ] --START--
INFO: Run Behavior\ShowPageTraceBehavior [ RunTime:0.006835s ]
INFO: [ app_end ] --END-- [ RunTime:0.013444s ]

[ 2017-04-18T20:22:49+08:00 ] ::1 /stocktradingsystem/index.php/Home/Login/Index/index
INFO: [ app_init ] --START--
INFO: Run Behavior\BuildLiteBehavior [ RunTime:0.000561s ]
INFO: [ app_init ] --END-- [ RunTime:0.005024s ]
INFO: [ app_begin ] --START--
INFO: Run Behavior\ReadHtmlCacheBehavior [ RunTime:0.029707s ]
INFO: [ app_begin ] --END-- [ RunTime:0.060177s ]
ERR: 非法操作:Index

[ 2017-04-18T20:23:54+08:00 ] ::1 /stocktradingsystem/index.php/Home/Login/Index/index
INFO: [ app_init ] --START--
INFO: Run Behavior\BuildLiteBehavior [ RunTime:0.000436s ]
INFO: [ app_init ] --END-- [ RunTime:0.003784s ]
INFO: [ app_begin ] --START--
INFO: Run Behavior\ReadHtmlCacheBehavior [ RunTime:0.003448s ]
INFO: [ app_begin ] --END-- [ RunTime:0.006450s ]
ERR: 非法操作:Index

[ 2017-04-18T20:24:00+08:00 ] ::1 /stocktradingsystem/index.php/Home/Login/
INFO: [ app_init ] --START--
INFO: Run Behavior\BuildLiteBehavior [ RunTime:0.067086s ]
INFO: [ app_init ] --END-- [ RunTime:0.087037s ]
INFO: [ app_begin ] --START--
INFO: Run Behavior\ReadHtmlCacheBehavior [ RunTime:0.016651s ]
INFO: [ app_begin ] --END-- [ RunTime:0.032578s ]
ERR: 非法操作:index

[ 2017-04-18T20:24:05+08:00 ] ::1 /stocktradingsystem/index.php/Home/Login/login
INFO: [ app_init ] --START--
INFO: Run Behavior\BuildLiteBehavior [ RunTime:0.001014s ]
INFO: [ app_init ] --END-- [ RunTime:0.139377s ]
INFO: [ app_begin ] --START--
INFO: Run Behavior\ReadHtmlCacheBehavior [ RunTime:0.019441s ]
INFO: [ app_begin ] --END-- [ RunTime:0.030642s ]
INFO: [ view_parse ] --START--
INFO: [ template_filter ] --START--
INFO: Run Behavior\ContentReplaceBehavior [ RunTime:0.001984s ]
INFO: [ template_filter ] --END-- [ RunTime:0.058846s ]
INFO: Run Behavior\ParseTemplateBehavior [ RunTime:0.520248s ]
INFO: [ view_parse ] --END-- [ RunTime:0.534314s ]
INFO: [ view_filter ] --START--
INFO: Run Behavior\WriteHtmlCacheBehavior [ RunTime:0.058294s ]
INFO: [ view_filter ] --END-- [ RunTime:0.061313s ]
INFO: [ app_end ] --START--
INFO: Run Behavior\ShowPageTraceBehavior [ RunTime:0.020630s ]
INFO: [ app_end ] --END-- [ RunTime:0.038243s ]

[ 2017-04-18T20:24:12+08:00 ] ::1 /stocktradingsystem/index.php/Home/Login/check_login
INFO: [ app_init ] --START--
INFO: Run Behavior\BuildLiteBehavior [ RunTime:0.010357s ]
INFO: [ app_init ] --END-- [ RunTime:0.039466s ]
INFO: [ app_begin ] --START--
INFO: Run Behavior\ReadHtmlCacheBehavior [ RunTime:0.011006s ]
INFO: [ app_begin ] --END-- [ RunTime:0.015274s ]
NOTIC: [8] A session had already been started - ignoring session_start() C:\xampp\htdocs\StockTradingSystem\Application\Home\Controller\LoginController.class.php 第 11 行.
SQL: SHOW COLUMNS FROM `stock_user` [ RunTime:0.0133s ]
NOTIC: [8] Undefined index: username C:\xampp\htdocs\StockTradingSystem\Application\Home\Controller\LoginController.class.php 第 13 行.
NOTIC: [8] Undefined variable: condition C:\xampp\htdocs\StockTradingSystem\Application\Home\Controller\LoginController.class.php 第 14 行.
SQL: SELECT * FROM `stock_user` LIMIT 1   [ RunTime:0.0016s ]
NOTIC: [8] Undefined index: username C:\xampp\htdocs\StockTradingSystem\Application\Home\Controller\LoginController.class.php 第 21 行.

[ 2017-04-18T20:24:13+08:00 ] ::1 /stocktradingsystem/index.php/Home/Index/index.html
INFO: [ app_init ] --START--
INFO: Run Behavior\BuildLiteBehavior [ RunTime:0.000663s ]
INFO: [ app_init ] --END-- [ RunTime:0.004960s ]
INFO: [ app_begin ] --START--
INFO: Run Behavior\ReadHtmlCacheBehavior [ RunTime:0.003492s ]
INFO: [ app_begin ] --END-- [ RunTime:0.005959s ]

[ 2017-04-18T20:24:13+08:00 ] ::1 /stocktradingsystem/index.php/Home/Login/login.html
INFO: [ app_init ] --START--
INFO: Run Behavior\BuildLiteBehavior [ RunTime:0.002387s ]
INFO: [ app_init ] --END-- [ RunTime:0.025038s ]
INFO: [ app_begin ] --START--
INFO: Run Behavior\ReadHtmlCacheBehavior [ RunTime:0.003297s ]
INFO: [ app_begin ] --END-- [ RunTime:0.005568s ]
INFO: [ view_parse ] --START--
INFO: [ template_filter ] --START--
INFO: Run Behavior\ContentReplaceBehavior [ RunTime:0.000973s ]
INFO: [ template_filter ] --END-- [ RunTime:0.003132s ]
INFO: Run Behavior\ParseTemplateBehavior [ RunTime:0.051236s ]
INFO: [ view_parse ] --END-- [ RunTime:0.053093s ]
INFO: [ view_filter ] --START--
INFO: Run Behavior\WriteHtmlCacheBehavior [ RunTime:0.002557s ]
INFO: [ view_filter ] --END-- [ RunTime:0.004809s ]
INFO: [ app_end ] --START--
INFO: Run Behavior\ShowPageTraceBehavior [ RunTime:0.002746s ]
INFO: [ app_end ] --END-- [ RunTime:0.005353s ]

[ 2017-04-18T20:24:49+08:00 ] ::1 /stocktradingsystem/index.php/Home/Login/check_login
INFO: [ app_init ] --START--
INFO: Run Behavior\BuildLiteBehavior [ RunTime:0.002318s ]
INFO: [ app_init ] --END-- [ RunTime:0.076967s ]
INFO: [ app_begin ] --START--
INFO: Run Behavior\ReadHtmlCacheBehavior [ RunTime:0.129245s ]
INFO: [ app_begin ] --END-- [ RunTime:0.188135s ]
NOTIC: [8] A session had already been started - ignoring session_start() C:\xampp\htdocs\StockTradingSystem\Application\Home\Controller\LoginController.class.php 第 11 行.
SQL: SHOW COLUMNS FROM `stock_user` [ RunTime:0.0626s ]
NOTIC: [8] Undefined index: username C:\xampp\htdocs\StockTradingSystem\Application\Home\Controller\LoginController.class.php 第 13 行.
NOTIC: [8] Undefined variable: condition C:\xampp\htdocs\StockTradingSystem\Application\Home\Controller\LoginController.class.php 第 14 行.
SQL: SELECT * FROM `stock_user` LIMIT 1   [ RunTime:0.0016s ]
NOTIC: [8] Undefined index: username C:\xampp\htdocs\StockTradingSystem\Application\Home\Controller\LoginController.class.php 第 21 行.

[ 2017-04-18T20:24:49+08:00 ] ::1 /stocktradingsystem/index.php/Home/Index/index.html
INFO: [ app_init ] --START--
INFO: Run Behavior\BuildLiteBehavior [ RunTime:0.001067s ]
INFO: [ app_init ] --END-- [ RunTime:0.020726s ]
INFO: [ app_begin ] --START--
INFO: Run Behavior\ReadHtmlCacheBehavior [ RunTime:0.005741s ]
INFO: [ app_begin ] --END-- [ RunTime:0.008615s ]
INFO: [ view_parse ] --START--
INFO: [ template_filter ] --START--
INFO: Run Behavior\ContentReplaceBehavior [ RunTime:0.001356s ]
INFO: [ template_filter ] --END-- [ RunTime:0.005345s ]
INFO: Run Behavior\ParseTemplateBehavior [ RunTime:0.052189s ]
INFO: [ view_parse ] --END-- [ RunTime:0.054607s ]
INFO: [ view_filter ] --START--
INFO: Run Behavior\WriteHtmlCacheBehavior [ RunTime:0.002549s ]
INFO: [ view_filter ] --END-- [ RunTime:0.004680s ]
INFO: [ view_parse ] --START--
INFO: [ template_filter ] --START--
INFO: Run Behavior\ContentReplaceBehavior [ RunTime:0.001543s ]
INFO: [ template_filter ] --END-- [ RunTime:-0.072320s ]
NOTIC: [8] Undefined variable: username C:\xampp\htdocs\StockTradingSystem\Application\Runtime\Cache\Home\2a94b8bda04ff446dcedd42276fc99ee.php 第 25 行.
NOTIC: [8] Undefined variable: date C:\xampp\htdocs\StockTradingSystem\Application\Runtime\Cache\Home\2a94b8bda04ff446dcedd42276fc99ee.php 第 25 行.
NOTIC: [8] Undefined variable: course_info C:\xampp\htdocs\StockTradingSystem\Application\Runtime\Cache\Home\2a94b8bda04ff446dcedd42276fc99ee.php 第 59 行.
NOTIC: [8] Undefined variable: export C:\xampp\htdocs\StockTradingSystem\Application\Runtime\Cache\Home\2a94b8bda04ff446dcedd42276fc99ee.php 第 69 行.
INFO: Run Behavior\ParseTemplateBehavior [ RunTime:0.073348s ]
INFO: [ view_parse ] --END-- [ RunTime:-0.013547s ]
INFO: [ view_filter ] --START--
INFO: Run Behavior\WriteHtmlCacheBehavior [ RunTime:0.000476s ]
INFO: [ view_filter ] --END-- [ RunTime:-0.085787s ]
INFO: [ app_end ] --START--
INFO: Run Behavior\ShowPageTraceBehavior [ RunTime:0.004599s ]
INFO: [ app_end ] --END-- [ RunTime:0.006653s ]

[ 2017-04-18T20:26:44+08:00 ] ::1 /stocktradingsystem/index.php/Home/Index/admin_exit
INFO: [ app_init ] --START--
INFO: Run Behavior\BuildLiteBehavior [ RunTime:0.001625s ]
INFO: [ app_init ] --END-- [ RunTime:0.015562s ]
INFO: [ app_begin ] --START--
INFO: Run Behavior\ReadHtmlCacheBehavior [ RunTime:0.009011s ]
INFO: [ app_begin ] --END-- [ RunTime:0.013238s ]
INFO: [ view_parse ] --START--
INFO: Run Behavior\ParseTemplateBehavior [ RunTime:0.009946s ]
INFO: [ view_parse ] --END-- [ RunTime:0.013996s ]
INFO: [ view_filter ] --START--
INFO: Run Behavior\WriteHtmlCacheBehavior [ RunTime:0.026944s ]
INFO: [ view_filter ] --END-- [ RunTime:0.031056s ]
ERR: 非法操作:admin_exit

[ 2017-04-18T20:26:48+08:00 ] ::1 /stocktradingsystem/index.php/
INFO: [ app_init ] --START--
INFO: Run Behavior\BuildLiteBehavior [ RunTime:0.001631s ]
INFO: [ app_init ] --END-- [ RunTime:0.024443s ]
INFO: [ app_begin ] --START--
INFO: Run Behavior\ReadHtmlCacheBehavior [ RunTime:0.005698s ]
INFO: [ app_begin ] --END-- [ RunTime:0.009191s ]
INFO: [ view_parse ] --START--
INFO: Run Behavior\ParseTemplateBehavior [ RunTime:0.007645s ]
INFO: [ view_parse ] --END-- [ RunTime:0.011992s ]
INFO: [ view_filter ] --START--
INFO: Run Behavior\WriteHtmlCacheBehavior [ RunTime:0.003971s ]
INFO: [ view_filter ] --END-- [ RunTime:0.008202s ]
INFO: [ view_parse ] --START--
INFO: [ template_filter ] --START--
INFO: Run Behavior\ContentReplaceBehavior [ RunTime:0.001915s ]
INFO: [ template_filter ] --END-- [ RunTime:0.006976s ]
NOTIC: [8] Undefined variable: username C:\xampp\htdocs\StockTradingSystem\Application\Runtime\Cache\Home\2a94b8bda04ff446dcedd42276fc99ee.php 第 25 行.
NOTIC: [8] Undefined variable: date C:\xampp\htdocs\StockTradingSystem\Application\Runtime\Cache\Home\2a94b8bda04ff446dcedd42276fc99ee.php 第 25 行.
NOTIC: [8] Undefined variable: course_info C:\xampp\htdocs\StockTradingSystem\Application\Runtime\Cache\Home\2a94b8bda04ff446dcedd42276fc99ee.php 第 59 行.
NOTIC: [8] Undefined variable: export C:\xampp\htdocs\StockTradingSystem\Application\Runtime\Cache\Home\2a94b8bda04ff446dcedd42276fc99ee.php 第 69 行.
INFO: Run Behavior\ParseTemplateBehavior [ RunTime:0.115785s ]
INFO: [ view_parse ] --END-- [ RunTime:-0.020235s ]
INFO: [ view_filter ] --START--
INFO: Run Behavior\WriteHtmlCacheBehavior [ RunTime:0.000561s ]
INFO: [ view_filter ] --END-- [ RunTime:-0.129772s ]
INFO: [ app_end ] --START--
INFO: Run Behavior\ShowPageTraceBehavior [ RunTime:0.004341s ]
INFO: [ app_end ] --END-- [ RunTime:0.006451s ]

[ 2017-04-18T20:27:17+08:00 ] ::1 /stocktradingsystem/
INFO: [ app_init ] --START--
INFO: Run Behavior\BuildLiteBehavior [ RunTime:0.000679s ]
INFO: [ app_init ] --END-- [ RunTime:0.007466s ]
INFO: [ app_begin ] --START--
INFO: Run Behavior\ReadHtmlCacheBehavior [ RunTime:0.023584s ]
INFO: [ app_begin ] --END-- [ RunTime:0.037707s ]
INFO: [ view_parse ] --START--
INFO: Run Behavior\ParseTemplateBehavior [ RunTime:0.007246s ]
INFO: [ view_parse ] --END-- [ RunTime:0.012725s ]
INFO: [ view_filter ] --START--
INFO: Run Behavior\WriteHtmlCacheBehavior [ RunTime:0.004127s ]
INFO: [ view_filter ] --END-- [ RunTime:0.014831s ]
INFO: [ view_parse ] --START--
INFO: [ template_filter ] --START--
INFO: Run Behavior\ContentReplaceBehavior [ RunTime:0.001681s ]
INFO: [ template_filter ] --END-- [ RunTime:0.005574s ]
NOTIC: [8] Undefined variable: username C:\xampp\htdocs\StockTradingSystem\Application\Runtime\Cache\Home\2a94b8bda04ff446dcedd42276fc99ee.php 第 25 行.
NOTIC: [8] Undefined variable: date C:\xampp\htdocs\StockTradingSystem\Application\Runtime\Cache\Home\2a94b8bda04ff446dcedd42276fc99ee.php 第 25 行.
NOTIC: [8] Undefined variable: course_info C:\xampp\htdocs\StockTradingSystem\Application\Runtime\Cache\Home\2a94b8bda04ff446dcedd42276fc99ee.php 第 59 行.
NOTIC: [8] Undefined variable: export C:\xampp\htdocs\StockTradingSystem\Application\Runtime\Cache\Home\2a94b8bda04ff446dcedd42276fc99ee.php 第 69 行.
INFO: Run Behavior\ParseTemplateBehavior [ RunTime:0.115821s ]
INFO: [ view_parse ] --END-- [ RunTime:-0.026998s ]
INFO: [ view_filter ] --START--
INFO: Run Behavior\WriteHtmlCacheBehavior [ RunTime:0.000563s ]
INFO: [ view_filter ] --END-- [ RunTime:-0.130016s ]
INFO: [ app_end ] --START--
INFO: Run Behavior\ShowPageTraceBehavior [ RunTime:0.005442s ]
INFO: [ app_end ] --END-- [ RunTime:0.008786s ]

[ 2017-04-18T20:27:23+08:00 ] ::1 /stocktradingsystem/index.php/Home/Login/login
INFO: [ app_init ] --START--
INFO: Run Behavior\BuildLiteBehavior [ RunTime:0.000682s ]
INFO: [ app_init ] --END-- [ RunTime:0.014667s ]
INFO: [ app_begin ] --START--
INFO: Run Behavior\ReadHtmlCacheBehavior [ RunTime:0.010659s ]
INFO: [ app_begin ] --END-- [ RunTime:0.028912s ]
INFO: [ view_parse ] --START--
INFO: [ template_filter ] --START--
INFO: Run Behavior\ContentReplaceBehavior [ RunTime:0.001749s ]
INFO: [ template_filter ] --END-- [ RunTime:0.005411s ]
INFO: Run Behavior\ParseTemplateBehavior [ RunTime:0.092491s ]
INFO: [ view_parse ] --END-- [ RunTime:0.100681s ]
INFO: [ view_filter ] --START--
INFO: Run Behavior\WriteHtmlCacheBehavior [ RunTime:0.003750s ]
INFO: [ view_filter ] --END-- [ RunTime:0.007305s ]
INFO: [ app_end ] --START--
INFO: Run Behavior\ShowPageTraceBehavior [ RunTime:0.005218s ]
INFO: [ app_end ] --END-- [ RunTime:0.008889s ]

[ 2017-04-18T20:27:29+08:00 ] ::1 /stocktradingsystem/index.php/Home/Login/check_login
INFO: [ app_init ] --START--
INFO: Run Behavior\BuildLiteBehavior [ RunTime:0.000751s ]
INFO: [ app_init ] --END-- [ RunTime:0.021352s ]
INFO: [ app_begin ] --START--
INFO: Run Behavior\ReadHtmlCacheBehavior [ RunTime:0.007917s ]
INFO: [ app_begin ] --END-- [ RunTime:0.016624s ]
NOTIC: [8] A session had already been started - ignoring session_start() C:\xampp\htdocs\StockTradingSystem\Application\Home\Controller\LoginController.class.php 第 11 行.
SQL: SHOW COLUMNS FROM `stock_user` [ RunTime:0.0492s ]
NOTIC: [8] Undefined variable: condition C:\xampp\htdocs\StockTradingSystem\Application\Home\Controller\LoginController.class.php 第 14 行.
SQL: SELECT * FROM `stock_user` LIMIT 1   [ RunTime:0.0018s ]
INFO: [ view_parse ] --START--
INFO: [ template_filter ] --START--
INFO: Run Behavior\ContentReplaceBehavior [ RunTime:0.004052s ]
INFO: [ template_filter ] --END-- [ RunTime:0.010409s ]
INFO: Run Behavior\ParseTemplateBehavior [ RunTime:0.096984s ]
INFO: [ view_parse ] --END-- [ RunTime:0.100684s ]
INFO: [ view_filter ] --START--
INFO: Run Behavior\WriteHtmlCacheBehavior [ RunTime:0.005029s ]
INFO: [ view_filter ] --END-- [ RunTime:0.008794s ]
INFO: [ app_end ] --START--
INFO: Run Behavior\ShowPageTraceBehavior [ RunTime:0.006319s ]
INFO: [ app_end ] --END-- [ RunTime:0.010731s ]

[ 2017-04-18T20:27:30+08:00 ] ::1 /stocktradingsystem/index.php/Home/Index/index.html
INFO: [ app_init ] --START--
INFO: Run Behavior\BuildLiteBehavior [ RunTime:0.000547s ]
INFO: [ app_init ] --END-- [ RunTime:0.003741s ]
INFO: [ app_begin ] --START--
INFO: Run Behavior\ReadHtmlCacheBehavior [ RunTime:0.002590s ]
INFO: [ app_begin ] --END-- [ RunTime:0.004330s ]
INFO: [ view_parse ] --START--
INFO: [ template_filter ] --START--
INFO: Run Behavior\ContentReplaceBehavior [ RunTime:0.000782s ]
INFO: [ template_filter ] --END-- [ RunTime:0.002588s ]
NOTIC: [8] Undefined variable: username C:\xampp\htdocs\StockTradingSystem\Application\Runtime\Cache\Home\2a94b8bda04ff446dcedd42276fc99ee.php 第 25 行.
NOTIC: [8] Undefined variable: date C:\xampp\htdocs\StockTradingSystem\Application\Runtime\Cache\Home\2a94b8bda04ff446dcedd42276fc99ee.php 第 25 行.
NOTIC: [8] Undefined variable: course_info C:\xampp\htdocs\StockTradingSystem\Application\Runtime\Cache\Home\2a94b8bda04ff446dcedd42276fc99ee.php 第 59 行.
NOTIC: [8] Undefined variable: export C:\xampp\htdocs\StockTradingSystem\Application\Runtime\Cache\Home\2a94b8bda04ff446dcedd42276fc99ee.php 第 69 行.
INFO: Run Behavior\ParseTemplateBehavior [ RunTime:0.071848s ]
INFO: [ view_parse ] --END-- [ RunTime:0.074196s ]
INFO: [ view_filter ] --START--
INFO: Run Behavior\WriteHtmlCacheBehavior [ RunTime:0.001998s ]
INFO: [ view_filter ] --END-- [ RunTime:0.003546s ]
INFO: [ app_end ] --START--
INFO: Run Behavior\ShowPageTraceBehavior [ RunTime:0.002609s ]
INFO: [ app_end ] --END-- [ RunTime:0.005075s ]

[ 2017-04-18T20:30:45+08:00 ] ::1 /stocktradingsystem/index.php/Home/Index/index.html
INFO: [ app_init ] --START--
INFO: Run Behavior\BuildLiteBehavior [ RunTime:0.012929s ]
INFO: [ app_init ] --END-- [ RunTime:0.023865s ]
INFO: [ app_begin ] --START--
INFO: Run Behavior\ReadHtmlCacheBehavior [ RunTime:0.013063s ]
INFO: [ app_begin ] --END-- [ RunTime:0.017333s ]
INFO: [ view_parse ] --START--
INFO: [ template_filter ] --START--
INFO: Run Behavior\ContentReplaceBehavior [ RunTime:0.002237s ]
INFO: [ template_filter ] --END-- [ RunTime:0.005349s ]
NOTIC: [8] Undefined variable: username C:\xampp\htdocs\StockTradingSystem\Application\Runtime\Cache\Home\2a94b8bda04ff446dcedd42276fc99ee.php 第 25 行.
NOTIC: [8] Undefined variable: date C:\xampp\htdocs\StockTradingSystem\Application\Runtime\Cache\Home\2a94b8bda04ff446dcedd42276fc99ee.php 第 25 行.
NOTIC: [8] Undefined variable: course_info C:\xampp\htdocs\StockTradingSystem\Application\Runtime\Cache\Home\2a94b8bda04ff446dcedd42276fc99ee.php 第 59 行.
NOTIC: [8] Undefined variable: export C:\xampp\htdocs\StockTradingSystem\Application\Runtime\Cache\Home\2a94b8bda04ff446dcedd42276fc99ee.php 第 69 行.
INFO: Run Behavior\ParseTemplateBehavior [ RunTime:0.155759s ]
INFO: [ view_parse ] --END-- [ RunTime:0.160371s ]
INFO: [ view_filter ] --START--
INFO: Run Behavior\WriteHtmlCacheBehavior [ RunTime:0.002986s ]
INFO: [ view_filter ] --END-- [ RunTime:0.006040s ]
INFO: [ app_end ] --START--
INFO: Run Behavior\ShowPageTraceBehavior [ RunTime:0.004104s ]
INFO: [ app_end ] --END-- [ RunTime:0.007213s ]

