[ 2017-04-21T11:09:26+08:00 ] ::1 /stocktradingsystem/index.php/index.html
INFO: [ app_init ] --START--
INFO: Run Behavior\BuildLiteBehavior [ RunTime:0.000474s ]
INFO: [ app_init ] --END-- [ RunTime:0.004906s ]
ERR: 无法加载模块:Index

[ 2017-04-21T13:53:05+08:00 ] ::1 /stocktradingsystem/Public/fonts/fontawesome-webfont.woff2?v=4.6.3
INFO: [ app_init ] --START--
INFO: Run Behavior\BuildLiteBehavior [ RunTime:0.001635s ]
INFO: [ app_init ] --END-- [ RunTime:0.032044s ]
ERR: 无法加载模块:Public

[ 2017-04-21T13:53:05+08:00 ] ::1 /stocktradingsystem/Public/fonts/fontawesome-webfont.woff?v=4.6.3
INFO: [ app_init ] --START--
INFO: Run Behavior\BuildLiteBehavior [ RunTime:0.001108s ]
INFO: [ app_init ] --END-- [ RunTime:0.008655s ]
ERR: 无法加载模块:Public

[ 2017-04-21T13:53:06+08:00 ] ::1 /stocktradingsystem/Public/fonts/fontawesome-webfont.ttf?v=4.6.3
INFO: [ app_init ] --START--
INFO: Run Behavior\BuildLiteBehavior [ RunTime:0.000805s ]
INFO: [ app_init ] --END-- [ RunTime:0.031716s ]
ERR: 无法加载模块:Public

[ 2017-04-21T15:27:43+08:00 ] ::1 /stocktradingsystem/index.php/index.html
INFO: [ app_init ] --START--
INFO: Run Behavior\BuildLiteBehavior [ RunTime:0.000504s ]
INFO: [ app_init ] --END-- [ RunTime:0.005487s ]
ERR: 无法加载模块:Index

[ 2017-04-21T15:51:11+08:00 ] ::1 /stocktradingsystem/index.php/index2.html
INFO: [ app_init ] --START--
INFO: Run Behavior\BuildLiteBehavior [ RunTime:0.000479s ]
INFO: [ app_init ] --END-- [ RunTime:0.006104s ]
ERR: 无法加载模块:Index2

[ 2017-04-21T16:25:06+08:00 ] ::1 /stocktradingsystem/index.php/index2.html
INFO: [ app_init ] --START--
INFO: Run Behavior\BuildLiteBehavior [ RunTime:0.000492s ]
INFO: [ app_init ] --END-- [ RunTime:0.006003s ]
ERR: 无法加载模块:Index2

[ 2017-04-21T16:29:24+08:00 ] ::1 /stocktradingsystem/index.php/index2.html
INFO: [ app_init ] --START--
INFO: Run Behavior\BuildLiteBehavior [ RunTime:0.000816s ]
INFO: [ app_init ] --END-- [ RunTime:0.008439s ]
ERR: 无法加载模块:Index2

[ 2017-04-21T16:50:45+08:00 ] ::1 /stocktradingsystem/index.php/index2.html
INFO: [ app_init ] --START--
INFO: Run Behavior\BuildLiteBehavior [ RunTime:0.000473s ]
INFO: [ app_init ] --END-- [ RunTime:0.005013s ]
ERR: 无法加载模块:Index2

[ 2017-04-21T18:56:45+08:00 ] ::1 /stocktradingsystem/index.php/index.html
INFO: [ app_init ] --START--
INFO: Run Behavior\BuildLiteBehavior [ RunTime:0.000533s ]
INFO: [ app_init ] --END-- [ RunTime:0.005580s ]
ERR: 无法加载模块:Index

[ 2017-04-21T19:02:52+08:00 ] ::1 /stocktradingsystem/index.php/index2.html
INFO: [ app_init ] --START--
INFO: Run Behavior\BuildLiteBehavior [ RunTime:0.000986s ]
INFO: [ app_init ] --END-- [ RunTime:0.011664s ]
ERR: 无法加载模块:Index2

[ 2017-04-21T19:43:15+08:00 ] ::1 /stocktradingsystem/index.php/index2.html
INFO: [ app_init ] --START--
INFO: Run Behavior\BuildLiteBehavior [ RunTime:0.000561s ]
INFO: [ app_init ] --END-- [ RunTime:0.005308s ]
ERR: 无法加载模块:Index2

[ 2017-04-21T19:43:23+08:00 ] ::1 /stocktradingsystem/index.php/index2.html
INFO: [ app_init ] --START--
INFO: Run Behavior\BuildLiteBehavior [ RunTime:0.001896s ]
INFO: [ app_init ] --END-- [ RunTime:0.008327s ]
ERR: 无法加载模块:Index2

