[ 2017-06-18T14:08:24+08:00 ] ::1 /stocktradingsystem-3/Public/head.jpg
INFO: [ app_init ] --START--
INFO: Run Behavior\BuildLiteBehavior [ RunTime:0.000718s ]
INFO: [ app_init ] --END-- [ RunTime:0.007254s ]
ERR: 无法加载模块:Public

[ 2017-06-18T14:09:39+08:00 ] ::1 /stocktradingsystem-3/Public/head.jpg
INFO: [ app_init ] --START--
INFO: Run Behavior\BuildLiteBehavior [ RunTime:0.000934s ]
INFO: [ app_init ] --END-- [ RunTime:0.026472s ]
ERR: 无法加载模块:Public

[ 2017-06-18T14:09:48+08:00 ] ::1 /stocktradingsystem-3/Public/head.jpg
INFO: [ app_init ] --START--
INFO: Run Behavior\BuildLiteBehavior [ RunTime:0.000591s ]
INFO: [ app_init ] --END-- [ RunTime:0.007933s ]
ERR: 无法加载模块:Public

[ 2017-06-18T14:09:54+08:00 ] ::1 /stocktradingsystem-3/Public/head.jpg
INFO: [ app_init ] --START--
INFO: Run Behavior\BuildLiteBehavior [ RunTime:0.001604s ]
INFO: [ app_init ] --END-- [ RunTime:0.050640s ]
ERR: 无法加载模块:Public

[ 2017-06-18T14:11:28+08:00 ] ::1 /stocktradingsystem-3/Public/head.jpg
INFO: [ app_init ] --START--
INFO: Run Behavior\BuildLiteBehavior [ RunTime:0.000844s ]
INFO: [ app_init ] --END-- [ RunTime:0.074206s ]
ERR: 无法加载模块:Public

[ 2017-06-18T14:11:33+08:00 ] ::1 /stocktradingsystem-3/Public/head.jpg
INFO: [ app_init ] --START--
INFO: Run Behavior\BuildLiteBehavior [ RunTime:0.000726s ]
INFO: [ app_init ] --END-- [ RunTime:0.009223s ]
ERR: 无法加载模块:Public

